--------------- Build Started: 05/09/2017 17:44:47 Project: Design01, Configuration: ARM GCC 4.9-2015-q1-update Debug ---------------
cydsfit.exe -.appdatapath "C:\Users\sajibu\AppData\Local\Cypress Semiconductor\PSoC Creator\4.0" -.fdsnotice -.fdswarpdepfile=warp_dependencies.txt -.fdselabdepfile=elab_dependencies.txt -.fdsbldfile=generated_files.txt -.fdsreffile=referenced_files.txt -p "C:\Users\sajibu\Desktop\Proyectos PSoC\UART\Design01.cydsn\Design01.cyprj" -d CY8C5868AXI-LP035 -s "C:\Users\sajibu\Desktop\Proyectos PSoC\UART\Design01.cydsn\Generated_Source\PSoC5" -- -yv2 -q10 -ygs -o2 -v3 -.fftcfgtype=LE
Elaborating Design...
ADD: fit.M0032: warning: Clock Warning: (reloj1's accuracy range '5  Hz -55% +100%, (2.25  Hz - 10  Hz)' is not within the specified tolerance range '5  Hz +/- 5%, (4.75  Hz - 5.25  Hz)'.).
 * C:\Users\sajibu\Desktop\Proyectos PSoC\UART\Design01.cydsn\Design01.cydwr (reloj1)
 * C:\Users\sajibu\Desktop\Proyectos PSoC\UART\Design01.cydsn\TopDesign\TopDesign.cysch (Instance:reloj1)
HDL Generation...
Synthesis...
Tech Mapping...
ADD: pft.M0040: information: The following 2 pin(s) will be assigned a location by the fitter: \USBUART:Dm(0)\, \USBUART:Dp(0)\
Analog Placement...
Info: apr.M0002: Analog signal "\ADC:Net_35\" is connected to one terminal only. (App=cydsfit)
Analog Routing...
Analog Code Generation...
Digital Placement...
Digital Routing...
Bitstream Generation...
Bitstream Verification...
Static timing analysis...
API Generation...
Dependency Generation...
Cleanup...
arm-none-eabi-gcc.exe -mcpu=cortex-m3 -mthumb -I. -IGenerated_Source\PSoC5 -Wa,-alh=.\CortexM3\ARM_GCC_493\Debug/cyfitter_cfg.lst -g -D DEBUG -Wall -ffunction-sections -Og -ffat-lto-objects -c Generated_Source\PSoC5\cyfitter_cfg.c -o .\CortexM3\ARM_GCC_493\Debug\cyfitter_cfg.o
arm-none-eabi-ar.exe -rs .\CortexM3\ARM_GCC_493\Debug\Design01.a .\CortexM3\ARM_GCC_493\Debug\cyfitter_cfg.o .\CortexM3\ARM_GCC_493\Debug\timer_clock.o .\CortexM3\ARM_GCC_493\Debug\Timer.o .\CortexM3\ARM_GCC_493\Debug\Timer_PM.o .\CortexM3\ARM_GCC_493\Debug\START.o .\CortexM3\ARM_GCC_493\Debug\ADC_IN.o .\CortexM3\ARM_GCC_493\Debug\ADC.o .\CortexM3\ARM_GCC_493\Debug\ADC_PM.o .\CortexM3\ARM_GCC_493\Debug\ADC_INT.o .\CortexM3\ARM_GCC_493\Debug\isr_10.o .\CortexM3\ARM_GCC_493\Debug\ADC_AMux.o .\CortexM3\ARM_GCC_493\Debug\ADC_Ext_CP_Clk.o .\CortexM3\ARM_GCC_493\Debug\ADC_IRQ.o .\CortexM3\ARM_GCC_493\Debug\ADC_theACLK.o .\CortexM3\ARM_GCC_493\Debug\CyDmac.o .\CortexM3\ARM_GCC_493\Debug\CyFlash.o .\CortexM3\ARM_GCC_493\Debug\CyLib.o .\CortexM3\ARM_GCC_493\Debug\cyPm.o .\CortexM3\ARM_GCC_493\Debug\CySpc.o .\CortexM3\ARM_GCC_493\Debug\cyutils.o .\CortexM3\ARM_GCC_493\Debug\LCD.o .\CortexM3\ARM_GCC_493\Debug\LCD_PM.o .\CortexM3\ARM_GCC_493\Debug\LCD_LCDPort.o .\CortexM3\ARM_GCC_493\Debug\UART.o .\CortexM3\ARM_GCC_493\Debug\UART_PM.o .\CortexM3\ARM_GCC_493\Debug\UART_INT.o .\CortexM3\ARM_GCC_493\Debug\UART_BOOT.o .\CortexM3\ARM_GCC_493\Debug\UART_IntClock.o .\CortexM3\ARM_GCC_493\Debug\Timer2.o .\CortexM3\ARM_GCC_493\Debug\Timer2_PM.o .\CortexM3\ARM_GCC_493\Debug\Trigger.o .\CortexM3\ARM_GCC_493\Debug\Trigger_out.o .\CortexM3\ARM_GCC_493\Debug\Trigger_out_PM.o .\CortexM3\ARM_GCC_493\Debug\echo.o .\CortexM3\ARM_GCC_493\Debug\In1.o .\CortexM3\ARM_GCC_493\Debug\In0.o .\CortexM3\ARM_GCC_493\Debug\enable.o .\CortexM3\ARM_GCC_493\Debug\USBUART.o .\CortexM3\ARM_GCC_493\Debug\USBUART_audio.o .\CortexM3\ARM_GCC_493\Debug\USBUART_boot.o .\CortexM3\ARM_GCC_493\Debug\USBUART_cdc.o .\CortexM3\ARM_GCC_493\Debug\USBUART_cls.o .\CortexM3\ARM_GCC_493\Debug\USBUART_descr.o .\CortexM3\ARM_GCC_493\Debug\USBUART_drv.o .\CortexM3\ARM_GCC_493\Debug\USBUART_episr.o .\CortexM3\ARM_GCC_493\Debug\USBUART_hid.o .\CortexM3\ARM_GCC_493\Debug\USBUART_pm.o .\CortexM3\ARM_GCC_493\Debug\USBUART_std.o .\CortexM3\ARM_GCC_493\Debug\USBUART_vnd.o .\CortexM3\ARM_GCC_493\Debug\USBUART_midi.o .\CortexM3\ARM_GCC_493\Debug\USBUART_msc.o .\CortexM3\ARM_GCC_493\Debug\USBUART_Dm.o .\CortexM3\ARM_GCC_493\Debug\USBUART_Dp.o .\CortexM3\ARM_GCC_493\Debug\reloj1.o .\CortexM3\ARM_GCC_493\Debug\Timer3.o .\CortexM3\ARM_GCC_493\Debug\Timer3_PM.o .\CortexM3\ARM_GCC_493\Debug\EnableTimer3.o .\CortexM3\ARM_GCC_493\Debug\EnableTimer3_PM.o .\CortexM3\ARM_GCC_493\Debug\ResetTimer3.o .\CortexM3\ARM_GCC_493\Debug\ResetTimer3_PM.o .\CortexM3\ARM_GCC_493\Debug\CyBootAsmGnu.o
arm-none-eabi-ar.exe: creating .\CortexM3\ARM_GCC_493\Debug\Design01.a
arm-none-eabi-gcc.exe -Wl,--start-group -o .\CortexM3\ARM_GCC_493\Debug\Design01.elf .\CortexM3\ARM_GCC_493\Debug\main.o .\CortexM3\ARM_GCC_493\Debug\cymetadata.o .\CortexM3\ARM_GCC_493\Debug\Cm3Start.o .\CortexM3\ARM_GCC_493\Debug\Design01.a "C:\Program Files (x86)\Cypress\PSoC Creator\4.0\PSoC Creator\psoc\content\cycomponentlibrary\CyComponentLibrary.cylib\CortexM3\ARM_GCC_493\Debug\CyComponentLibrary.a" -mcpu=cortex-m3 -mthumb -g -ffunction-sections -Og -ffat-lto-objects -L Generated_Source\PSoC5 -Wl,-Map,.\CortexM3\ARM_GCC_493\Debug/Design01.map -T "C:\Users\sajibu\Desktop\Proyectos PSoC\UART\Design01.cydsn\Generated_Source\PSoC5\cm3gcc.ld" -specs=nano.specs -u _printf_float -Wl,--gc-sections -Wl,--end-group
cyelftool.exe -C "C:\Users\sajibu\Desktop\Proyectos PSoC\UART\Design01.cydsn\CortexM3\ARM_GCC_493\Debug\Design01.elf" --flash_row_size 256 --flash_size 262144
cyelftool.exe -S "C:\Users\sajibu\Desktop\Proyectos PSoC\UART\Design01.cydsn\CortexM3\ARM_GCC_493\Debug\Design01.elf"
Flash used: 17812 of 262144 bytes (6.8 %).
SRAM used: 3141 of 65536 bytes (4.8 %). Stack: 2048 bytes. Heap: 512 bytes.
--------------- Build Succeeded: 05/09/2017 17:45:01 ---------------
