ARM GAS  C:\Users\DANIEL~1\AppData\Local\Temp\cc4q42DJ.s 			page 1


   1              		.syntax unified
   2              		.cpu cortex-m3
   3              		.fpu softvfp
   4              		.eabi_attribute 20, 1
   5              		.eabi_attribute 21, 1
   6              		.eabi_attribute 23, 3
   7              		.eabi_attribute 24, 1
   8              		.eabi_attribute 25, 1
   9              		.eabi_attribute 26, 1
  10              		.eabi_attribute 30, 1
  11              		.eabi_attribute 34, 1
  12              		.eabi_attribute 18, 4
  13              		.thumb
  14              		.file	"cymetadata.c"
  15              		.text
  16              	.Ltext0:
  17              		.cfi_sections	.debug_frame
  18              		.global	cy_metadata
  19              		.global	cy_meta_flashprotect
  20              		.global	cy_meta_wonvl
  21              		.global	cy_meta_custnvl
  22              		.global	cy_meta_configecc
  23              		.section	.cyconfigecc,"a",%progbits
  24              		.align	2
  25              		.type	cy_meta_configecc, %object
  26              		.size	cy_meta_configecc, 1560
  27              	cy_meta_configecc:
  28 0000 01       		.byte	1
  29 0001 45       		.byte	69
  30 0002 00       		.byte	0
  31 0003 40       		.byte	64
  32 0004 04       		.byte	4
  33 0005 4F       		.byte	79
  34 0006 00       		.byte	0
  35 0007 40       		.byte	64
  36 0008 07       		.byte	7
  37 0009 52       		.byte	82
  38 000a 00       		.byte	0
  39 000b 40       		.byte	64
  40 000c 04       		.byte	4
  41 000d 64       		.byte	100
  42 000e 00       		.byte	0
  43 000f 40       		.byte	64
  44 0010 01       		.byte	1
  45 0011 01       		.byte	1
  46 0012 01       		.byte	1
  47 0013 40       		.byte	64
  48 0014 03       		.byte	3
  49 0015 07       		.byte	7
  50 0016 01       		.byte	1
  51 0017 40       		.byte	64
  52 0018 61       		.byte	97
  53 0019 08       		.byte	8
  54 001a 01       		.byte	1
  55 001b 40       		.byte	64
  56 001c 41       		.byte	65
  57 001d 09       		.byte	9
ARM GAS  C:\Users\DANIEL~1\AppData\Local\Temp\cc4q42DJ.s 			page 2


  58 001e 01       		.byte	1
  59 001f 40       		.byte	64
  60 0020 4F       		.byte	79
  61 0021 0A       		.byte	10
  62 0022 01       		.byte	1
  63 0023 40       		.byte	64
  64 0024 40       		.byte	64
  65 0025 0B       		.byte	11
  66 0026 01       		.byte	1
  67 0027 40       		.byte	64
  68 0028 3A       		.byte	58
  69 0029 0C       		.byte	12
  70 002a 01       		.byte	1
  71 002b 40       		.byte	64
  72 002c 42       		.byte	66
  73 002d 0D       		.byte	13
  74 002e 01       		.byte	1
  75 002f 40       		.byte	64
  76 0030 57       		.byte	87
  77 0031 0E       		.byte	14
  78 0032 01       		.byte	1
  79 0033 40       		.byte	64
  80 0034 31       		.byte	49
  81 0035 0F       		.byte	15
  82 0036 01       		.byte	1
  83 0037 40       		.byte	64
  84 0038 01       		.byte	1
  85 0039 15       		.byte	21
  86 003a 01       		.byte	1
  87 003b 40       		.byte	64
  88 003c 03       		.byte	3
  89 003d 17       		.byte	23
  90 003e 01       		.byte	1
  91 003f 40       		.byte	64
  92 0040 04       		.byte	4
  93 0041 19       		.byte	25
  94 0042 01       		.byte	1
  95 0043 40       		.byte	64
  96 0044 02       		.byte	2
  97 0045 1B       		.byte	27
  98 0046 01       		.byte	1
  99 0047 40       		.byte	64
 100 0048 05       		.byte	5
 101 0049 40       		.byte	64
 102 004a 01       		.byte	1
 103 004b 40       		.byte	64
 104 004c 04       		.byte	4
 105 004d 41       		.byte	65
 106 004e 01       		.byte	1
 107 004f 40       		.byte	64
 108 0050 09       		.byte	9
 109 0051 42       		.byte	66
 110 0052 01       		.byte	1
 111 0053 40       		.byte	64
 112 0054 0B       		.byte	11
 113 0055 43       		.byte	67
 114 0056 01       		.byte	1
ARM GAS  C:\Users\DANIEL~1\AppData\Local\Temp\cc4q42DJ.s 			page 3


 115 0057 40       		.byte	64
 116 0058 08       		.byte	8
 117 0059 44       		.byte	68
 118 005a 01       		.byte	1
 119 005b 40       		.byte	64
 120 005c 04       		.byte	4
 121 005d 45       		.byte	69
 122 005e 01       		.byte	1
 123 005f 40       		.byte	64
 124 0060 04       		.byte	4
 125 0061 46       		.byte	70
 126 0062 01       		.byte	1
 127 0063 40       		.byte	64
 128 0064 0D       		.byte	13
 129 0065 47       		.byte	71
 130 0066 01       		.byte	1
 131 0067 40       		.byte	64
 132 0068 0A       		.byte	10
 133 0069 48       		.byte	72
 134 006a 01       		.byte	1
 135 006b 40       		.byte	64
 136 006c 01       		.byte	1
 137 006d 49       		.byte	73
 138 006e 01       		.byte	1
 139 006f 40       		.byte	64
 140 0070 0B       		.byte	11
 141 0071 4C       		.byte	76
 142 0072 01       		.byte	1
 143 0073 40       		.byte	64
 144 0074 0B       		.byte	11
 145 0075 4D       		.byte	77
 146 0076 01       		.byte	1
 147 0077 40       		.byte	64
 148 0078 03       		.byte	3
 149 0079 50       		.byte	80
 150 007a 01       		.byte	1
 151 007b 40       		.byte	64
 152 007c 01       		.byte	1
 153 007d 51       		.byte	81
 154 007e 01       		.byte	1
 155 007f 40       		.byte	64
 156 0080 7E       		.byte	126
 157 0081 02       		.byte	2
 158 0082 01       		.byte	1
 159 0083 30       		.byte	48
 160 0084 0A       		.byte	10
 161 0085 4B       		.byte	75
 162 0086 0D       		.byte	13
 163 0087 10       		.byte	16
 164 0088 16       		.byte	22
 165 0089 B1       		.byte	-79
 166 008a 09       		.byte	9
 167 008b 40       		.byte	64
 168 008c 28       		.byte	40
 169 008d 04       		.byte	4
 170 008e 29       		.byte	41
 171 008f 40       		.byte	64
ARM GAS  C:\Users\DANIEL~1\AppData\Local\Temp\cc4q42DJ.s 			page 4


 172 0090 30       		.byte	48
 173 0091 01       		.byte	1
 174 0092 31       		.byte	49
 175 0093 01       		.byte	1
 176 0094 34       		.byte	52
 177 0095 40       		.byte	64
 178 0096 7C       		.byte	124
 179 0097 40       		.byte	64
 180 0098 8A       		.byte	-118
 181 0099 0D       		.byte	13
 182 009a 8B       		.byte	-117
 183 009b 38       		.byte	56
 184 009c 8C       		.byte	-116
 185 009d 72       		.byte	114
 186 009e 8F       		.byte	-113
 187 009f 0F       		.byte	15
 188 00a0 E2       		.byte	-30
 189 00a1 08       		.byte	8
 190 00a2 E6       		.byte	-26
 191 00a3 20       		.byte	32
 192 00a4 EC       		.byte	-20
 193 00a5 48       		.byte	72
 194 00a6 EE       		.byte	-18
 195 00a7 04       		.byte	4
 196 00a8 09       		.byte	9
 197 00a9 0A       		.byte	10
 198 00aa 0A       		.byte	10
 199 00ab 01       		.byte	1
 200 00ac 0B       		.byte	11
 201 00ad 04       		.byte	4
 202 00ae 0D       		.byte	13
 203 00af 03       		.byte	3
 204 00b0 0F       		.byte	15
 205 00b1 04       		.byte	4
 206 00b2 14       		.byte	20
 207 00b3 02       		.byte	2
 208 00b4 15       		.byte	21
 209 00b5 03       		.byte	3
 210 00b6 17       		.byte	23
 211 00b7 0C       		.byte	12
 212 00b8 19       		.byte	25
 213 00b9 03       		.byte	3
 214 00ba 1B       		.byte	27
 215 00bb 04       		.byte	4
 216 00bc 23       		.byte	35
 217 00bd 08       		.byte	8
 218 00be 24       		.byte	36
 219 00bf 01       		.byte	1
 220 00c0 28       		.byte	40
 221 00c1 01       		.byte	1
 222 00c2 2B       		.byte	43
 223 00c3 05       		.byte	5
 224 00c4 35       		.byte	53
 225 00c5 0F       		.byte	15
 226 00c6 36       		.byte	54
 227 00c7 03       		.byte	3
 228 00c8 38       		.byte	56
ARM GAS  C:\Users\DANIEL~1\AppData\Local\Temp\cc4q42DJ.s 			page 5


 229 00c9 80       		.byte	-128
 230 00ca 3B       		.byte	59
 231 00cb 20       		.byte	32
 232 00cc 40       		.byte	64
 233 00cd 46       		.byte	70
 234 00ce 49       		.byte	73
 235 00cf FF       		.byte	-1
 236 00d0 4A       		.byte	74
 237 00d1 FF       		.byte	-1
 238 00d2 4B       		.byte	75
 239 00d3 FF       		.byte	-1
 240 00d4 4F       		.byte	79
 241 00d5 01       		.byte	1
 242 00d6 50       		.byte	80
 243 00d7 18       		.byte	24
 244 00d8 52       		.byte	82
 245 00d9 80       		.byte	-128
 246 00da 58       		.byte	88
 247 00db 04       		.byte	4
 248 00dc 59       		.byte	89
 249 00dd 04       		.byte	4
 250 00de 5A       		.byte	90
 251 00df 04       		.byte	4
 252 00e0 5B       		.byte	91
 253 00e1 04       		.byte	4
 254 00e2 5C       		.byte	92
 255 00e3 22       		.byte	34
 256 00e4 5D       		.byte	93
 257 00e5 11       		.byte	17
 258 00e6 5F       		.byte	95
 259 00e7 01       		.byte	1
 260 00e8 60       		.byte	96
 261 00e9 40       		.byte	64
 262 00ea 62       		.byte	98
 263 00eb 40       		.byte	64
 264 00ec 64       		.byte	100
 265 00ed 40       		.byte	64
 266 00ee 65       		.byte	101
 267 00ef 40       		.byte	64
 268 00f0 66       		.byte	102
 269 00f1 80       		.byte	-128
 270 00f2 68       		.byte	104
 271 00f3 80       		.byte	-128
 272 00f4 6A       		.byte	106
 273 00f5 80       		.byte	-128
 274 00f6 6C       		.byte	108
 275 00f7 80       		.byte	-128
 276 00f8 6E       		.byte	110
 277 00f9 80       		.byte	-128
 278 00fa 82       		.byte	-126
 279 00fb 20       		.byte	32
 280 00fc 84       		.byte	-124
 281 00fd 04       		.byte	4
 282 00fe 85       		.byte	-123
 283 00ff 18       		.byte	24
 284 0100 86       		.byte	-122
 285 0101 38       		.byte	56
ARM GAS  C:\Users\DANIEL~1\AppData\Local\Temp\cc4q42DJ.s 			page 6


 286 0102 87       		.byte	-121
 287 0103 22       		.byte	34
 288 0104 88       		.byte	-120
 289 0105 30       		.byte	48
 290 0106 8A       		.byte	-118
 291 0107 0C       		.byte	12
 292 0108 8B       		.byte	-117
 293 0109 06       		.byte	6
 294 010a 8F       		.byte	-113
 295 010b 01       		.byte	1
 296 010c 92       		.byte	-110
 297 010d 30       		.byte	48
 298 010e 96       		.byte	-106
 299 010f 0C       		.byte	12
 300 0110 97       		.byte	-105
 301 0111 01       		.byte	1
 302 0112 98       		.byte	-104
 303 0113 02       		.byte	2
 304 0114 99       		.byte	-103
 305 0115 20       		.byte	32
 306 0116 9B       		.byte	-101
 307 0117 18       		.byte	24
 308 0118 A1       		.byte	-95
 309 0119 20       		.byte	32
 310 011a A4       		.byte	-92
 311 011b 04       		.byte	4
 312 011c A5       		.byte	-91
 313 011d 38       		.byte	56
 314 011e A6       		.byte	-90
 315 011f 18       		.byte	24
 316 0120 A7       		.byte	-89
 317 0121 04       		.byte	4
 318 0122 A8       		.byte	-88
 319 0123 01       		.byte	1
 320 0124 A9       		.byte	-87
 321 0125 28       		.byte	40
 322 0126 AD       		.byte	-83
 323 0127 12       		.byte	18
 324 0128 AF       		.byte	-81
 325 0129 20       		.byte	32
 326 012a B0       		.byte	-80
 327 012b 01       		.byte	1
 328 012c B2       		.byte	-78
 329 012d 3C       		.byte	60
 330 012e B4       		.byte	-76
 331 012f 02       		.byte	2
 332 0130 B5       		.byte	-75
 333 0131 3E       		.byte	62
 334 0132 B7       		.byte	-73
 335 0133 01       		.byte	1
 336 0134 BA       		.byte	-70
 337 0135 08       		.byte	8
 338 0136 BE       		.byte	-66
 339 0137 11       		.byte	17
 340 0138 BF       		.byte	-65
 341 0139 40       		.byte	64
 342 013a C0       		.byte	-64
ARM GAS  C:\Users\DANIEL~1\AppData\Local\Temp\cc4q42DJ.s 			page 7


 343 013b 46       		.byte	70
 344 013c C9       		.byte	-55
 345 013d FF       		.byte	-1
 346 013e CA       		.byte	-54
 347 013f FF       		.byte	-1
 348 0140 CB       		.byte	-53
 349 0141 FF       		.byte	-1
 350 0142 CD       		.byte	-51
 351 0143 83       		.byte	-125
 352 0144 CE       		.byte	-50
 353 0145 03       		.byte	3
 354 0146 CF       		.byte	-49
 355 0147 01       		.byte	1
 356 0148 D0       		.byte	-48
 357 0149 18       		.byte	24
 358 014a D8       		.byte	-40
 359 014b 04       		.byte	4
 360 014c D9       		.byte	-39
 361 014d 04       		.byte	4
 362 014e DA       		.byte	-38
 363 014f 04       		.byte	4
 364 0150 DB       		.byte	-37
 365 0151 04       		.byte	4
 366 0152 DC       		.byte	-36
 367 0153 22       		.byte	34
 368 0154 DD       		.byte	-35
 369 0155 01       		.byte	1
 370 0156 DF       		.byte	-33
 371 0157 01       		.byte	1
 372 0158 E0       		.byte	-32
 373 0159 40       		.byte	64
 374 015a E2       		.byte	-30
 375 015b 40       		.byte	64
 376 015c E4       		.byte	-28
 377 015d 40       		.byte	64
 378 015e E5       		.byte	-27
 379 015f 40       		.byte	64
 380 0160 E6       		.byte	-26
 381 0161 80       		.byte	-128
 382 0162 E8       		.byte	-24
 383 0163 80       		.byte	-128
 384 0164 EA       		.byte	-22
 385 0165 80       		.byte	-128
 386 0166 EC       		.byte	-20
 387 0167 80       		.byte	-128
 388 0168 EE       		.byte	-18
 389 0169 80       		.byte	-128
 390 016a 00       		.byte	0
 391 016b 10       		.byte	16
 392 016c 01       		.byte	1
 393 016d 02       		.byte	2
 394 016e 03       		.byte	3
 395 016f 10       		.byte	16
 396 0170 04       		.byte	4
 397 0171 10       		.byte	16
 398 0172 08       		.byte	8
 399 0173 04       		.byte	4
ARM GAS  C:\Users\DANIEL~1\AppData\Local\Temp\cc4q42DJ.s 			page 8


 400 0174 0B       		.byte	11
 401 0175 84       		.byte	-124
 402 0176 0C       		.byte	12
 403 0177 08       		.byte	8
 404 0178 11       		.byte	17
 405 0179 10       		.byte	16
 406 017a 12       		.byte	18
 407 017b 20       		.byte	32
 408 017c 16       		.byte	22
 409 017d 04       		.byte	4
 410 017e 17       		.byte	23
 411 017f 14       		.byte	20
 412 0180 18       		.byte	24
 413 0181 50       		.byte	80
 414 0182 19       		.byte	25
 415 0183 04       		.byte	4
 416 0184 1B       		.byte	27
 417 0185 20       		.byte	32
 418 0186 1D       		.byte	29
 419 0187 40       		.byte	64
 420 0188 1F       		.byte	31
 421 0189 40       		.byte	64
 422 018a 21       		.byte	33
 423 018b 10       		.byte	16
 424 018c 22       		.byte	34
 425 018d 40       		.byte	64
 426 018e 23       		.byte	35
 427 018f 04       		.byte	4
 428 0190 26       		.byte	38
 429 0191 20       		.byte	32
 430 0192 27       		.byte	39
 431 0193 04       		.byte	4
 432 0194 29       		.byte	41
 433 0195 46       		.byte	70
 434 0196 2B       		.byte	43
 435 0197 08       		.byte	8
 436 0198 2C       		.byte	44
 437 0199 0C       		.byte	12
 438 019a 2F       		.byte	47
 439 019b 40       		.byte	64
 440 019c 32       		.byte	50
 441 019d 24       		.byte	36
 442 019e 37       		.byte	55
 443 019f 14       		.byte	20
 444 01a0 39       		.byte	57
 445 01a1 20       		.byte	32
 446 01a2 3A       		.byte	58
 447 01a3 44       		.byte	68
 448 01a4 3C       		.byte	60
 449 01a5 10       		.byte	16
 450 01a6 3F       		.byte	63
 451 01a7 80       		.byte	-128
 452 01a8 42       		.byte	66
 453 01a9 80       		.byte	-128
 454 01aa 46       		.byte	70
 455 01ab 40       		.byte	64
 456 01ac 49       		.byte	73
ARM GAS  C:\Users\DANIEL~1\AppData\Local\Temp\cc4q42DJ.s 			page 9


 457 01ad 20       		.byte	32
 458 01ae 4C       		.byte	76
 459 01af 04       		.byte	4
 460 01b0 4D       		.byte	77
 461 01b1 20       		.byte	32
 462 01b2 4E       		.byte	78
 463 01b3 04       		.byte	4
 464 01b4 6B       		.byte	107
 465 01b5 01       		.byte	1
 466 01b6 76       		.byte	118
 467 01b7 C0       		.byte	-64
 468 01b8 87       		.byte	-121
 469 01b9 20       		.byte	32
 470 01ba 8B       		.byte	-117
 471 01bb 01       		.byte	1
 472 01bc 90       		.byte	-112
 473 01bd 08       		.byte	8
 474 01be 91       		.byte	-111
 475 01bf 10       		.byte	16
 476 01c0 94       		.byte	-108
 477 01c1 10       		.byte	16
 478 01c2 96       		.byte	-106
 479 01c3 80       		.byte	-128
 480 01c4 97       		.byte	-105
 481 01c5 80       		.byte	-128
 482 01c6 99       		.byte	-103
 483 01c7 02       		.byte	2
 484 01c8 9A       		.byte	-102
 485 01c9 04       		.byte	4
 486 01ca 9E       		.byte	-98
 487 01cb 80       		.byte	-128
 488 01cc A0       		.byte	-96
 489 01cd 08       		.byte	8
 490 01ce A3       		.byte	-93
 491 01cf 48       		.byte	72
 492 01d0 A6       		.byte	-90
 493 01d1 20       		.byte	32
 494 01d2 AA       		.byte	-86
 495 01d3 80       		.byte	-128
 496 01d4 AD       		.byte	-83
 497 01d5 10       		.byte	16
 498 01d6 C0       		.byte	-64
 499 01d7 4E       		.byte	78
 500 01d8 C2       		.byte	-62
 501 01d9 2E       		.byte	46
 502 01da C4       		.byte	-60
 503 01db 66       		.byte	102
 504 01dc CA       		.byte	-54
 505 01dd AF       		.byte	-81
 506 01de CC       		.byte	-52
 507 01df 66       		.byte	102
 508 01e0 CE       		.byte	-50
 509 01e1 3E       		.byte	62
 510 01e2 D0       		.byte	-48
 511 01e3 81       		.byte	-127
 512 01e4 D2       		.byte	-46
 513 01e5 24       		.byte	36
ARM GAS  C:\Users\DANIEL~1\AppData\Local\Temp\cc4q42DJ.s 			page 10


 514 01e6 E4       		.byte	-28
 515 01e7 08       		.byte	8
 516 01e8 E6       		.byte	-26
 517 01e9 20       		.byte	32
 518 01ea EC       		.byte	-20
 519 01eb 40       		.byte	64
 520 01ec 07       		.byte	7
 521 01ed 01       		.byte	1
 522 01ee 2F       		.byte	47
 523 01ef 01       		.byte	1
 524 01f0 37       		.byte	55
 525 01f1 01       		.byte	1
 526 01f2 40       		.byte	64
 527 01f3 43       		.byte	67
 528 01f4 45       		.byte	69
 529 01f5 EC       		.byte	-20
 530 01f6 47       		.byte	71
 531 01f7 02       		.byte	2
 532 01f8 48       		.byte	72
 533 01f9 13       		.byte	19
 534 01fa 49       		.byte	73
 535 01fb FF       		.byte	-1
 536 01fc 4A       		.byte	74
 537 01fd FF       		.byte	-1
 538 01fe 4B       		.byte	75
 539 01ff FF       		.byte	-1
 540 0200 4D       		.byte	77
 541 0201 83       		.byte	-125
 542 0202 4E       		.byte	78
 543 0203 03       		.byte	3
 544 0204 4F       		.byte	79
 545 0205 01       		.byte	1
 546 0206 50       		.byte	80
 547 0207 18       		.byte	24
 548 0208 54       		.byte	84
 549 0209 01       		.byte	1
 550 020a 59       		.byte	89
 551 020b 04       		.byte	4
 552 020c 5A       		.byte	90
 553 020d 04       		.byte	4
 554 020e 5B       		.byte	91
 555 020f 04       		.byte	4
 556 0210 5C       		.byte	92
 557 0211 10       		.byte	16
 558 0212 5D       		.byte	93
 559 0213 11       		.byte	17
 560 0214 5F       		.byte	95
 561 0215 01       		.byte	1
 562 0216 60       		.byte	96
 563 0217 40       		.byte	64
 564 0218 62       		.byte	98
 565 0219 40       		.byte	64
 566 021a 64       		.byte	100
 567 021b 40       		.byte	64
 568 021c 65       		.byte	101
 569 021d 40       		.byte	64
 570 021e 66       		.byte	102
ARM GAS  C:\Users\DANIEL~1\AppData\Local\Temp\cc4q42DJ.s 			page 11


 571 021f 80       		.byte	-128
 572 0220 68       		.byte	104
 573 0221 80       		.byte	-128
 574 0222 6A       		.byte	106
 575 0223 80       		.byte	-128
 576 0224 6C       		.byte	108
 577 0225 80       		.byte	-128
 578 0226 6E       		.byte	110
 579 0227 80       		.byte	-128
 580 0228 81       		.byte	-127
 581 0229 04       		.byte	4
 582 022a 85       		.byte	-123
 583 022b 06       		.byte	6
 584 022c 86       		.byte	-122
 585 022d 02       		.byte	2
 586 022e 8A       		.byte	-118
 587 022f 04       		.byte	4
 588 0230 8D       		.byte	-115
 589 0231 07       		.byte	7
 590 0232 8E       		.byte	-114
 591 0233 01       		.byte	1
 592 0234 8F       		.byte	-113
 593 0235 08       		.byte	8
 594 0236 91       		.byte	-111
 595 0237 09       		.byte	9
 596 0238 93       		.byte	-109
 597 0239 06       		.byte	6
 598 023a 94       		.byte	-108
 599 023b 01       		.byte	1
 600 023c 97       		.byte	-105
 601 023d 09       		.byte	9
 602 023e 99       		.byte	-103
 603 023f 06       		.byte	6
 604 0240 9B       		.byte	-101
 605 0241 09       		.byte	9
 606 0242 9C       		.byte	-100
 607 0243 01       		.byte	1
 608 0244 A2       		.byte	-94
 609 0245 04       		.byte	4
 610 0246 A5       		.byte	-91
 611 0247 02       		.byte	2
 612 0248 A6       		.byte	-90
 613 0249 02       		.byte	2
 614 024a A9       		.byte	-87
 615 024b 0F       		.byte	15
 616 024c AA       		.byte	-86
 617 024d 01       		.byte	1
 618 024e B2       		.byte	-78
 619 024f 02       		.byte	2
 620 0250 B3       		.byte	-77
 621 0251 0E       		.byte	14
 622 0252 B4       		.byte	-76
 623 0253 01       		.byte	1
 624 0254 B5       		.byte	-75
 625 0255 07       		.byte	7
 626 0256 B6       		.byte	-74
 627 0257 04       		.byte	4
ARM GAS  C:\Users\DANIEL~1\AppData\Local\Temp\cc4q42DJ.s 			page 12


 628 0258 B8       		.byte	-72
 629 0259 20       		.byte	32
 630 025a BB       		.byte	-69
 631 025b 08       		.byte	8
 632 025c BE       		.byte	-66
 633 025d 44       		.byte	68
 634 025e C0       		.byte	-64
 635 025f 56       		.byte	86
 636 0260 C1       		.byte	-63
 637 0261 02       		.byte	2
 638 0262 C6       		.byte	-58
 639 0263 0C       		.byte	12
 640 0264 C7       		.byte	-57
 641 0265 EB       		.byte	-21
 642 0266 C8       		.byte	-56
 643 0267 34       		.byte	52
 644 0268 C9       		.byte	-55
 645 0269 FF       		.byte	-1
 646 026a CA       		.byte	-54
 647 026b FF       		.byte	-1
 648 026c CB       		.byte	-53
 649 026d FF       		.byte	-1
 650 026e CE       		.byte	-50
 651 026f F0       		.byte	-16
 652 0270 CF       		.byte	-49
 653 0271 44       		.byte	68
 654 0272 D0       		.byte	-48
 655 0273 0C       		.byte	12
 656 0274 D4       		.byte	-44
 657 0275 18       		.byte	24
 658 0276 D8       		.byte	-40
 659 0277 04       		.byte	4
 660 0278 D9       		.byte	-39
 661 0279 04       		.byte	4
 662 027a DA       		.byte	-38
 663 027b 04       		.byte	4
 664 027c DB       		.byte	-37
 665 027d 04       		.byte	4
 666 027e DC       		.byte	-36
 667 027f 22       		.byte	34
 668 0280 DD       		.byte	-35
 669 0281 22       		.byte	34
 670 0282 DF       		.byte	-33
 671 0283 01       		.byte	1
 672 0284 E6       		.byte	-26
 673 0285 C0       		.byte	-64
 674 0286 EA       		.byte	-22
 675 0287 40       		.byte	64
 676 0288 EB       		.byte	-21
 677 0289 02       		.byte	2
 678 028a 04       		.byte	4
 679 028b 44       		.byte	68
 680 028c 05       		.byte	5
 681 028d 20       		.byte	32
 682 028e 07       		.byte	7
 683 028f 08       		.byte	8
 684 0290 0C       		.byte	12
ARM GAS  C:\Users\DANIEL~1\AppData\Local\Temp\cc4q42DJ.s 			page 13


 685 0291 04       		.byte	4
 686 0292 0E       		.byte	14
 687 0293 02       		.byte	2
 688 0294 15       		.byte	21
 689 0295 05       		.byte	5
 690 0296 17       		.byte	23
 691 0297 10       		.byte	16
 692 0298 1C       		.byte	28
 693 0299 04       		.byte	4
 694 029a 1D       		.byte	29
 695 029b 40       		.byte	64
 696 029c 1F       		.byte	31
 697 029d 04       		.byte	4
 698 029e 22       		.byte	34
 699 029f 80       		.byte	-128
 700 02a0 27       		.byte	39
 701 02a1 18       		.byte	24
 702 02a2 2A       		.byte	42
 703 02a3 80       		.byte	-128
 704 02a4 2C       		.byte	44
 705 02a5 24       		.byte	36
 706 02a6 35       		.byte	53
 707 02a7 08       		.byte	8
 708 02a8 36       		.byte	54
 709 02a9 01       		.byte	1
 710 02aa 37       		.byte	55
 711 02ab 10       		.byte	16
 712 02ac 38       		.byte	56
 713 02ad 08       		.byte	8
 714 02ae 3C       		.byte	60
 715 02af 48       		.byte	72
 716 02b0 3E       		.byte	62
 717 02b1 02       		.byte	2
 718 02b2 41       		.byte	65
 719 02b3 04       		.byte	4
 720 02b4 42       		.byte	66
 721 02b5 80       		.byte	-128
 722 02b6 45       		.byte	69
 723 02b7 20       		.byte	32
 724 02b8 46       		.byte	70
 725 02b9 04       		.byte	4
 726 02ba 49       		.byte	73
 727 02bb 05       		.byte	5
 728 02bc 4C       		.byte	76
 729 02bd 08       		.byte	8
 730 02be 4F       		.byte	79
 731 02bf 40       		.byte	64
 732 02c0 50       		.byte	80
 733 02c1 04       		.byte	4
 734 02c2 51       		.byte	81
 735 02c3 04       		.byte	4
 736 02c4 55       		.byte	85
 737 02c5 02       		.byte	2
 738 02c6 56       		.byte	86
 739 02c7 40       		.byte	64
 740 02c8 57       		.byte	87
 741 02c9 48       		.byte	72
ARM GAS  C:\Users\DANIEL~1\AppData\Local\Temp\cc4q42DJ.s 			page 14


 742 02ca 59       		.byte	89
 743 02cb 05       		.byte	5
 744 02cc 5A       		.byte	90
 745 02cd 80       		.byte	-128
 746 02ce 5C       		.byte	92
 747 02cf 01       		.byte	1
 748 02d0 65       		.byte	101
 749 02d1 40       		.byte	64
 750 02d2 67       		.byte	103
 751 02d3 08       		.byte	8
 752 02d4 8A       		.byte	-118
 753 02d5 20       		.byte	32
 754 02d6 8B       		.byte	-117
 755 02d7 40       		.byte	64
 756 02d8 90       		.byte	-112
 757 02d9 41       		.byte	65
 758 02da 91       		.byte	-111
 759 02db 05       		.byte	5
 760 02dc 94       		.byte	-108
 761 02dd 10       		.byte	16
 762 02de 97       		.byte	-105
 763 02df 80       		.byte	-128
 764 02e0 98       		.byte	-104
 765 02e1 04       		.byte	4
 766 02e2 99       		.byte	-103
 767 02e3 0A       		.byte	10
 768 02e4 9A       		.byte	-102
 769 02e5 02       		.byte	2
 770 02e6 9D       		.byte	-99
 771 02e7 20       		.byte	32
 772 02e8 9E       		.byte	-98
 773 02e9 40       		.byte	64
 774 02ea 9F       		.byte	-97
 775 02eb 10       		.byte	16
 776 02ec A0       		.byte	-96
 777 02ed 2C       		.byte	44
 778 02ee A1       		.byte	-95
 779 02ef 20       		.byte	32
 780 02f0 A2       		.byte	-94
 781 02f1 01       		.byte	1
 782 02f2 A5       		.byte	-91
 783 02f3 02       		.byte	2
 784 02f4 A6       		.byte	-90
 785 02f5 20       		.byte	32
 786 02f6 C0       		.byte	-64
 787 02f7 E0       		.byte	-32
 788 02f8 C2       		.byte	-62
 789 02f9 A0       		.byte	-96
 790 02fa C4       		.byte	-60
 791 02fb 70       		.byte	112
 792 02fc CA       		.byte	-54
 793 02fd 68       		.byte	104
 794 02fe CC       		.byte	-52
 795 02ff E0       		.byte	-32
 796 0300 CE       		.byte	-50
 797 0301 D2       		.byte	-46
 798 0302 D0       		.byte	-48
ARM GAS  C:\Users\DANIEL~1\AppData\Local\Temp\cc4q42DJ.s 			page 15


 799 0303 23       		.byte	35
 800 0304 D2       		.byte	-46
 801 0305 30       		.byte	48
 802 0306 D6       		.byte	-42
 803 0307 8B       		.byte	-117
 804 0308 D8       		.byte	-40
 805 0309 30       		.byte	48
 806 030a 00       		.byte	0
 807 030b 03       		.byte	3
 808 030c 01       		.byte	1
 809 030d 10       		.byte	16
 810 030e 02       		.byte	2
 811 030f 0C       		.byte	12
 812 0310 04       		.byte	4
 813 0311 0C       		.byte	12
 814 0312 05       		.byte	5
 815 0313 08       		.byte	8
 816 0314 09       		.byte	9
 817 0315 18       		.byte	24
 818 0316 0A       		.byte	10
 819 0317 03       		.byte	3
 820 0318 0C       		.byte	12
 821 0319 0C       		.byte	12
 822 031a 0D       		.byte	13
 823 031b 9C       		.byte	-100
 824 031c 0E       		.byte	14
 825 031d 03       		.byte	3
 826 031e 0F       		.byte	15
 827 031f 62       		.byte	98
 828 0320 10       		.byte	16
 829 0321 10       		.byte	16
 830 0322 11       		.byte	17
 831 0323 E7       		.byte	-25
 832 0324 13       		.byte	19
 833 0325 18       		.byte	24
 834 0326 14       		.byte	20
 835 0327 0F       		.byte	15
 836 0328 15       		.byte	21
 837 0329 24       		.byte	36
 838 032a 18       		.byte	24
 839 032b 04       		.byte	4
 840 032c 19       		.byte	25
 841 032d 9C       		.byte	-100
 842 032e 1B       		.byte	27
 843 032f 61       		.byte	97
 844 0330 1C       		.byte	28
 845 0331 03       		.byte	3
 846 0332 1F       		.byte	31
 847 0333 04       		.byte	4
 848 0334 20       		.byte	32
 849 0335 02       		.byte	2
 850 0336 21       		.byte	33
 851 0337 60       		.byte	96
 852 0338 24       		.byte	36
 853 0339 01       		.byte	1
 854 033a 27       		.byte	39
 855 033b 63       		.byte	99
ARM GAS  C:\Users\DANIEL~1\AppData\Local\Temp\cc4q42DJ.s 			page 16


 856 033c 28       		.byte	40
 857 033d 0F       		.byte	15
 858 033e 29       		.byte	41
 859 033f FF       		.byte	-1
 860 0340 2C       		.byte	44
 861 0341 08       		.byte	8
 862 0342 2D       		.byte	45
 863 0343 40       		.byte	64
 864 0344 31       		.byte	49
 865 0345 1F       		.byte	31
 866 0346 33       		.byte	51
 867 0347 80       		.byte	-128
 868 0348 34       		.byte	52
 869 0349 10       		.byte	16
 870 034a 36       		.byte	54
 871 034b 0F       		.byte	15
 872 034c 37       		.byte	55
 873 034d 60       		.byte	96
 874 034e 3A       		.byte	58
 875 034f 88       		.byte	-120
 876 0350 3B       		.byte	59
 877 0351 02       		.byte	2
 878 0352 3E       		.byte	62
 879 0353 10       		.byte	16
 880 0354 3F       		.byte	63
 881 0355 04       		.byte	4
 882 0356 56       		.byte	86
 883 0357 02       		.byte	2
 884 0358 57       		.byte	87
 885 0359 11       		.byte	17
 886 035a 58       		.byte	88
 887 035b 04       		.byte	4
 888 035c 59       		.byte	89
 889 035d 04       		.byte	4
 890 035e 5B       		.byte	91
 891 035f 04       		.byte	4
 892 0360 5C       		.byte	92
 893 0361 22       		.byte	34
 894 0362 5D       		.byte	93
 895 0363 20       		.byte	32
 896 0364 5F       		.byte	95
 897 0365 01       		.byte	1
 898 0366 87       		.byte	-121
 899 0367 03       		.byte	3
 900 0368 89       		.byte	-119
 901 0369 06       		.byte	6
 902 036a 8B       		.byte	-117
 903 036b 01       		.byte	1
 904 036c 8F       		.byte	-113
 905 036d 06       		.byte	6
 906 036e 97       		.byte	-105
 907 036f 01       		.byte	1
 908 0370 9B       		.byte	-101
 909 0371 05       		.byte	5
 910 0372 A3       		.byte	-93
 911 0373 02       		.byte	2
 912 0374 B5       		.byte	-75
ARM GAS  C:\Users\DANIEL~1\AppData\Local\Temp\cc4q42DJ.s 			page 17


 913 0375 07       		.byte	7
 914 0376 BB       		.byte	-69
 915 0377 20       		.byte	32
 916 0378 D9       		.byte	-39
 917 0379 04       		.byte	4
 918 037a DC       		.byte	-36
 919 037b 20       		.byte	32
 920 037c DF       		.byte	-33
 921 037d 01       		.byte	1
 922 037e 04       		.byte	4
 923 037f 40       		.byte	64
 924 0380 05       		.byte	5
 925 0381 01       		.byte	1
 926 0382 06       		.byte	6
 927 0383 10       		.byte	16
 928 0384 07       		.byte	7
 929 0385 04       		.byte	4
 930 0386 0C       		.byte	12
 931 0387 20       		.byte	32
 932 0388 0D       		.byte	13
 933 0389 02       		.byte	2
 934 038a 0E       		.byte	14
 935 038b 21       		.byte	33
 936 038c 0F       		.byte	15
 937 038d 04       		.byte	4
 938 038e 14       		.byte	20
 939 038f 04       		.byte	4
 940 0390 16       		.byte	22
 941 0391 82       		.byte	-126
 942 0392 17       		.byte	23
 943 0393 09       		.byte	9
 944 0394 1E       		.byte	30
 945 0395 06       		.byte	6
 946 0396 1F       		.byte	31
 947 0397 04       		.byte	4
 948 0398 20       		.byte	32
 949 0399 04       		.byte	4
 950 039a 21       		.byte	33
 951 039b 20       		.byte	32
 952 039c 24       		.byte	36
 953 039d 41       		.byte	65
 954 039e 27       		.byte	39
 955 039f 20       		.byte	32
 956 03a0 29       		.byte	41
 957 03a1 02       		.byte	2
 958 03a2 2C       		.byte	44
 959 03a3 14       		.byte	20
 960 03a4 2D       		.byte	45
 961 03a5 08       		.byte	8
 962 03a6 2E       		.byte	46
 963 03a7 81       		.byte	-127
 964 03a8 2F       		.byte	47
 965 03a9 04       		.byte	4
 966 03aa 30       		.byte	48
 967 03ab 08       		.byte	8
 968 03ac 32       		.byte	50
 969 03ad 20       		.byte	32
ARM GAS  C:\Users\DANIEL~1\AppData\Local\Temp\cc4q42DJ.s 			page 18


 970 03ae 35       		.byte	53
 971 03af 01       		.byte	1
 972 03b0 36       		.byte	54
 973 03b1 93       		.byte	-109
 974 03b2 37       		.byte	55
 975 03b3 18       		.byte	24
 976 03b4 38       		.byte	56
 977 03b5 14       		.byte	20
 978 03b6 3B       		.byte	59
 979 03b7 80       		.byte	-128
 980 03b8 3C       		.byte	60
 981 03b9 40       		.byte	64
 982 03ba 3E       		.byte	62
 983 03bb 22       		.byte	34
 984 03bc 3F       		.byte	63
 985 03bd 04       		.byte	4
 986 03be 5F       		.byte	95
 987 03bf 20       		.byte	32
 988 03c0 6C       		.byte	108
 989 03c1 14       		.byte	20
 990 03c2 6E       		.byte	110
 991 03c3 40       		.byte	64
 992 03c4 6F       		.byte	111
 993 03c5 20       		.byte	32
 994 03c6 74       		.byte	116
 995 03c7 24       		.byte	36
 996 03c8 76       		.byte	118
 997 03c9 32       		.byte	50
 998 03ca 91       		.byte	-111
 999 03cb 05       		.byte	5
 1000 03cc 92       		.byte	-110
 1001 03cd 01       		.byte	1
 1002 03ce 94       		.byte	-108
 1003 03cf 3C       		.byte	60
 1004 03d0 96       		.byte	-106
 1005 03d1 44       		.byte	68
 1006 03d2 98       		.byte	-104
 1007 03d3 10       		.byte	16
 1008 03d4 99       		.byte	-103
 1009 03d5 02       		.byte	2
 1010 03d6 9B       		.byte	-101
 1011 03d7 0D       		.byte	13
 1012 03d8 9C       		.byte	-100
 1013 03d9 04       		.byte	4
 1014 03da 9D       		.byte	-99
 1015 03db 20       		.byte	32
 1016 03dc 9E       		.byte	-98
 1017 03dd 40       		.byte	64
 1018 03de A0       		.byte	-96
 1019 03df 08       		.byte	8
 1020 03e0 A2       		.byte	-94
 1021 03e1 80       		.byte	-128
 1022 03e2 A5       		.byte	-91
 1023 03e3 02       		.byte	2
 1024 03e4 A6       		.byte	-90
 1025 03e5 22       		.byte	34
 1026 03e6 A7       		.byte	-89
ARM GAS  C:\Users\DANIEL~1\AppData\Local\Temp\cc4q42DJ.s 			page 19


 1027 03e7 20       		.byte	32
 1028 03e8 AE       		.byte	-82
 1029 03e9 40       		.byte	64
 1030 03ea AF       		.byte	-81
 1031 03eb 10       		.byte	16
 1032 03ec B0       		.byte	-80
 1033 03ed 84       		.byte	-124
 1034 03ee B3       		.byte	-77
 1035 03ef 21       		.byte	33
 1036 03f0 B4       		.byte	-76
 1037 03f1 02       		.byte	2
 1038 03f2 B7       		.byte	-73
 1039 03f3 08       		.byte	8
 1040 03f4 C0       		.byte	-64
 1041 03f5 F0       		.byte	-16
 1042 03f6 C2       		.byte	-62
 1043 03f7 F0       		.byte	-16
 1044 03f8 C4       		.byte	-60
 1045 03f9 F0       		.byte	-16
 1046 03fa CA       		.byte	-54
 1047 03fb F1       		.byte	-15
 1048 03fc CC       		.byte	-52
 1049 03fd F6       		.byte	-10
 1050 03fe CE       		.byte	-50
 1051 03ff FE       		.byte	-2
 1052 0400 D6       		.byte	-42
 1053 0401 20       		.byte	32
 1054 0402 05       		.byte	5
 1055 0403 03       		.byte	3
 1056 0404 09       		.byte	9
 1057 0405 02       		.byte	2
 1058 0406 17       		.byte	23
 1059 0407 01       		.byte	1
 1060 0408 19       		.byte	25
 1061 0409 03       		.byte	3
 1062 040a 37       		.byte	55
 1063 040b 03       		.byte	3
 1064 040c 38       		.byte	56
 1065 040d 80       		.byte	-128
 1066 040e 39       		.byte	57
 1067 040f 80       		.byte	-128
 1068 0410 3E       		.byte	62
 1069 0411 40       		.byte	64
 1070 0412 3F       		.byte	63
 1071 0413 40       		.byte	64
 1072 0414 40       		.byte	64
 1073 0415 01       		.byte	1
 1074 0416 45       		.byte	69
 1075 0417 40       		.byte	64
 1076 0418 49       		.byte	73
 1077 0419 FF       		.byte	-1
 1078 041a 4A       		.byte	74
 1079 041b 07       		.byte	7
 1080 041c 4B       		.byte	75
 1081 041d FF       		.byte	-1
 1082 041e 4C       		.byte	76
 1083 041f 40       		.byte	64
ARM GAS  C:\Users\DANIEL~1\AppData\Local\Temp\cc4q42DJ.s 			page 20


 1084 0420 4D       		.byte	77
 1085 0421 20       		.byte	32
 1086 0422 4E       		.byte	78
 1087 0423 F0       		.byte	-16
 1088 0424 4F       		.byte	79
 1089 0425 05       		.byte	5
 1090 0426 50       		.byte	80
 1091 0427 08       		.byte	8
 1092 0428 58       		.byte	88
 1093 0429 04       		.byte	4
 1094 042a 59       		.byte	89
 1095 042b 04       		.byte	4
 1096 042c 5A       		.byte	90
 1097 042d 04       		.byte	4
 1098 042e 5D       		.byte	93
 1099 042f 02       		.byte	2
 1100 0430 5F       		.byte	95
 1101 0431 01       		.byte	1
 1102 0432 60       		.byte	96
 1103 0433 40       		.byte	64
 1104 0434 61       		.byte	97
 1105 0435 A8       		.byte	-88
 1106 0436 62       		.byte	98
 1107 0437 40       		.byte	64
 1108 0438 63       		.byte	99
 1109 0439 20       		.byte	32
 1110 043a 82       		.byte	-126
 1111 043b 01       		.byte	1
 1112 043c 84       		.byte	-124
 1113 043d 0E       		.byte	14
 1114 043e 88       		.byte	-120
 1115 043f 0E       		.byte	14
 1116 0440 8C       		.byte	-116
 1117 0441 08       		.byte	8
 1118 0442 8D       		.byte	-115
 1119 0443 10       		.byte	16
 1120 0444 8E       		.byte	-114
 1121 0445 02       		.byte	2
 1122 0446 90       		.byte	-112
 1123 0447 04       		.byte	4
 1124 0448 92       		.byte	-110
 1125 0449 02       		.byte	2
 1126 044a 95       		.byte	-107
 1127 044b 13       		.byte	19
 1128 044c 96       		.byte	-106
 1129 044d 01       		.byte	1
 1130 044e 99       		.byte	-103
 1131 044f 02       		.byte	2
 1132 0450 9A       		.byte	-102
 1133 0451 01       		.byte	1
 1134 0452 9B       		.byte	-101
 1135 0453 09       		.byte	9
 1136 0454 9C       		.byte	-100
 1137 0455 01       		.byte	1
 1138 0456 A0       		.byte	-96
 1139 0457 02       		.byte	2
 1140 0458 A2       		.byte	-94
ARM GAS  C:\Users\DANIEL~1\AppData\Local\Temp\cc4q42DJ.s 			page 21


 1141 0459 0C       		.byte	12
 1142 045a A3       		.byte	-93
 1143 045b 04       		.byte	4
 1144 045c A5       		.byte	-91
 1145 045d 13       		.byte	19
 1146 045e A8       		.byte	-88
 1147 045f 01       		.byte	1
 1148 0460 AD       		.byte	-83
 1149 0461 01       		.byte	1
 1150 0462 AF       		.byte	-81
 1151 0463 2A       		.byte	42
 1152 0464 B1       		.byte	-79
 1153 0465 0C       		.byte	12
 1154 0466 B3       		.byte	-77
 1155 0467 03       		.byte	3
 1156 0468 B4       		.byte	-76
 1157 0469 01       		.byte	1
 1158 046a B5       		.byte	-75
 1159 046b 10       		.byte	16
 1160 046c B6       		.byte	-74
 1161 046d 0E       		.byte	14
 1162 046e B7       		.byte	-73
 1163 046f 20       		.byte	32
 1164 0470 BE       		.byte	-66
 1165 0471 10       		.byte	16
 1166 0472 BF       		.byte	-65
 1167 0473 01       		.byte	1
 1168 0474 C0       		.byte	-64
 1169 0475 53       		.byte	83
 1170 0476 C1       		.byte	-63
 1171 0477 02       		.byte	2
 1172 0478 C2       		.byte	-62
 1173 0479 06       		.byte	6
 1174 047a C4       		.byte	-60
 1175 047b 01       		.byte	1
 1176 047c C5       		.byte	-59
 1177 047d CE       		.byte	-50
 1178 047e C8       		.byte	-56
 1179 047f 03       		.byte	3
 1180 0480 C9       		.byte	-55
 1181 0481 FF       		.byte	-1
 1182 0482 CA       		.byte	-54
 1183 0483 FF       		.byte	-1
 1184 0484 CB       		.byte	-53
 1185 0485 FF       		.byte	-1
 1186 0486 CC       		.byte	-52
 1187 0487 62       		.byte	98
 1188 0488 CD       		.byte	-51
 1189 0489 A0       		.byte	-96
 1190 048a CE       		.byte	-50
 1191 048b F0       		.byte	-16
 1192 048c CF       		.byte	-49
 1193 048d 41       		.byte	65
 1194 048e D0       		.byte	-48
 1195 048f 0C       		.byte	12
 1196 0490 D4       		.byte	-44
 1197 0491 01       		.byte	1
ARM GAS  C:\Users\DANIEL~1\AppData\Local\Temp\cc4q42DJ.s 			page 22


 1198 0492 D8       		.byte	-40
 1199 0493 04       		.byte	4
 1200 0494 D9       		.byte	-39
 1201 0495 04       		.byte	4
 1202 0496 DA       		.byte	-38
 1203 0497 04       		.byte	4
 1204 0498 DB       		.byte	-37
 1205 0499 04       		.byte	4
 1206 049a DC       		.byte	-36
 1207 049b 22       		.byte	34
 1208 049c DD       		.byte	-35
 1209 049d 22       		.byte	34
 1210 049e DF       		.byte	-33
 1211 049f 01       		.byte	1
 1212 04a0 E6       		.byte	-26
 1213 04a1 40       		.byte	64
 1214 04a2 E7       		.byte	-25
 1215 04a3 02       		.byte	2
 1216 04a4 E9       		.byte	-23
 1217 04a5 10       		.byte	16
 1218 04a6 EA       		.byte	-22
 1219 04a7 30       		.byte	48
 1220 04a8 EB       		.byte	-21
 1221 04a9 10       		.byte	16
 1222 04aa ED       		.byte	-19
 1223 04ab 10       		.byte	16
 1224 04ac EE       		.byte	-18
 1225 04ad 10       		.byte	16
 1226 04ae EF       		.byte	-17
 1227 04af 12       		.byte	18
 1228 04b0 04       		.byte	4
 1229 04b1 28       		.byte	40
 1230 04b2 05       		.byte	5
 1231 04b3 04       		.byte	4
 1232 04b4 06       		.byte	6
 1233 04b5 40       		.byte	64
 1234 04b6 07       		.byte	7
 1235 04b7 01       		.byte	1
 1236 04b8 08       		.byte	8
 1237 04b9 02       		.byte	2
 1238 04ba 09       		.byte	9
 1239 04bb 02       		.byte	2
 1240 04bc 0C       		.byte	12
 1241 04bd 8A       		.byte	-118
 1242 04be 0D       		.byte	13
 1243 04bf 10       		.byte	16
 1244 04c0 14       		.byte	20
 1245 04c1 40       		.byte	64
 1246 04c2 17       		.byte	23
 1247 04c3 10       		.byte	16
 1248 04c4 19       		.byte	25
 1249 04c5 80       		.byte	-128
 1250 04c6 1C       		.byte	28
 1251 04c7 08       		.byte	8
 1252 04c8 1E       		.byte	30
 1253 04c9 01       		.byte	1
 1254 04ca 1F       		.byte	31
ARM GAS  C:\Users\DANIEL~1\AppData\Local\Temp\cc4q42DJ.s 			page 23


 1255 04cb 40       		.byte	64
 1256 04cc 20       		.byte	32
 1257 04cd 01       		.byte	1
 1258 04ce 26       		.byte	38
 1259 04cf 80       		.byte	-128
 1260 04d0 27       		.byte	39
 1261 04d1 64       		.byte	100
 1262 04d2 2C       		.byte	44
 1263 04d3 42       		.byte	66
 1264 04d4 2F       		.byte	47
 1265 04d5 60       		.byte	96
 1266 04d6 30       		.byte	48
 1267 04d7 08       		.byte	8
 1268 04d8 32       		.byte	50
 1269 04d9 20       		.byte	32
 1270 04da 33       		.byte	51
 1271 04db 10       		.byte	16
 1272 04dc 35       		.byte	53
 1273 04dd 04       		.byte	4
 1274 04de 37       		.byte	55
 1275 04df 20       		.byte	32
 1276 04e0 38       		.byte	56
 1277 04e1 14       		.byte	20
 1278 04e2 39       		.byte	57
 1279 04e3 20       		.byte	32
 1280 04e4 3E       		.byte	62
 1281 04e5 40       		.byte	64
 1282 04e6 40       		.byte	64
 1283 04e7 01       		.byte	1
 1284 04e8 44       		.byte	68
 1285 04e9 14       		.byte	20
 1286 04ea 47       		.byte	71
 1287 04eb 44       		.byte	68
 1288 04ec 49       		.byte	73
 1289 04ed 02       		.byte	2
 1290 04ee 4D       		.byte	77
 1291 04ef 25       		.byte	37
 1292 04f0 4E       		.byte	78
 1293 04f1 02       		.byte	2
 1294 04f2 50       		.byte	80
 1295 04f3 08       		.byte	8
 1296 04f4 5C       		.byte	92
 1297 04f5 82       		.byte	-126
 1298 04f6 5E       		.byte	94
 1299 04f7 04       		.byte	4
 1300 04f8 5F       		.byte	95
 1301 04f9 10       		.byte	16
 1302 04fa 85       		.byte	-123
 1303 04fb 80       		.byte	-128
 1304 04fc 8C       		.byte	-116
 1305 04fd 84       		.byte	-124
 1306 04fe C0       		.byte	-64
 1307 04ff F0       		.byte	-16
 1308 0500 C2       		.byte	-62
 1309 0501 F0       		.byte	-16
 1310 0502 C4       		.byte	-60
 1311 0503 50       		.byte	80
ARM GAS  C:\Users\DANIEL~1\AppData\Local\Temp\cc4q42DJ.s 			page 24


 1312 0504 CA       		.byte	-54
 1313 0505 D0       		.byte	-48
 1314 0506 CC       		.byte	-52
 1315 0507 66       		.byte	102
 1316 0508 CE       		.byte	-50
 1317 0509 16       		.byte	22
 1318 050a D0       		.byte	-48
 1319 050b 78       		.byte	120
 1320 050c D2       		.byte	-46
 1321 050d 30       		.byte	48
 1322 050e D6       		.byte	-42
 1323 050f F0       		.byte	-16
 1324 0510 E0       		.byte	-32
 1325 0511 08       		.byte	8
 1326 0512 EC       		.byte	-20
 1327 0513 10       		.byte	16
 1328 0514 E2       		.byte	-30
 1329 0515 02       		.byte	2
 1330 0516 EA       		.byte	-22
 1331 0517 02       		.byte	2
 1332 0518 EE       		.byte	-18
 1333 0519 0A       		.byte	10
 1334 051a 90       		.byte	-112
 1335 051b 40       		.byte	64
 1336 051c E2       		.byte	-30
 1337 051d 02       		.byte	2
 1338 051e EA       		.byte	-22
 1339 051f 02       		.byte	2
 1340 0520 EE       		.byte	-18
 1341 0521 0A       		.byte	10
 1342 0522 A8       		.byte	-88
 1343 0523 40       		.byte	64
 1344 0524 EC       		.byte	-20
 1345 0525 14       		.byte	20
 1346 0526 33       		.byte	51
 1347 0527 81       		.byte	-127
 1348 0528 36       		.byte	54
 1349 0529 44       		.byte	68
 1350 052a 86       		.byte	-122
 1351 052b 01       		.byte	1
 1352 052c CC       		.byte	-52
 1353 052d F0       		.byte	-16
 1354 052e E2       		.byte	-30
 1355 052f 10       		.byte	16
 1356 0530 92       		.byte	-110
 1357 0531 01       		.byte	1
 1358 0532 9F       		.byte	-97
 1359 0533 01       		.byte	1
 1360 0534 A6       		.byte	-90
 1361 0535 44       		.byte	68
 1362 0536 A7       		.byte	-89
 1363 0537 80       		.byte	-128
 1364 0538 11       		.byte	17
 1365 0539 08       		.byte	8
 1366 053a 12       		.byte	18
 1367 053b 80       		.byte	-128
 1368 053c 5A       		.byte	90
ARM GAS  C:\Users\DANIEL~1\AppData\Local\Temp\cc4q42DJ.s 			page 25


 1369 053d 01       		.byte	1
 1370 053e 92       		.byte	-110
 1371 053f 01       		.byte	1
 1372 0540 9F       		.byte	-97
 1373 0541 01       		.byte	1
 1374 0542 A6       		.byte	-90
 1375 0543 44       		.byte	68
 1376 0544 A7       		.byte	-89
 1377 0545 80       		.byte	-128
 1378 0546 C4       		.byte	-60
 1379 0547 10       		.byte	16
 1380 0548 D6       		.byte	-42
 1381 0549 40       		.byte	64
 1382 054a 74       		.byte	116
 1383 054b 40       		.byte	64
 1384 054c 88       		.byte	-120
 1385 054d 40       		.byte	64
 1386 054e 9F       		.byte	-97
 1387 054f 01       		.byte	1
 1388 0550 A6       		.byte	-90
 1389 0551 40       		.byte	64
 1390 0552 A7       		.byte	-89
 1391 0553 80       		.byte	-128
 1392 0554 AA       		.byte	-86
 1393 0555 04       		.byte	4
 1394 0556 AE       		.byte	-82
 1395 0557 80       		.byte	-128
 1396 0558 B5       		.byte	-75
 1397 0559 04       		.byte	4
 1398 055a DC       		.byte	-36
 1399 055b 40       		.byte	64
 1400 055c EC       		.byte	-20
 1401 055d 10       		.byte	16
 1402 055e EE       		.byte	-18
 1403 055f 20       		.byte	32
 1404 0560 09       		.byte	9
 1405 0561 20       		.byte	32
 1406 0562 56       		.byte	86
 1407 0563 02       		.byte	2
 1408 0564 7D       		.byte	125
 1409 0565 01       		.byte	1
 1410 0566 85       		.byte	-123
 1411 0567 01       		.byte	1
 1412 0568 86       		.byte	-122
 1413 0569 40       		.byte	64
 1414 056a C2       		.byte	-62
 1415 056b 02       		.byte	2
 1416 056c D6       		.byte	-42
 1417 056d 04       		.byte	4
 1418 056e DE       		.byte	-34
 1419 056f 01       		.byte	1
 1420 0570 9A       		.byte	-102
 1421 0571 40       		.byte	64
 1422 0572 9E       		.byte	-98
 1423 0573 02       		.byte	2
 1424 0574 B5       		.byte	-75
 1425 0575 20       		.byte	32
ARM GAS  C:\Users\DANIEL~1\AppData\Local\Temp\cc4q42DJ.s 			page 26


 1426 0576 EE       		.byte	-18
 1427 0577 02       		.byte	2
 1428 0578 45       		.byte	69
 1429 0579 08       		.byte	8
 1430 057a 9A       		.byte	-102
 1431 057b 40       		.byte	64
 1432 057c 9E       		.byte	-98
 1433 057d 02       		.byte	2
 1434 057e D0       		.byte	-48
 1435 057f 01       		.byte	1
 1436 0580 08       		.byte	8
 1437 0581 08       		.byte	8
 1438 0582 0B       		.byte	11
 1439 0583 04       		.byte	4
 1440 0584 0F       		.byte	15
 1441 0585 40       		.byte	64
 1442 0586 86       		.byte	-122
 1443 0587 02       		.byte	2
 1444 0588 8A       		.byte	-118
 1445 0589 02       		.byte	2
 1446 058a 90       		.byte	-112
 1447 058b 04       		.byte	4
 1448 058c 9A       		.byte	-102
 1449 058d 40       		.byte	64
 1450 058e 9E       		.byte	-98
 1451 058f 02       		.byte	2
 1452 0590 A5       		.byte	-91
 1453 0591 08       		.byte	8
 1454 0592 B4       		.byte	-76
 1455 0593 04       		.byte	4
 1456 0594 C2       		.byte	-62
 1457 0595 0E       		.byte	14
 1458 0596 E4       		.byte	-28
 1459 0597 04       		.byte	4
 1460 0598 EC       		.byte	-20
 1461 0599 02       		.byte	2
 1462 059a 25       		.byte	37
 1463 059b 10       		.byte	16
 1464 059c 6B       		.byte	107
 1465 059d 20       		.byte	32
 1466 059e 87       		.byte	-121
 1467 059f 20       		.byte	32
 1468 05a0 AE       		.byte	-82
 1469 05a1 40       		.byte	64
 1470 05a2 AF       		.byte	-81
 1471 05a3 81       		.byte	-127
 1472 05a4 C8       		.byte	-56
 1473 05a5 20       		.byte	32
 1474 05a6 DA       		.byte	-38
 1475 05a7 40       		.byte	64
 1476 05a8 E2       		.byte	-30
 1477 05a9 40       		.byte	64
 1478 05aa EA       		.byte	-22
 1479 05ab 40       		.byte	64
 1480 05ac EE       		.byte	-18
 1481 05ad 50       		.byte	80
 1482 05ae B5       		.byte	-75
ARM GAS  C:\Users\DANIEL~1\AppData\Local\Temp\cc4q42DJ.s 			page 27


 1483 05af 10       		.byte	16
 1484 05b0 0F       		.byte	15
 1485 05b1 04       		.byte	4
 1486 05b2 62       		.byte	98
 1487 05b3 02       		.byte	2
 1488 05b4 87       		.byte	-121
 1489 05b5 04       		.byte	4
 1490 05b6 90       		.byte	-112
 1491 05b7 04       		.byte	4
 1492 05b8 9A       		.byte	-102
 1493 05b9 40       		.byte	64
 1494 05ba A2       		.byte	-94
 1495 05bb 02       		.byte	2
 1496 05bc A5       		.byte	-91
 1497 05bd 08       		.byte	8
 1498 05be AC       		.byte	-84
 1499 05bf 08       		.byte	8
 1500 05c0 AF       		.byte	-81
 1501 05c1 44       		.byte	68
 1502 05c2 C2       		.byte	-62
 1503 05c3 01       		.byte	1
 1504 05c4 D8       		.byte	-40
 1505 05c5 02       		.byte	2
 1506 05c6 52       		.byte	82
 1507 05c7 40       		.byte	64
 1508 05c8 57       		.byte	87
 1509 05c9 80       		.byte	-128
 1510 05ca 60       		.byte	96
 1511 05cb 04       		.byte	4
 1512 05cc 90       		.byte	-112
 1513 05cd 04       		.byte	4
 1514 05ce 9A       		.byte	-102
 1515 05cf 40       		.byte	64
 1516 05d0 A3       		.byte	-93
 1517 05d1 80       		.byte	-128
 1518 05d2 AB       		.byte	-85
 1519 05d3 80       		.byte	-128
 1520 05d4 B5       		.byte	-75
 1521 05d5 08       		.byte	8
 1522 05d6 D4       		.byte	-44
 1523 05d7 06       		.byte	6
 1524 05d8 D8       		.byte	-40
 1525 05d9 02       		.byte	2
 1526 05da EC       		.byte	-20
 1527 05db 08       		.byte	8
 1528 05dc 00       		.byte	0
 1529 05dd 06       		.byte	6
 1530 05de 0C       		.byte	12
 1531 05df 06       		.byte	6
 1532 05e0 0E       		.byte	14
 1533 05e1 04       		.byte	4
 1534 05e2 00       		.byte	0
 1535 05e3 EA       		.byte	-22
 1536 05e4 60       		.byte	96
 1537 05e5 00       		.byte	0
 1538 05e6 00       		.byte	0
 1539 05e7 20       		.byte	32
ARM GAS  C:\Users\DANIEL~1\AppData\Local\Temp\cc4q42DJ.s 			page 28


 1540 05e8 00       		.byte	0
 1541 05e9 00       		.byte	0
 1542 05ea 00       		.byte	0
 1543 05eb 00       		.byte	0
 1544 05ec C0       		.byte	-64
 1545 05ed 00       		.byte	0
 1546 05ee 00       		.byte	0
 1547 05ef 00       		.byte	0
 1548 05f0 80       		.byte	-128
 1549 05f1 CB       		.byte	-53
 1550 05f2 4B       		.byte	75
 1551 05f3 00       		.byte	0
 1552 05f4 40       		.byte	64
 1553 05f5 00       		.byte	0
 1554 05f6 00       		.byte	0
 1555 05f7 00       		.byte	0
 1556 05f8 00       		.byte	0
 1557 05f9 7F       		.byte	127
 1558 05fa 7F       		.byte	127
 1559 05fb 00       		.byte	0
 1560 05fc 00       		.byte	0
 1561 05fd 00       		.byte	0
 1562 05fe 00       		.byte	0
 1563 05ff 00       		.byte	0
 1564 0600 00       		.byte	0
 1565 0601 45       		.byte	69
 1566 0602 45       		.byte	69
 1567 0603 00       		.byte	0
 1568 0604 45       		.byte	69
 1569 0605 00       		.byte	0
 1570 0606 00       		.byte	0
 1571 0607 00       		.byte	0
 1572 0608 01       		.byte	1
 1573 0609 00       		.byte	0
 1574 060a 40       		.byte	64
 1575 060b 01       		.byte	1
 1576 060c 01       		.byte	1
 1577 060d 00       		.byte	0
 1578 060e 01       		.byte	1
 1579 060f 00       		.byte	0
 1580 0610 20       		.byte	32
 1581 0611 00       		.byte	0
 1582 0612 00       		.byte	0
 1583 0613 00       		.byte	0
 1584 0614 BB       		.byte	-69
 1585 0615 00       		.byte	0
 1586 0616 18       		.byte	24
 1587 0617 01       		.byte	1
 1588              		.section	.cywolatch,"a",%progbits
 1589              		.align	2
 1590              		.type	cy_meta_wonvl, %object
 1591              		.size	cy_meta_wonvl, 4
 1592              	cy_meta_wonvl:
 1593 0000 BC       		.byte	-68
 1594 0001 90       		.byte	-112
 1595 0002 AC       		.byte	-84
 1596 0003 AF       		.byte	-81
ARM GAS  C:\Users\DANIEL~1\AppData\Local\Temp\cc4q42DJ.s 			page 29


 1597              		.section	.cycustnvl,"a",%progbits
 1598              		.align	2
 1599              		.type	cy_meta_custnvl, %object
 1600              		.size	cy_meta_custnvl, 4
 1601              	cy_meta_custnvl:
 1602 0000 00       		.byte	0
 1603 0001 00       		.byte	0
 1604 0002 40       		.byte	64
 1605 0003 05       		.byte	5
 1606              		.section	.cymeta,"a",%progbits
 1607              		.align	2
 1608              		.type	cy_metadata, %object
 1609              		.size	cy_metadata, 12
 1610              	cy_metadata:
 1611 0000 00       		.byte	0
 1612 0001 01       		.byte	1
 1613 0002 2E       		.byte	46
 1614 0003 12       		.byte	18
 1615 0004 30       		.byte	48
 1616 0005 69       		.byte	105
 1617 0006 00       		.byte	0
 1618 0007 01       		.byte	1
 1619 0008 00       		.byte	0
 1620 0009 00       		.byte	0
 1621 000a 00       		.byte	0
 1622 000b 00       		.byte	0
 1623              		.section	.cyflashprotect,"a",%progbits
 1624              		.align	2
 1625              		.type	cy_meta_flashprotect, %object
 1626              		.size	cy_meta_flashprotect, 256
 1627              	cy_meta_flashprotect:
 1628 0000 00000000 		.space	256
 1628      00000000 
 1628      00000000 
 1628      00000000 
 1628      00000000 
 1629              		.text
 1630              	.Letext0:
 1631              		.file 1 "Generated_Source\\PSoC5\\cymetadata.c"
 1632              		.file 2 "Generated_Source\\PSoC5\\cytypes.h"
 1633              		.section	.debug_info,"",%progbits
 1634              	.Ldebug_info0:
 1635 0000 39010000 		.4byte	0x139
 1636 0004 0400     		.2byte	0x4
 1637 0006 00000000 		.4byte	.Ldebug_abbrev0
 1638 000a 04       		.byte	0x4
 1639 000b 01       		.uleb128 0x1
 1640 000c AC000000 		.4byte	.LASF18
 1641 0010 01       		.byte	0x1
 1642 0011 C2010000 		.4byte	.LASF19
 1643 0015 12000000 		.4byte	.LASF20
 1644 0019 00000000 		.4byte	.Ldebug_line0
 1645 001d 02       		.uleb128 0x2
 1646 001e 01       		.byte	0x1
 1647 001f 06       		.byte	0x6
 1648 0020 B6010000 		.4byte	.LASF0
 1649 0024 02       		.uleb128 0x2
ARM GAS  C:\Users\DANIEL~1\AppData\Local\Temp\cc4q42DJ.s 			page 30


 1650 0025 01       		.byte	0x1
 1651 0026 08       		.byte	0x8
 1652 0027 75000000 		.4byte	.LASF1
 1653 002b 02       		.uleb128 0x2
 1654 002c 02       		.byte	0x2
 1655 002d 05       		.byte	0x5
 1656 002e 9D010000 		.4byte	.LASF2
 1657 0032 02       		.uleb128 0x2
 1658 0033 02       		.byte	0x2
 1659 0034 07       		.byte	0x7
 1660 0035 62000000 		.4byte	.LASF3
 1661 0039 02       		.uleb128 0x2
 1662 003a 04       		.byte	0x4
 1663 003b 05       		.byte	0x5
 1664 003c AD010000 		.4byte	.LASF4
 1665 0040 02       		.uleb128 0x2
 1666 0041 04       		.byte	0x4
 1667 0042 07       		.byte	0x7
 1668 0043 50000000 		.4byte	.LASF5
 1669 0047 02       		.uleb128 0x2
 1670 0048 08       		.byte	0x8
 1671 0049 05       		.byte	0x5
 1672 004a 8A010000 		.4byte	.LASF6
 1673 004e 02       		.uleb128 0x2
 1674 004f 08       		.byte	0x8
 1675 0050 07       		.byte	0x7
 1676 0051 47010000 		.4byte	.LASF7
 1677 0055 03       		.uleb128 0x3
 1678 0056 04       		.byte	0x4
 1679 0057 05       		.byte	0x5
 1680 0058 696E7400 		.ascii	"int\000"
 1681 005c 02       		.uleb128 0x2
 1682 005d 04       		.byte	0x4
 1683 005e 07       		.byte	0x7
 1684 005f 3A010000 		.4byte	.LASF8
 1685 0063 04       		.uleb128 0x4
 1686 0064 A7010000 		.4byte	.LASF21
 1687 0068 02       		.byte	0x2
 1688 0069 9201     		.2byte	0x192
 1689 006b 24000000 		.4byte	0x24
 1690 006f 02       		.uleb128 0x2
 1691 0070 04       		.byte	0x4
 1692 0071 04       		.byte	0x4
 1693 0072 0C000000 		.4byte	.LASF9
 1694 0076 02       		.uleb128 0x2
 1695 0077 08       		.byte	0x8
 1696 0078 04       		.byte	0x4
 1697 0079 83000000 		.4byte	.LASF10
 1698 007d 02       		.uleb128 0x2
 1699 007e 01       		.byte	0x1
 1700 007f 08       		.byte	0x8
 1701 0080 98010000 		.4byte	.LASF11
 1702 0084 05       		.uleb128 0x5
 1703 0085 63000000 		.4byte	0x63
 1704 0089 95000000 		.4byte	0x95
 1705 008d 06       		.uleb128 0x6
 1706 008e 95000000 		.4byte	0x95
ARM GAS  C:\Users\DANIEL~1\AppData\Local\Temp\cc4q42DJ.s 			page 31


 1707 0092 1706     		.2byte	0x617
 1708 0094 00       		.byte	0
 1709 0095 02       		.uleb128 0x2
 1710 0096 04       		.byte	0x4
 1711 0097 07       		.byte	0x7
 1712 0098 81010000 		.4byte	.LASF12
 1713 009c 07       		.uleb128 0x7
 1714 009d 9A000000 		.4byte	.LASF13
 1715 00a1 01       		.byte	0x1
 1716 00a2 1F       		.byte	0x1f
 1717 00a3 AD000000 		.4byte	0xad
 1718 00a7 05       		.uleb128 0x5
 1719 00a8 03       		.byte	0x3
 1720 00a9 00000000 		.4byte	cy_meta_configecc
 1721 00ad 08       		.uleb128 0x8
 1722 00ae 84000000 		.4byte	0x84
 1723 00b2 05       		.uleb128 0x5
 1724 00b3 63000000 		.4byte	0x63
 1725 00b7 C2000000 		.4byte	0xc2
 1726 00bb 09       		.uleb128 0x9
 1727 00bc 95000000 		.4byte	0x95
 1728 00c0 03       		.byte	0x3
 1729 00c1 00       		.byte	0
 1730 00c2 07       		.uleb128 0x7
 1731 00c3 8A000000 		.4byte	.LASF14
 1732 00c7 01       		.byte	0x1
 1733 00c8 EF       		.byte	0xef
 1734 00c9 D3000000 		.4byte	0xd3
 1735 00cd 05       		.uleb128 0x5
 1736 00ce 03       		.byte	0x3
 1737 00cf 00000000 		.4byte	cy_meta_custnvl
 1738 00d3 08       		.uleb128 0x8
 1739 00d4 B2000000 		.4byte	0xb2
 1740 00d8 07       		.uleb128 0x7
 1741 00d9 73010000 		.4byte	.LASF15
 1742 00dd 01       		.byte	0x1
 1743 00de FD       		.byte	0xfd
 1744 00df E9000000 		.4byte	0xe9
 1745 00e3 05       		.uleb128 0x5
 1746 00e4 03       		.byte	0x3
 1747 00e5 00000000 		.4byte	cy_meta_wonvl
 1748 00e9 08       		.uleb128 0x8
 1749 00ea B2000000 		.4byte	0xb2
 1750 00ee 05       		.uleb128 0x5
 1751 00ef 63000000 		.4byte	0x63
 1752 00f3 FE000000 		.4byte	0xfe
 1753 00f7 09       		.uleb128 0x9
 1754 00f8 95000000 		.4byte	0x95
 1755 00fc FF       		.byte	0xff
 1756 00fd 00       		.byte	0
 1757 00fe 0A       		.uleb128 0xa
 1758 00ff 5E010000 		.4byte	.LASF16
 1759 0103 01       		.byte	0x1
 1760 0104 0B01     		.2byte	0x10b
 1761 0106 10010000 		.4byte	0x110
 1762 010a 05       		.uleb128 0x5
 1763 010b 03       		.byte	0x3
ARM GAS  C:\Users\DANIEL~1\AppData\Local\Temp\cc4q42DJ.s 			page 32


 1764 010c 00000000 		.4byte	cy_meta_flashprotect
 1765 0110 08       		.uleb128 0x8
 1766 0111 EE000000 		.4byte	0xee
 1767 0115 05       		.uleb128 0x5
 1768 0116 63000000 		.4byte	0x63
 1769 011a 25010000 		.4byte	0x125
 1770 011e 09       		.uleb128 0x9
 1771 011f 95000000 		.4byte	0x95
 1772 0123 0B       		.byte	0xb
 1773 0124 00       		.byte	0
 1774 0125 0A       		.uleb128 0xa
 1775 0126 00000000 		.4byte	.LASF17
 1776 012a 01       		.byte	0x1
 1777 012b 3801     		.2byte	0x138
 1778 012d 37010000 		.4byte	0x137
 1779 0131 05       		.uleb128 0x5
 1780 0132 03       		.byte	0x3
 1781 0133 00000000 		.4byte	cy_metadata
 1782 0137 08       		.uleb128 0x8
 1783 0138 15010000 		.4byte	0x115
 1784 013c 00       		.byte	0
 1785              		.section	.debug_abbrev,"",%progbits
 1786              	.Ldebug_abbrev0:
 1787 0000 01       		.uleb128 0x1
 1788 0001 11       		.uleb128 0x11
 1789 0002 01       		.byte	0x1
 1790 0003 25       		.uleb128 0x25
 1791 0004 0E       		.uleb128 0xe
 1792 0005 13       		.uleb128 0x13
 1793 0006 0B       		.uleb128 0xb
 1794 0007 03       		.uleb128 0x3
 1795 0008 0E       		.uleb128 0xe
 1796 0009 1B       		.uleb128 0x1b
 1797 000a 0E       		.uleb128 0xe
 1798 000b 10       		.uleb128 0x10
 1799 000c 17       		.uleb128 0x17
 1800 000d 00       		.byte	0
 1801 000e 00       		.byte	0
 1802 000f 02       		.uleb128 0x2
 1803 0010 24       		.uleb128 0x24
 1804 0011 00       		.byte	0
 1805 0012 0B       		.uleb128 0xb
 1806 0013 0B       		.uleb128 0xb
 1807 0014 3E       		.uleb128 0x3e
 1808 0015 0B       		.uleb128 0xb
 1809 0016 03       		.uleb128 0x3
 1810 0017 0E       		.uleb128 0xe
 1811 0018 00       		.byte	0
 1812 0019 00       		.byte	0
 1813 001a 03       		.uleb128 0x3
 1814 001b 24       		.uleb128 0x24
 1815 001c 00       		.byte	0
 1816 001d 0B       		.uleb128 0xb
 1817 001e 0B       		.uleb128 0xb
 1818 001f 3E       		.uleb128 0x3e
 1819 0020 0B       		.uleb128 0xb
 1820 0021 03       		.uleb128 0x3
ARM GAS  C:\Users\DANIEL~1\AppData\Local\Temp\cc4q42DJ.s 			page 33


 1821 0022 08       		.uleb128 0x8
 1822 0023 00       		.byte	0
 1823 0024 00       		.byte	0
 1824 0025 04       		.uleb128 0x4
 1825 0026 16       		.uleb128 0x16
 1826 0027 00       		.byte	0
 1827 0028 03       		.uleb128 0x3
 1828 0029 0E       		.uleb128 0xe
 1829 002a 3A       		.uleb128 0x3a
 1830 002b 0B       		.uleb128 0xb
 1831 002c 3B       		.uleb128 0x3b
 1832 002d 05       		.uleb128 0x5
 1833 002e 49       		.uleb128 0x49
 1834 002f 13       		.uleb128 0x13
 1835 0030 00       		.byte	0
 1836 0031 00       		.byte	0
 1837 0032 05       		.uleb128 0x5
 1838 0033 01       		.uleb128 0x1
 1839 0034 01       		.byte	0x1
 1840 0035 49       		.uleb128 0x49
 1841 0036 13       		.uleb128 0x13
 1842 0037 01       		.uleb128 0x1
 1843 0038 13       		.uleb128 0x13
 1844 0039 00       		.byte	0
 1845 003a 00       		.byte	0
 1846 003b 06       		.uleb128 0x6
 1847 003c 21       		.uleb128 0x21
 1848 003d 00       		.byte	0
 1849 003e 49       		.uleb128 0x49
 1850 003f 13       		.uleb128 0x13
 1851 0040 2F       		.uleb128 0x2f
 1852 0041 05       		.uleb128 0x5
 1853 0042 00       		.byte	0
 1854 0043 00       		.byte	0
 1855 0044 07       		.uleb128 0x7
 1856 0045 34       		.uleb128 0x34
 1857 0046 00       		.byte	0
 1858 0047 03       		.uleb128 0x3
 1859 0048 0E       		.uleb128 0xe
 1860 0049 3A       		.uleb128 0x3a
 1861 004a 0B       		.uleb128 0xb
 1862 004b 3B       		.uleb128 0x3b
 1863 004c 0B       		.uleb128 0xb
 1864 004d 49       		.uleb128 0x49
 1865 004e 13       		.uleb128 0x13
 1866 004f 3F       		.uleb128 0x3f
 1867 0050 19       		.uleb128 0x19
 1868 0051 02       		.uleb128 0x2
 1869 0052 18       		.uleb128 0x18
 1870 0053 00       		.byte	0
 1871 0054 00       		.byte	0
 1872 0055 08       		.uleb128 0x8
 1873 0056 26       		.uleb128 0x26
 1874 0057 00       		.byte	0
 1875 0058 49       		.uleb128 0x49
 1876 0059 13       		.uleb128 0x13
 1877 005a 00       		.byte	0
ARM GAS  C:\Users\DANIEL~1\AppData\Local\Temp\cc4q42DJ.s 			page 34


 1878 005b 00       		.byte	0
 1879 005c 09       		.uleb128 0x9
 1880 005d 21       		.uleb128 0x21
 1881 005e 00       		.byte	0
 1882 005f 49       		.uleb128 0x49
 1883 0060 13       		.uleb128 0x13
 1884 0061 2F       		.uleb128 0x2f
 1885 0062 0B       		.uleb128 0xb
 1886 0063 00       		.byte	0
 1887 0064 00       		.byte	0
 1888 0065 0A       		.uleb128 0xa
 1889 0066 34       		.uleb128 0x34
 1890 0067 00       		.byte	0
 1891 0068 03       		.uleb128 0x3
 1892 0069 0E       		.uleb128 0xe
 1893 006a 3A       		.uleb128 0x3a
 1894 006b 0B       		.uleb128 0xb
 1895 006c 3B       		.uleb128 0x3b
 1896 006d 05       		.uleb128 0x5
 1897 006e 49       		.uleb128 0x49
 1898 006f 13       		.uleb128 0x13
 1899 0070 3F       		.uleb128 0x3f
 1900 0071 19       		.uleb128 0x19
 1901 0072 02       		.uleb128 0x2
 1902 0073 18       		.uleb128 0x18
 1903 0074 00       		.byte	0
 1904 0075 00       		.byte	0
 1905 0076 00       		.byte	0
 1906              		.section	.debug_aranges,"",%progbits
 1907 0000 14000000 		.4byte	0x14
 1908 0004 0200     		.2byte	0x2
 1909 0006 00000000 		.4byte	.Ldebug_info0
 1910 000a 04       		.byte	0x4
 1911 000b 00       		.byte	0
 1912 000c 0000     		.2byte	0
 1913 000e 0000     		.2byte	0
 1914 0010 00000000 		.4byte	0
 1915 0014 00000000 		.4byte	0
 1916              		.section	.debug_line,"",%progbits
 1917              	.Ldebug_line0:
 1918 0000 4D000000 		.section	.debug_str,"MS",%progbits,1
 1918      02004700 
 1918      00000201 
 1918      FB0E0D00 
 1918      01010101 
 1919              	.LASF17:
 1920 0000 63795F6D 		.ascii	"cy_metadata\000"
 1920      65746164 
 1920      61746100 
 1921              	.LASF9:
 1922 000c 666C6F61 		.ascii	"float\000"
 1922      7400
 1923              	.LASF20:
 1924 0012 433A5C55 		.ascii	"C:\\Users\\Daniel Mendez\\Desktop\\PSoC\\Cualquiera"
 1924      73657273 
 1924      5C44616E 
 1924      69656C20 
ARM GAS  C:\Users\DANIEL~1\AppData\Local\Temp\cc4q42DJ.s 			page 35


 1924      4D656E64 
 1925 0040 5C446573 		.ascii	"\\Design01.cydsn\000"
 1925      69676E30 
 1925      312E6379 
 1925      64736E00 
 1926              	.LASF5:
 1927 0050 6C6F6E67 		.ascii	"long unsigned int\000"
 1927      20756E73 
 1927      69676E65 
 1927      6420696E 
 1927      7400
 1928              	.LASF3:
 1929 0062 73686F72 		.ascii	"short unsigned int\000"
 1929      7420756E 
 1929      7369676E 
 1929      65642069 
 1929      6E7400
 1930              	.LASF1:
 1931 0075 756E7369 		.ascii	"unsigned char\000"
 1931      676E6564 
 1931      20636861 
 1931      7200
 1932              	.LASF10:
 1933 0083 646F7562 		.ascii	"double\000"
 1933      6C6500
 1934              	.LASF14:
 1935 008a 63795F6D 		.ascii	"cy_meta_custnvl\000"
 1935      6574615F 
 1935      63757374 
 1935      6E766C00 
 1936              	.LASF13:
 1937 009a 63795F6D 		.ascii	"cy_meta_configecc\000"
 1937      6574615F 
 1937      636F6E66 
 1937      69676563 
 1937      6300
 1938              	.LASF18:
 1939 00ac 474E5520 		.ascii	"GNU C 4.9.3 20150303 (release) [ARM/embedded-4_9-br"
 1939      4320342E 
 1939      392E3320 
 1939      32303135 
 1939      30333033 
 1940 00df 616E6368 		.ascii	"anch revision 221220] -mcpu=cortex-m3 -mthumb -g -O"
 1940      20726576 
 1940      6973696F 
 1940      6E203232 
 1940      31323230 
 1941 0112 67202D66 		.ascii	"g -ffunction-sections -ffat-lto-objects\000"
 1941      66756E63 
 1941      74696F6E 
 1941      2D736563 
 1941      74696F6E 
 1942              	.LASF8:
 1943 013a 756E7369 		.ascii	"unsigned int\000"
 1943      676E6564 
 1943      20696E74 
 1943      00
ARM GAS  C:\Users\DANIEL~1\AppData\Local\Temp\cc4q42DJ.s 			page 36


 1944              	.LASF7:
 1945 0147 6C6F6E67 		.ascii	"long long unsigned int\000"
 1945      206C6F6E 
 1945      6720756E 
 1945      7369676E 
 1945      65642069 
 1946              	.LASF16:
 1947 015e 63795F6D 		.ascii	"cy_meta_flashprotect\000"
 1947      6574615F 
 1947      666C6173 
 1947      6870726F 
 1947      74656374 
 1948              	.LASF15:
 1949 0173 63795F6D 		.ascii	"cy_meta_wonvl\000"
 1949      6574615F 
 1949      776F6E76 
 1949      6C00
 1950              	.LASF12:
 1951 0181 73697A65 		.ascii	"sizetype\000"
 1951      74797065 
 1951      00
 1952              	.LASF6:
 1953 018a 6C6F6E67 		.ascii	"long long int\000"
 1953      206C6F6E 
 1953      6720696E 
 1953      7400
 1954              	.LASF11:
 1955 0198 63686172 		.ascii	"char\000"
 1955      00
 1956              	.LASF2:
 1957 019d 73686F72 		.ascii	"short int\000"
 1957      7420696E 
 1957      7400
 1958              	.LASF21:
 1959 01a7 75696E74 		.ascii	"uint8\000"
 1959      3800
 1960              	.LASF4:
 1961 01ad 6C6F6E67 		.ascii	"long int\000"
 1961      20696E74 
 1961      00
 1962              	.LASF0:
 1963 01b6 7369676E 		.ascii	"signed char\000"
 1963      65642063 
 1963      68617200 
 1964              	.LASF19:
 1965 01c2 47656E65 		.ascii	"Generated_Source\\PSoC5\\cymetadata.c\000"
 1965      72617465 
 1965      645F536F 
 1965      75726365 
 1965      5C50536F 
 1966              		.ident	"GCC: (GNU Tools for ARM Embedded Processors) 4.9.3 20150303 (release) [ARM/embedded-4_9-br
