ARM GAS  C:\Users\sajibu\AppData\Local\Temp\ccGhcX9q.s 			page 1


   1              		.syntax unified
   2              		.cpu cortex-m3
   3              		.fpu softvfp
   4              		.eabi_attribute 20, 1
   5              		.eabi_attribute 21, 1
   6              		.eabi_attribute 23, 3
   7              		.eabi_attribute 24, 1
   8              		.eabi_attribute 25, 1
   9              		.eabi_attribute 26, 1
  10              		.eabi_attribute 30, 1
  11              		.eabi_attribute 34, 1
  12              		.eabi_attribute 18, 4
  13              		.thumb
  14              		.file	"main.c"
  15              		.text
  16              	.Ltext0:
  17              		.cfi_sections	.debug_frame
  18              		.global	__aeabi_f2d
  19              		.global	__aeabi_dmul
  20              		.global	__aeabi_dsub
  21              		.global	__aeabi_ddiv
  22              		.global	__aeabi_d2f
  23              		.global	__aeabi_i2d
  24              		.section	.text.isr_10_Handler,"ax",%progbits
  25              		.align	2
  26              		.global	isr_10_Handler
  27              		.thumb
  28              		.thumb_func
  29              		.type	isr_10_Handler, %function
  30              	isr_10_Handler:
  31              	.LFB63:
  32              		.file 1 "main.c"
   1:main.c        **** /* ========================================
   2:main.c        ****  *
   3:main.c        ****  * Copyright Eduardo Inreriano, 2017
   4:main.c        ****  * All Rights Reserved
   5:main.c        ****  * UNPUBLISHED, LICENSED SOFTWARE.
   6:main.c        ****  *
   7:main.c        ****  * CONFIDENTIAL AND PROPRIETARY INFORMATION
   8:main.c        ****  * WHICH IS THE PROPERTY OF Eduardo Interiano.
   9:main.c        ****  *
  10:main.c        ****  * ========================================
  11:main.c        **** */
  12:main.c        **** #include "project.h"
  13:main.c        **** #include <stdio.h>
  14:main.c        **** #include <stdlib.h>
  15:main.c        **** 
  16:main.c        **** 
  17:main.c        **** /* Global variables */
  18:main.c        **** int16 data = 0;
  19:main.c        **** float volts = 0;
  20:main.c        **** float angulo = 0.0;
  21:main.c        **** int   ContInt=0;
  22:main.c        **** 
  23:main.c        **** int value_counter = 0;
  24:main.c        **** float distancia = 0;
  25:main.c        **** char imp[9];
ARM GAS  C:\Users\sajibu\AppData\Local\Temp\ccGhcX9q.s 			page 2


  26:main.c        **** 
  27:main.c        **** float tiempo = 0.0;
  28:main.c        **** 
  29:main.c        **** char displayStrLCD[16] = {'\0'};
  30:main.c        **** char displayStrUART[16] = {'\0'};
  31:main.c        **** 
  32:main.c        **** /* Interrupt prototype */
  33:main.c        **** CY_ISR_PROTO(isr_10_Handler);
  34:main.c        **** 
  35:main.c        **** // Interrupt handler declaration
  36:main.c        **** CY_ISR(isr_10_Handler)
  37:main.c        **** {
  33              		.loc 1 37 0
  34              		.cfi_startproc
  35              		@ args = 0, pretend = 0, frame = 0
  36              		@ frame_needed = 0, uses_anonymous_args = 0
  37 0000 10B5     		push	{r4, lr}
  38              		.cfi_def_cfa_offset 8
  39              		.cfi_offset 4, -8
  40              		.cfi_offset 14, -4
  38:main.c        ****     // Denotes interrupt begin
  39:main.c        **** 
  40:main.c        ****     ADC_IsEndConversion(ADC_WAIT_FOR_RESULT);
  41              		.loc 1 40 0
  42 0002 0020     		movs	r0, #0
  43 0004 FFF7FEFF 		bl	ADC_IsEndConversion
  44              	.LVL0:
  41:main.c        ****     data = ADC_GetResult16();
  45              		.loc 1 41 0
  46 0008 FFF7FEFF 		bl	ADC_GetResult16
  47              	.LVL1:
  48 000c 2A4C     		ldr	r4, .L5+24
  49 000e 2080     		strh	r0, [r4]	@ movhi
  42:main.c        ****     volts = ADC_CountsTo_Volts(data);
  50              		.loc 1 42 0
  51 0010 FFF7FEFF 		bl	ADC_CountsTo_Volts
  52              	.LVL2:
  53 0014 6060     		str	r0, [r4, #4]	@ float
  43:main.c        ****     angulo = (15.523*volts - 34.891)*3.1416/180;    
  54              		.loc 1 43 0
  55 0016 FFF7FEFF 		bl	__aeabi_f2d
  56              	.LVL3:
  57 001a 21A3     		adr	r3, .L5
  58 001c D3E90023 		ldrd	r2, [r3]
  59 0020 FFF7FEFF 		bl	__aeabi_dmul
  60              	.LVL4:
  61 0024 20A3     		adr	r3, .L5+8
  62 0026 D3E90023 		ldrd	r2, [r3]
  63 002a FFF7FEFF 		bl	__aeabi_dsub
  64              	.LVL5:
  65 002e 20A3     		adr	r3, .L5+16
  66 0030 D3E90023 		ldrd	r2, [r3]
  67 0034 FFF7FEFF 		bl	__aeabi_dmul
  68              	.LVL6:
  69 0038 0022     		movs	r2, #0
  70 003a 204B     		ldr	r3, .L5+28
  71 003c FFF7FEFF 		bl	__aeabi_ddiv
ARM GAS  C:\Users\sajibu\AppData\Local\Temp\ccGhcX9q.s 			page 3


  72              	.LVL7:
  73 0040 FFF7FEFF 		bl	__aeabi_d2f
  74              	.LVL8:
  75 0044 A060     		str	r0, [r4, #8]	@ float
  44:main.c        ****     
  45:main.c        ****     if (ContInt>10){
  76              		.loc 1 45 0
  77 0046 E368     		ldr	r3, [r4, #12]
  78 0048 0A2B     		cmp	r3, #10
  79 004a 22DD     		ble	.L2
  46:main.c        ****         Trigger_out_Write(1);
  80              		.loc 1 46 0
  81 004c 0120     		movs	r0, #1
  82 004e FFF7FEFF 		bl	Trigger_out_Write
  83              	.LVL9:
  47:main.c        ****         CyDelayUs(10);
  84              		.loc 1 47 0
  85 0052 0A20     		movs	r0, #10
  86 0054 FFF7FEFF 		bl	CyDelayUs
  87              	.LVL10:
  48:main.c        ****         Trigger_out_Write(0);
  88              		.loc 1 48 0
  89 0058 0020     		movs	r0, #0
  90 005a FFF7FEFF 		bl	Trigger_out_Write
  91              	.LVL11:
  49:main.c        ****         CyDelayUs(1000);
  92              		.loc 1 49 0
  93 005e 4FF47A70 		mov	r0, #1000
  94 0062 FFF7FEFF 		bl	CyDelayUs
  95              	.LVL12:
  96              	.L3:
  50:main.c        ****         while (echo_Read()==1){}
  97              		.loc 1 50 0 discriminator 1
  98 0066 FFF7FEFF 		bl	echo_Read
  99              	.LVL13:
 100 006a 0128     		cmp	r0, #1
 101 006c FBD0     		beq	.L3
  51:main.c        ****         value_counter=65535-Timer2_ReadCounter();
 102              		.loc 1 51 0
 103 006e FFF7FEFF 		bl	Timer2_ReadCounter
 104              	.LVL14:
 105 0072 C0F57F40 		rsb	r0, r0, #65280
 106 0076 FF30     		adds	r0, r0, #255
 107 0078 0F4C     		ldr	r4, .L5+24
 108 007a 2061     		str	r0, [r4, #16]
  52:main.c        ****         distancia=value_counter/58.0;
 109              		.loc 1 52 0
 110 007c FFF7FEFF 		bl	__aeabi_i2d
 111              	.LVL15:
 112 0080 0022     		movs	r2, #0
 113 0082 0F4B     		ldr	r3, .L5+32
 114 0084 FFF7FEFF 		bl	__aeabi_ddiv
 115              	.LVL16:
 116 0088 FFF7FEFF 		bl	__aeabi_d2f
 117              	.LVL17:
 118 008c 6061     		str	r0, [r4, #20]	@ float
  53:main.c        ****         ContInt=0;
ARM GAS  C:\Users\sajibu\AppData\Local\Temp\ccGhcX9q.s 			page 4


 119              		.loc 1 53 0
 120 008e 0023     		movs	r3, #0
 121 0090 E360     		str	r3, [r4, #12]
 122              	.L2:
  54:main.c        ****     }
  55:main.c        ****     ContInt++;
 123              		.loc 1 55 0
 124 0092 094A     		ldr	r2, .L5+24
 125 0094 D368     		ldr	r3, [r2, #12]
 126 0096 0133     		adds	r3, r3, #1
 127 0098 D360     		str	r3, [r2, #12]
 128 009a 10BD     		pop	{r4, pc}
 129              	.L6:
 130 009c AFF30080 		.align	3
 131              	.L5:
 132 00a0 B29DEFA7 		.word	-1477468750
 133 00a4 C60B2F40 		.word	1076825030
 134 00a8 355EBA49 		.word	1236950581
 135 00ac 0C724140 		.word	1078030860
 136 00b0 A7E8482E 		.word	776530087
 137 00b4 FF210940 		.word	1074340351
 138 00b8 00000000 		.word	.LANCHOR0
 139 00bc 00806640 		.word	1080459264
 140 00c0 00004D40 		.word	1078788096
 141              		.cfi_endproc
 142              	.LFE63:
 143              		.size	isr_10_Handler, .-isr_10_Handler
 144 00c4 AFF30080 		.section	.text.main,"ax",%progbits
 145              		.align	2
 146              		.global	main
 147              		.thumb
 148              		.thumb_func
 149              		.type	main, %function
 150              	main:
 151              	.LFB64:
  56:main.c        ****    
  57:main.c        **** }
  58:main.c        **** 
  59:main.c        **** int main(void)
  60:main.c        **** {    
 152              		.loc 1 60 0
 153              		.cfi_startproc
 154              		@ Volatile: function does not return.
 155              		@ args = 0, pretend = 0, frame = 0
 156              		@ frame_needed = 0, uses_anonymous_args = 0
 157 0000 80B5     		push	{r7, lr}
 158              		.cfi_def_cfa_offset 8
 159              		.cfi_offset 7, -8
 160              		.cfi_offset 14, -4
 161 0002 82B0     		sub	sp, sp, #8
 162              		.cfi_def_cfa_offset 16
  61:main.c        ****     /* Place your startup code here (e.g. MyInst_Start()) */
  62:main.c        ****     ADC_Start();
 163              		.loc 1 62 0
 164 0004 FFF7FEFF 		bl	ADC_Start
 165              	.LVL18:
  63:main.c        ****     ADC_StartConvert();
ARM GAS  C:\Users\sajibu\AppData\Local\Temp\ccGhcX9q.s 			page 5


 166              		.loc 1 63 0
 167 0008 FFF7FEFF 		bl	ADC_StartConvert
 168              	.LVL19:
  64:main.c        ****     Timer2_Start();
 169              		.loc 1 64 0
 170 000c FFF7FEFF 		bl	Timer2_Start
 171              	.LVL20:
  65:main.c        ****     Timer_Start();
 172              		.loc 1 65 0
 173 0010 FFF7FEFF 		bl	Timer_Start
 174              	.LVL21:
  66:main.c        ****     
  67:main.c        ****     T1_Start();//Temporizacion del motor
 175              		.loc 1 67 0
 176 0014 FFF7FEFF 		bl	T1_Start
 177              	.LVL22:
  68:main.c        ****     
  69:main.c        ****     // Interrrup process init with StartEx not simple Start
  70:main.c        ****     isr_10_StartEx(isr_10_Handler);
 178              		.loc 1 70 0
 179 0018 3248     		ldr	r0, .L10
 180 001a FFF7FEFF 		bl	isr_10_StartEx
 181              	.LVL23:
  71:main.c        **** 
  72:main.c        ****     CyGlobalIntEnable; /* Enable global interrupts. */
 182              		.loc 1 72 0
 183              	@ 72 "main.c" 1
 184 001e 62B6     		CPSIE   i
 185              	@ 0 "" 2
  73:main.c        **** 
  74:main.c        ****     LCD_Start();
 186              		.loc 1 74 0
 187              		.thumb
 188 0020 FFF7FEFF 		bl	LCD_Start
 189              	.LVL24:
  75:main.c        ****     LCD_ClearDisplay();
 190              		.loc 1 75 0
 191 0024 0120     		movs	r0, #1
 192 0026 FFF7FEFF 		bl	LCD_WriteControl
 193              	.LVL25:
  76:main.c        ****     LCD_Position(0,0);
 194              		.loc 1 76 0
 195 002a 0020     		movs	r0, #0
 196 002c 0146     		mov	r1, r0
 197 002e FFF7FEFF 		bl	LCD_Position
 198              	.LVL26:
  77:main.c        ****     LCD_PrintString("Angulo - Dist");
 199              		.loc 1 77 0
 200 0032 2D48     		ldr	r0, .L10+4
 201 0034 FFF7FEFF 		bl	LCD_PrintString
 202              	.LVL27:
  78:main.c        ****     
  79:main.c        ****     UART_Start();
 203              		.loc 1 79 0
 204 0038 FFF7FEFF 		bl	UART_Start
 205              	.LVL28:
  80:main.c        ****     sprintf(displayStrLCD,"%.2f r %.1f cm",volts, distancia);
ARM GAS  C:\Users\sajibu\AppData\Local\Temp\ccGhcX9q.s 			page 6


 206              		.loc 1 80 0
 207 003c 2B4C     		ldr	r4, .L10+8
 208 003e 04F11805 		add	r5, r4, #24
 209 0042 6068     		ldr	r0, [r4, #4]	@ float
 210 0044 FFF7FEFF 		bl	__aeabi_f2d
 211              	.LVL29:
 212 0048 0646     		mov	r6, r0
 213 004a 0F46     		mov	r7, r1
 214 004c 6069     		ldr	r0, [r4, #20]	@ float
 215 004e FFF7FEFF 		bl	__aeabi_f2d
 216              	.LVL30:
 217 0052 CDE90001 		strd	r0, [sp]
 218 0056 2846     		mov	r0, r5
 219 0058 2549     		ldr	r1, .L10+12
 220 005a 3246     		mov	r2, r6
 221 005c 3B46     		mov	r3, r7
 222 005e FFF7FEFF 		bl	sprintf
 223              	.LVL31:
  81:main.c        ****     LCD_Position(1,0);
 224              		.loc 1 81 0
 225 0062 0120     		movs	r0, #1
 226 0064 0021     		movs	r1, #0
 227 0066 FFF7FEFF 		bl	LCD_Position
 228              	.LVL32:
  82:main.c        ****     LCD_PrintString(displayStrLCD);
 229              		.loc 1 82 0
 230 006a 2846     		mov	r0, r5
 231 006c FFF7FEFF 		bl	LCD_PrintString
 232              	.LVL33:
  83:main.c        ****         
  84:main.c        ****     UART_PutString(displayStrUART);
 233              		.loc 1 84 0
 234 0070 04F12800 		add	r0, r4, #40
 235 0074 FFF7FEFF 		bl	UART_PutString
 236              	.LVL34:
  85:main.c        ****     UART_PutString("\n\r");    
 237              		.loc 1 85 0
 238 0078 1E48     		ldr	r0, .L10+16
 239 007a FFF7FEFF 		bl	UART_PutString
 240              	.LVL35:
 241              	.L8:
  86:main.c        ****     // Infinite loop
  87:main.c        ****     for(;;)
  88:main.c        ****     {  
  89:main.c        ****        sprintf(displayStrLCD,"%.2f r %.1f cm",volts, distancia);
 242              		.loc 1 89 0 discriminator 1
 243 007e 1B4C     		ldr	r4, .L10+8
 244 0080 04F11808 		add	r8, r4, #24
 245 0084 6068     		ldr	r0, [r4, #4]	@ float
 246 0086 FFF7FEFF 		bl	__aeabi_f2d
 247              	.LVL36:
 248 008a 0646     		mov	r6, r0
 249 008c 0F46     		mov	r7, r1
 250 008e 6069     		ldr	r0, [r4, #20]	@ float
 251 0090 FFF7FEFF 		bl	__aeabi_f2d
 252              	.LVL37:
 253 0094 CDE90001 		strd	r0, [sp]
ARM GAS  C:\Users\sajibu\AppData\Local\Temp\ccGhcX9q.s 			page 7


 254 0098 4046     		mov	r0, r8
 255 009a 1549     		ldr	r1, .L10+12
 256 009c 3246     		mov	r2, r6
 257 009e 3B46     		mov	r3, r7
 258 00a0 FFF7FEFF 		bl	sprintf
 259              	.LVL38:
  90:main.c        ****        sprintf(displayStrUART,"%.2f, %.1f",angulo,distancia);
 260              		.loc 1 90 0 discriminator 1
 261 00a4 04F12805 		add	r5, r4, #40
 262 00a8 A068     		ldr	r0, [r4, #8]	@ float
 263 00aa FFF7FEFF 		bl	__aeabi_f2d
 264              	.LVL39:
 265 00ae 0646     		mov	r6, r0
 266 00b0 0F46     		mov	r7, r1
 267 00b2 6069     		ldr	r0, [r4, #20]	@ float
 268 00b4 FFF7FEFF 		bl	__aeabi_f2d
 269              	.LVL40:
 270 00b8 CDE90001 		strd	r0, [sp]
 271 00bc 2846     		mov	r0, r5
 272 00be 0E49     		ldr	r1, .L10+20
 273 00c0 3246     		mov	r2, r6
 274 00c2 3B46     		mov	r3, r7
 275 00c4 FFF7FEFF 		bl	sprintf
 276              	.LVL41:
  91:main.c        ****        LCD_Position(1,0);
 277              		.loc 1 91 0 discriminator 1
 278 00c8 0120     		movs	r0, #1
 279 00ca 0021     		movs	r1, #0
 280 00cc FFF7FEFF 		bl	LCD_Position
 281              	.LVL42:
  92:main.c        ****        LCD_PrintString(displayStrLCD);
 282              		.loc 1 92 0 discriminator 1
 283 00d0 4046     		mov	r0, r8
 284 00d2 FFF7FEFF 		bl	LCD_PrintString
 285              	.LVL43:
  93:main.c        ****     
  94:main.c        ****        UART_PutString(displayStrUART);
 286              		.loc 1 94 0 discriminator 1
 287 00d6 2846     		mov	r0, r5
 288 00d8 FFF7FEFF 		bl	UART_PutString
 289              	.LVL44:
  95:main.c        ****        UART_PutString("\n\r");
 290              		.loc 1 95 0 discriminator 1
 291 00dc 0548     		ldr	r0, .L10+16
 292 00de FFF7FEFF 		bl	UART_PutString
 293              	.LVL45:
  96:main.c        ****     } // for
 294              		.loc 1 96 0 discriminator 1
 295 00e2 CCE7     		b	.L8
 296              	.L11:
 297              		.align	2
 298              	.L10:
 299 00e4 00000000 		.word	isr_10_Handler
 300 00e8 00000000 		.word	.LC0
 301 00ec 00000000 		.word	.LANCHOR0
 302 00f0 10000000 		.word	.LC1
 303 00f4 20000000 		.word	.LC2
ARM GAS  C:\Users\sajibu\AppData\Local\Temp\ccGhcX9q.s 			page 8


 304 00f8 24000000 		.word	.LC3
 305              		.cfi_endproc
 306              	.LFE64:
 307              		.size	main, .-main
 308              		.global	displayStrUART
 309              		.global	displayStrLCD
 310              		.global	tiempo
 311              		.comm	imp,9,4
 312              		.global	distancia
 313              		.global	value_counter
 314              		.global	ContInt
 315              		.global	angulo
 316              		.global	volts
 317              		.global	data
 318              		.section	.rodata.str1.4,"aMS",%progbits,1
 319              		.align	2
 320              	.LC0:
 321 0000 416E6775 		.ascii	"Angulo - Dist\000"
 321      6C6F202D 
 321      20446973 
 321      7400
 322 000e 0000     		.space	2
 323              	.LC1:
 324 0010 252E3266 		.ascii	"%.2f r %.1f cm\000"
 324      20722025 
 324      2E316620 
 324      636D00
 325 001f 00       		.space	1
 326              	.LC2:
 327 0020 0A0D00   		.ascii	"\012\015\000"
 328 0023 00       		.space	1
 329              	.LC3:
 330 0024 252E3266 		.ascii	"%.2f, %.1f\000"
 330      2C20252E 
 330      316600
 331 002f 00       		.bss
 332              		.align	2
 333              		.set	.LANCHOR0,. + 0
 334              		.type	data, %object
 335              		.size	data, 2
 336              	data:
 337 0000 0000     		.space	2
 338 0002 0000     		.space	2
 339              		.type	volts, %object
 340              		.size	volts, 4
 341              	volts:
 342 0004 00000000 		.space	4
 343              		.type	angulo, %object
 344              		.size	angulo, 4
 345              	angulo:
 346 0008 00000000 		.space	4
 347              		.type	ContInt, %object
 348              		.size	ContInt, 4
 349              	ContInt:
 350 000c 00000000 		.space	4
 351              		.type	value_counter, %object
 352              		.size	value_counter, 4
ARM GAS  C:\Users\sajibu\AppData\Local\Temp\ccGhcX9q.s 			page 9


 353              	value_counter:
 354 0010 00000000 		.space	4
 355              		.type	distancia, %object
 356              		.size	distancia, 4
 357              	distancia:
 358 0014 00000000 		.space	4
 359              		.type	displayStrLCD, %object
 360              		.size	displayStrLCD, 16
 361              	displayStrLCD:
 362 0018 00000000 		.space	16
 362      00000000 
 362      00000000 
 362      00000000 
 363              		.type	displayStrUART, %object
 364              		.size	displayStrUART, 16
 365              	displayStrUART:
 366 0028 00000000 		.space	16
 366      00000000 
 366      00000000 
 366      00000000 
 367              		.type	tiempo, %object
 368              		.size	tiempo, 4
 369              	tiempo:
 370 0038 00000000 		.space	4
 371              		.text
 372              	.Letext0:
 373              		.file 2 "c:\\program files (x86)\\cypress\\psoc creator\\4.0\\psoc creator\\import\\gnu\\arm\\4.9.
 374              		.file 3 "c:\\program files (x86)\\cypress\\psoc creator\\4.0\\psoc creator\\import\\gnu\\arm\\4.9.
 375              		.file 4 "Generated_Source\\PSoC5/cytypes.h"
 376              		.file 5 "Generated_Source\\PSoC5/core_cm3.h"
 377              		.file 6 "Generated_Source\\PSoC5/ADC.h"
 378              		.file 7 "Generated_Source\\PSoC5/Trigger_out.h"
 379              		.file 8 "Generated_Source\\PSoC5/CyLib.h"
 380              		.file 9 "Generated_Source\\PSoC5/echo.h"
 381              		.file 10 "Generated_Source\\PSoC5/Timer2.h"
 382              		.file 11 "Generated_Source\\PSoC5/Timer.h"
 383              		.file 12 "Generated_Source\\PSoC5/T1.h"
 384              		.file 13 "Generated_Source\\PSoC5/isr_10.h"
 385              		.file 14 "Generated_Source\\PSoC5/LCD.h"
 386              		.file 15 "Generated_Source\\PSoC5/UART.h"
 387              		.file 16 "c:\\program files (x86)\\cypress\\psoc creator\\4.0\\psoc creator\\import\\gnu\\arm\\4.9
 388              		.section	.debug_info,"",%progbits
 389              	.Ldebug_info0:
 390 0000 49050000 		.4byte	0x549
 391 0004 0400     		.2byte	0x4
 392 0006 00000000 		.4byte	.Ldebug_abbrev0
 393 000a 04       		.byte	0x4
 394 000b 01       		.uleb128 0x1
 395 000c 59010000 		.4byte	.LASF51
 396 0010 01       		.byte	0x1
 397 0011 8C020000 		.4byte	.LASF52
 398 0015 F6020000 		.4byte	.LASF53
 399 0019 00000000 		.4byte	.Ldebug_ranges0+0
 400 001d 00000000 		.4byte	0
 401 0021 00000000 		.4byte	.Ldebug_line0
 402 0025 02       		.uleb128 0x2
 403 0026 01       		.byte	0x1
ARM GAS  C:\Users\sajibu\AppData\Local\Temp\ccGhcX9q.s 			page 10


 404 0027 06       		.byte	0x6
 405 0028 D3020000 		.4byte	.LASF0
 406 002c 02       		.uleb128 0x2
 407 002d 01       		.byte	0x1
 408 002e 08       		.byte	0x8
 409 002f 92000000 		.4byte	.LASF1
 410 0033 02       		.uleb128 0x2
 411 0034 02       		.byte	0x2
 412 0035 05       		.byte	0x5
 413 0036 A7020000 		.4byte	.LASF2
 414 003a 02       		.uleb128 0x2
 415 003b 02       		.byte	0x2
 416 003c 07       		.byte	0x7
 417 003d 6D000000 		.4byte	.LASF3
 418 0041 03       		.uleb128 0x3
 419 0042 4B000000 		.4byte	.LASF9
 420 0046 02       		.byte	0x2
 421 0047 3F       		.byte	0x3f
 422 0048 4C000000 		.4byte	0x4c
 423 004c 02       		.uleb128 0x2
 424 004d 04       		.byte	0x4
 425 004e 05       		.byte	0x5
 426 004f 64000000 		.4byte	.LASF4
 427 0053 02       		.uleb128 0x2
 428 0054 04       		.byte	0x4
 429 0055 07       		.byte	0x7
 430 0056 FC000000 		.4byte	.LASF5
 431 005a 02       		.uleb128 0x2
 432 005b 08       		.byte	0x8
 433 005c 05       		.byte	0x5
 434 005d 7E020000 		.4byte	.LASF6
 435 0061 02       		.uleb128 0x2
 436 0062 08       		.byte	0x8
 437 0063 07       		.byte	0x7
 438 0064 0D020000 		.4byte	.LASF7
 439 0068 04       		.uleb128 0x4
 440 0069 04       		.byte	0x4
 441 006a 05       		.byte	0x5
 442 006b 696E7400 		.ascii	"int\000"
 443 006f 02       		.uleb128 0x2
 444 0070 04       		.byte	0x4
 445 0071 07       		.byte	0x7
 446 0072 F3010000 		.4byte	.LASF8
 447 0076 03       		.uleb128 0x3
 448 0077 5A020000 		.4byte	.LASF10
 449 007b 03       		.byte	0x3
 450 007c 2C       		.byte	0x2c
 451 007d 41000000 		.4byte	0x41
 452 0081 05       		.uleb128 0x5
 453 0082 B1020000 		.4byte	.LASF11
 454 0086 04       		.byte	0x4
 455 0087 9201     		.2byte	0x192
 456 0089 2C000000 		.4byte	0x2c
 457 008d 05       		.uleb128 0x5
 458 008e 0E010000 		.4byte	.LASF12
 459 0092 04       		.byte	0x4
 460 0093 9301     		.2byte	0x193
ARM GAS  C:\Users\sajibu\AppData\Local\Temp\ccGhcX9q.s 			page 11


 461 0095 3A000000 		.4byte	0x3a
 462 0099 05       		.uleb128 0x5
 463 009a B4000000 		.4byte	.LASF13
 464 009e 04       		.byte	0x4
 465 009f 9601     		.2byte	0x196
 466 00a1 33000000 		.4byte	0x33
 467 00a5 05       		.uleb128 0x5
 468 00a6 CE000000 		.4byte	.LASF14
 469 00aa 04       		.byte	0x4
 470 00ab 9701     		.2byte	0x197
 471 00ad 4C000000 		.4byte	0x4c
 472 00b1 05       		.uleb128 0x5
 473 00b2 B7020000 		.4byte	.LASF15
 474 00b6 04       		.byte	0x4
 475 00b7 9801     		.2byte	0x198
 476 00b9 BD000000 		.4byte	0xbd
 477 00bd 02       		.uleb128 0x2
 478 00be 04       		.byte	0x4
 479 00bf 04       		.byte	0x4
 480 00c0 87000000 		.4byte	.LASF16
 481 00c4 02       		.uleb128 0x2
 482 00c5 08       		.byte	0x8
 483 00c6 04       		.byte	0x4
 484 00c7 80000000 		.4byte	.LASF17
 485 00cb 05       		.uleb128 0x5
 486 00cc AE000000 		.4byte	.LASF18
 487 00d0 04       		.byte	0x4
 488 00d1 A301     		.2byte	0x1a3
 489 00d3 D7000000 		.4byte	0xd7
 490 00d7 02       		.uleb128 0x2
 491 00d8 01       		.byte	0x1
 492 00d9 08       		.byte	0x8
 493 00da 93020000 		.4byte	.LASF19
 494 00de 05       		.uleb128 0x5
 495 00df 42020000 		.4byte	.LASF20
 496 00e3 04       		.byte	0x4
 497 00e4 4E02     		.2byte	0x24e
 498 00e6 EA000000 		.4byte	0xea
 499 00ea 06       		.uleb128 0x6
 500 00eb 04       		.byte	0x4
 501 00ec F0000000 		.4byte	0xf0
 502 00f0 07       		.uleb128 0x7
 503 00f1 02       		.uleb128 0x2
 504 00f2 04       		.byte	0x4
 505 00f3 07       		.byte	0x7
 506 00f4 62020000 		.4byte	.LASF21
 507 00f8 06       		.uleb128 0x6
 508 00f9 04       		.byte	0x4
 509 00fa D7000000 		.4byte	0xd7
 510 00fe 06       		.uleb128 0x6
 511 00ff 04       		.byte	0x4
 512 0100 04010000 		.4byte	0x104
 513 0104 08       		.uleb128 0x8
 514 0105 D7000000 		.4byte	0xd7
 515 0109 09       		.uleb128 0x9
 516 010a 55000000 		.4byte	.LASF54
 517 010e 01       		.byte	0x1
ARM GAS  C:\Users\sajibu\AppData\Local\Temp\ccGhcX9q.s 			page 12


 518 010f 24       		.byte	0x24
 519 0110 00000000 		.4byte	.LFB63
 520 0114 C4000000 		.4byte	.LFE63-.LFB63
 521 0118 01       		.uleb128 0x1
 522 0119 9C       		.byte	0x9c
 523 011a A4010000 		.4byte	0x1a4
 524 011e 0A       		.uleb128 0xa
 525 011f 08000000 		.4byte	.LVL0
 526 0123 32040000 		.4byte	0x432
 527 0127 31010000 		.4byte	0x131
 528 012b 0B       		.uleb128 0xb
 529 012c 01       		.uleb128 0x1
 530 012d 50       		.byte	0x50
 531 012e 01       		.uleb128 0x1
 532 012f 30       		.byte	0x30
 533 0130 00       		.byte	0
 534 0131 0C       		.uleb128 0xc
 535 0132 0C000000 		.4byte	.LVL1
 536 0136 47040000 		.4byte	0x447
 537 013a 0C       		.uleb128 0xc
 538 013b 14000000 		.4byte	.LVL2
 539 013f 52040000 		.4byte	0x452
 540 0143 0A       		.uleb128 0xa
 541 0144 52000000 		.4byte	.LVL9
 542 0148 67040000 		.4byte	0x467
 543 014c 56010000 		.4byte	0x156
 544 0150 0B       		.uleb128 0xb
 545 0151 01       		.uleb128 0x1
 546 0152 50       		.byte	0x50
 547 0153 01       		.uleb128 0x1
 548 0154 31       		.byte	0x31
 549 0155 00       		.byte	0
 550 0156 0A       		.uleb128 0xa
 551 0157 58000000 		.4byte	.LVL10
 552 015b 78040000 		.4byte	0x478
 553 015f 69010000 		.4byte	0x169
 554 0163 0B       		.uleb128 0xb
 555 0164 01       		.uleb128 0x1
 556 0165 50       		.byte	0x50
 557 0166 01       		.uleb128 0x1
 558 0167 3A       		.byte	0x3a
 559 0168 00       		.byte	0
 560 0169 0A       		.uleb128 0xa
 561 016a 5E000000 		.4byte	.LVL11
 562 016e 67040000 		.4byte	0x467
 563 0172 7C010000 		.4byte	0x17c
 564 0176 0B       		.uleb128 0xb
 565 0177 01       		.uleb128 0x1
 566 0178 50       		.byte	0x50
 567 0179 01       		.uleb128 0x1
 568 017a 30       		.byte	0x30
 569 017b 00       		.byte	0
 570 017c 0A       		.uleb128 0xa
 571 017d 66000000 		.4byte	.LVL12
 572 0181 78040000 		.4byte	0x478
 573 0185 91010000 		.4byte	0x191
 574 0189 0B       		.uleb128 0xb
ARM GAS  C:\Users\sajibu\AppData\Local\Temp\ccGhcX9q.s 			page 13


 575 018a 01       		.uleb128 0x1
 576 018b 50       		.byte	0x50
 577 018c 03       		.uleb128 0x3
 578 018d 0A       		.byte	0xa
 579 018e E803     		.2byte	0x3e8
 580 0190 00       		.byte	0
 581 0191 0C       		.uleb128 0xc
 582 0192 6A000000 		.4byte	.LVL13
 583 0196 89040000 		.4byte	0x489
 584 019a 0C       		.uleb128 0xc
 585 019b 72000000 		.4byte	.LVL14
 586 019f 94040000 		.4byte	0x494
 587 01a3 00       		.byte	0
 588 01a4 0D       		.uleb128 0xd
 589 01a5 4F020000 		.4byte	.LASF55
 590 01a9 01       		.byte	0x1
 591 01aa 3B       		.byte	0x3b
 592 01ab 68000000 		.4byte	0x68
 593 01af 00000000 		.4byte	.LFB64
 594 01b3 FC000000 		.4byte	.LFE64-.LFB64
 595 01b7 01       		.uleb128 0x1
 596 01b8 9C       		.byte	0x9c
 597 01b9 57030000 		.4byte	0x357
 598 01bd 0C       		.uleb128 0xc
 599 01be 08000000 		.4byte	.LVL18
 600 01c2 9F040000 		.4byte	0x49f
 601 01c6 0C       		.uleb128 0xc
 602 01c7 0C000000 		.4byte	.LVL19
 603 01cb A6040000 		.4byte	0x4a6
 604 01cf 0C       		.uleb128 0xc
 605 01d0 10000000 		.4byte	.LVL20
 606 01d4 AD040000 		.4byte	0x4ad
 607 01d8 0C       		.uleb128 0xc
 608 01d9 14000000 		.4byte	.LVL21
 609 01dd B4040000 		.4byte	0x4b4
 610 01e1 0C       		.uleb128 0xc
 611 01e2 18000000 		.4byte	.LVL22
 612 01e6 BB040000 		.4byte	0x4bb
 613 01ea 0A       		.uleb128 0xa
 614 01eb 1E000000 		.4byte	.LVL23
 615 01ef C2040000 		.4byte	0x4c2
 616 01f3 01020000 		.4byte	0x201
 617 01f7 0B       		.uleb128 0xb
 618 01f8 01       		.uleb128 0x1
 619 01f9 50       		.byte	0x50
 620 01fa 05       		.uleb128 0x5
 621 01fb 03       		.byte	0x3
 622 01fc 00000000 		.4byte	isr_10_Handler
 623 0200 00       		.byte	0
 624 0201 0C       		.uleb128 0xc
 625 0202 24000000 		.4byte	.LVL24
 626 0206 D3040000 		.4byte	0x4d3
 627 020a 0A       		.uleb128 0xa
 628 020b 2A000000 		.4byte	.LVL25
 629 020f DA040000 		.4byte	0x4da
 630 0213 1D020000 		.4byte	0x21d
 631 0217 0B       		.uleb128 0xb
ARM GAS  C:\Users\sajibu\AppData\Local\Temp\ccGhcX9q.s 			page 14


 632 0218 01       		.uleb128 0x1
 633 0219 50       		.byte	0x50
 634 021a 01       		.uleb128 0x1
 635 021b 31       		.byte	0x31
 636 021c 00       		.byte	0
 637 021d 0A       		.uleb128 0xa
 638 021e 32000000 		.4byte	.LVL26
 639 0222 EB040000 		.4byte	0x4eb
 640 0226 35020000 		.4byte	0x235
 641 022a 0B       		.uleb128 0xb
 642 022b 01       		.uleb128 0x1
 643 022c 51       		.byte	0x51
 644 022d 01       		.uleb128 0x1
 645 022e 30       		.byte	0x30
 646 022f 0B       		.uleb128 0xb
 647 0230 01       		.uleb128 0x1
 648 0231 50       		.byte	0x50
 649 0232 01       		.uleb128 0x1
 650 0233 30       		.byte	0x30
 651 0234 00       		.byte	0
 652 0235 0A       		.uleb128 0xa
 653 0236 38000000 		.4byte	.LVL27
 654 023a 01050000 		.4byte	0x501
 655 023e 4C020000 		.4byte	0x24c
 656 0242 0B       		.uleb128 0xb
 657 0243 01       		.uleb128 0x1
 658 0244 50       		.byte	0x50
 659 0245 05       		.uleb128 0x5
 660 0246 03       		.byte	0x3
 661 0247 00000000 		.4byte	.LC0
 662 024b 00       		.byte	0
 663 024c 0C       		.uleb128 0xc
 664 024d 3C000000 		.4byte	.LVL28
 665 0251 1D050000 		.4byte	0x51d
 666 0255 0A       		.uleb128 0xa
 667 0256 62000000 		.4byte	.LVL31
 668 025a 24050000 		.4byte	0x524
 669 025e 72020000 		.4byte	0x272
 670 0262 0B       		.uleb128 0xb
 671 0263 01       		.uleb128 0x1
 672 0264 51       		.byte	0x51
 673 0265 05       		.uleb128 0x5
 674 0266 03       		.byte	0x3
 675 0267 10000000 		.4byte	.LC1
 676 026b 0B       		.uleb128 0xb
 677 026c 01       		.uleb128 0x1
 678 026d 50       		.byte	0x50
 679 026e 02       		.uleb128 0x2
 680 026f 75       		.byte	0x75
 681 0270 00       		.sleb128 0
 682 0271 00       		.byte	0
 683 0272 0A       		.uleb128 0xa
 684 0273 6A000000 		.4byte	.LVL32
 685 0277 EB040000 		.4byte	0x4eb
 686 027b 8A020000 		.4byte	0x28a
 687 027f 0B       		.uleb128 0xb
 688 0280 01       		.uleb128 0x1
ARM GAS  C:\Users\sajibu\AppData\Local\Temp\ccGhcX9q.s 			page 15


 689 0281 51       		.byte	0x51
 690 0282 01       		.uleb128 0x1
 691 0283 30       		.byte	0x30
 692 0284 0B       		.uleb128 0xb
 693 0285 01       		.uleb128 0x1
 694 0286 50       		.byte	0x50
 695 0287 01       		.uleb128 0x1
 696 0288 31       		.byte	0x31
 697 0289 00       		.byte	0
 698 028a 0A       		.uleb128 0xa
 699 028b 70000000 		.4byte	.LVL33
 700 028f 01050000 		.4byte	0x501
 701 0293 9E020000 		.4byte	0x29e
 702 0297 0B       		.uleb128 0xb
 703 0298 01       		.uleb128 0x1
 704 0299 50       		.byte	0x50
 705 029a 02       		.uleb128 0x2
 706 029b 75       		.byte	0x75
 707 029c 00       		.sleb128 0
 708 029d 00       		.byte	0
 709 029e 0A       		.uleb128 0xa
 710 029f 78000000 		.4byte	.LVL34
 711 02a3 3F050000 		.4byte	0x53f
 712 02a7 B2020000 		.4byte	0x2b2
 713 02ab 0B       		.uleb128 0xb
 714 02ac 01       		.uleb128 0x1
 715 02ad 50       		.byte	0x50
 716 02ae 02       		.uleb128 0x2
 717 02af 74       		.byte	0x74
 718 02b0 28       		.sleb128 40
 719 02b1 00       		.byte	0
 720 02b2 0A       		.uleb128 0xa
 721 02b3 7E000000 		.4byte	.LVL35
 722 02b7 3F050000 		.4byte	0x53f
 723 02bb C9020000 		.4byte	0x2c9
 724 02bf 0B       		.uleb128 0xb
 725 02c0 01       		.uleb128 0x1
 726 02c1 50       		.byte	0x50
 727 02c2 05       		.uleb128 0x5
 728 02c3 03       		.byte	0x3
 729 02c4 20000000 		.4byte	.LC2
 730 02c8 00       		.byte	0
 731 02c9 0A       		.uleb128 0xa
 732 02ca A4000000 		.4byte	.LVL38
 733 02ce 24050000 		.4byte	0x524
 734 02d2 E6020000 		.4byte	0x2e6
 735 02d6 0B       		.uleb128 0xb
 736 02d7 01       		.uleb128 0x1
 737 02d8 51       		.byte	0x51
 738 02d9 05       		.uleb128 0x5
 739 02da 03       		.byte	0x3
 740 02db 10000000 		.4byte	.LC1
 741 02df 0B       		.uleb128 0xb
 742 02e0 01       		.uleb128 0x1
 743 02e1 50       		.byte	0x50
 744 02e2 02       		.uleb128 0x2
 745 02e3 78       		.byte	0x78
ARM GAS  C:\Users\sajibu\AppData\Local\Temp\ccGhcX9q.s 			page 16


 746 02e4 00       		.sleb128 0
 747 02e5 00       		.byte	0
 748 02e6 0A       		.uleb128 0xa
 749 02e7 C8000000 		.4byte	.LVL41
 750 02eb 24050000 		.4byte	0x524
 751 02ef 03030000 		.4byte	0x303
 752 02f3 0B       		.uleb128 0xb
 753 02f4 01       		.uleb128 0x1
 754 02f5 51       		.byte	0x51
 755 02f6 05       		.uleb128 0x5
 756 02f7 03       		.byte	0x3
 757 02f8 24000000 		.4byte	.LC3
 758 02fc 0B       		.uleb128 0xb
 759 02fd 01       		.uleb128 0x1
 760 02fe 50       		.byte	0x50
 761 02ff 02       		.uleb128 0x2
 762 0300 75       		.byte	0x75
 763 0301 00       		.sleb128 0
 764 0302 00       		.byte	0
 765 0303 0A       		.uleb128 0xa
 766 0304 D0000000 		.4byte	.LVL42
 767 0308 EB040000 		.4byte	0x4eb
 768 030c 1B030000 		.4byte	0x31b
 769 0310 0B       		.uleb128 0xb
 770 0311 01       		.uleb128 0x1
 771 0312 51       		.byte	0x51
 772 0313 01       		.uleb128 0x1
 773 0314 30       		.byte	0x30
 774 0315 0B       		.uleb128 0xb
 775 0316 01       		.uleb128 0x1
 776 0317 50       		.byte	0x50
 777 0318 01       		.uleb128 0x1
 778 0319 31       		.byte	0x31
 779 031a 00       		.byte	0
 780 031b 0A       		.uleb128 0xa
 781 031c D6000000 		.4byte	.LVL43
 782 0320 01050000 		.4byte	0x501
 783 0324 2F030000 		.4byte	0x32f
 784 0328 0B       		.uleb128 0xb
 785 0329 01       		.uleb128 0x1
 786 032a 50       		.byte	0x50
 787 032b 02       		.uleb128 0x2
 788 032c 78       		.byte	0x78
 789 032d 00       		.sleb128 0
 790 032e 00       		.byte	0
 791 032f 0A       		.uleb128 0xa
 792 0330 DC000000 		.4byte	.LVL44
 793 0334 3F050000 		.4byte	0x53f
 794 0338 43030000 		.4byte	0x343
 795 033c 0B       		.uleb128 0xb
 796 033d 01       		.uleb128 0x1
 797 033e 50       		.byte	0x50
 798 033f 02       		.uleb128 0x2
 799 0340 75       		.byte	0x75
 800 0341 00       		.sleb128 0
 801 0342 00       		.byte	0
 802 0343 0E       		.uleb128 0xe
ARM GAS  C:\Users\sajibu\AppData\Local\Temp\ccGhcX9q.s 			page 17


 803 0344 E2000000 		.4byte	.LVL45
 804 0348 3F050000 		.4byte	0x53f
 805 034c 0B       		.uleb128 0xb
 806 034d 01       		.uleb128 0x1
 807 034e 50       		.byte	0x50
 808 034f 05       		.uleb128 0x5
 809 0350 03       		.byte	0x3
 810 0351 20000000 		.4byte	.LC2
 811 0355 00       		.byte	0
 812 0356 00       		.byte	0
 813 0357 0F       		.uleb128 0xf
 814 0358 EF000000 		.4byte	.LASF22
 815 035c 05       		.byte	0x5
 816 035d 9606     		.2byte	0x696
 817 035f 63030000 		.4byte	0x363
 818 0363 10       		.uleb128 0x10
 819 0364 76000000 		.4byte	0x76
 820 0368 11       		.uleb128 0x11
 821 0369 8D000000 		.4byte	.LASF23
 822 036d 01       		.byte	0x1
 823 036e 12       		.byte	0x12
 824 036f 99000000 		.4byte	0x99
 825 0373 05       		.uleb128 0x5
 826 0374 03       		.byte	0x3
 827 0375 00000000 		.4byte	data
 828 0379 11       		.uleb128 0x11
 829 037a 54020000 		.4byte	.LASF24
 830 037e 01       		.byte	0x1
 831 037f 13       		.byte	0x13
 832 0380 BD000000 		.4byte	0xbd
 833 0384 05       		.uleb128 0x5
 834 0385 03       		.byte	0x3
 835 0386 00000000 		.4byte	volts
 836 038a 11       		.uleb128 0x11
 837 038b 15010000 		.4byte	.LASF25
 838 038f 01       		.byte	0x1
 839 0390 14       		.byte	0x14
 840 0391 BD000000 		.4byte	0xbd
 841 0395 05       		.uleb128 0x5
 842 0396 03       		.byte	0x3
 843 0397 00000000 		.4byte	angulo
 844 039b 11       		.uleb128 0x11
 845 039c EE020000 		.4byte	.LASF26
 846 03a0 01       		.byte	0x1
 847 03a1 15       		.byte	0x15
 848 03a2 68000000 		.4byte	0x68
 849 03a6 05       		.uleb128 0x5
 850 03a7 03       		.byte	0x3
 851 03a8 00000000 		.4byte	ContInt
 852 03ac 11       		.uleb128 0x11
 853 03ad A0000000 		.4byte	.LASF27
 854 03b1 01       		.byte	0x1
 855 03b2 17       		.byte	0x17
 856 03b3 68000000 		.4byte	0x68
 857 03b7 05       		.uleb128 0x5
 858 03b8 03       		.byte	0x3
 859 03b9 00000000 		.4byte	value_counter
ARM GAS  C:\Users\sajibu\AppData\Local\Temp\ccGhcX9q.s 			page 18


 860 03bd 11       		.uleb128 0x11
 861 03be BF020000 		.4byte	.LASF28
 862 03c2 01       		.byte	0x1
 863 03c3 18       		.byte	0x18
 864 03c4 BD000000 		.4byte	0xbd
 865 03c8 05       		.uleb128 0x5
 866 03c9 03       		.byte	0x3
 867 03ca 00000000 		.4byte	distancia
 868 03ce 12       		.uleb128 0x12
 869 03cf D7000000 		.4byte	0xd7
 870 03d3 DE030000 		.4byte	0x3de
 871 03d7 13       		.uleb128 0x13
 872 03d8 F1000000 		.4byte	0xf1
 873 03dc 08       		.byte	0x8
 874 03dd 00       		.byte	0
 875 03de 14       		.uleb128 0x14
 876 03df 696D7000 		.ascii	"imp\000"
 877 03e3 01       		.byte	0x1
 878 03e4 19       		.byte	0x19
 879 03e5 CE030000 		.4byte	0x3ce
 880 03e9 05       		.uleb128 0x5
 881 03ea 03       		.byte	0x3
 882 03eb 00000000 		.4byte	imp
 883 03ef 11       		.uleb128 0x11
 884 03f0 31020000 		.4byte	.LASF29
 885 03f4 01       		.byte	0x1
 886 03f5 1B       		.byte	0x1b
 887 03f6 BD000000 		.4byte	0xbd
 888 03fa 05       		.uleb128 0x5
 889 03fb 03       		.byte	0x3
 890 03fc 00000000 		.4byte	tiempo
 891 0400 12       		.uleb128 0x12
 892 0401 D7000000 		.4byte	0xd7
 893 0405 10040000 		.4byte	0x410
 894 0409 13       		.uleb128 0x13
 895 040a F1000000 		.4byte	0xf1
 896 040e 0F       		.byte	0xf
 897 040f 00       		.byte	0
 898 0410 11       		.uleb128 0x11
 899 0411 3D000000 		.4byte	.LASF30
 900 0415 01       		.byte	0x1
 901 0416 1D       		.byte	0x1d
 902 0417 00040000 		.4byte	0x400
 903 041b 05       		.uleb128 0x5
 904 041c 03       		.byte	0x3
 905 041d 00000000 		.4byte	displayStrLCD
 906 0421 11       		.uleb128 0x11
 907 0422 98020000 		.4byte	.LASF31
 908 0426 01       		.byte	0x1
 909 0427 1E       		.byte	0x1e
 910 0428 00040000 		.4byte	0x400
 911 042c 05       		.uleb128 0x5
 912 042d 03       		.byte	0x3
 913 042e 00000000 		.4byte	displayStrUART
 914 0432 15       		.uleb128 0x15
 915 0433 BA000000 		.4byte	.LASF32
 916 0437 06       		.byte	0x6
ARM GAS  C:\Users\sajibu\AppData\Local\Temp\ccGhcX9q.s 			page 19


 917 0438 3F       		.byte	0x3f
 918 0439 81000000 		.4byte	0x81
 919 043d 47040000 		.4byte	0x447
 920 0441 16       		.uleb128 0x16
 921 0442 81000000 		.4byte	0x81
 922 0446 00       		.byte	0
 923 0447 17       		.uleb128 0x17
 924 0448 DF000000 		.4byte	.LASF36
 925 044c 06       		.byte	0x6
 926 044d 41       		.byte	0x41
 927 044e 99000000 		.4byte	0x99
 928 0452 15       		.uleb128 0x15
 929 0453 6B020000 		.4byte	.LASF33
 930 0457 06       		.byte	0x6
 931 0458 49       		.byte	0x49
 932 0459 B1000000 		.4byte	0xb1
 933 045d 67040000 		.4byte	0x467
 934 0461 16       		.uleb128 0x16
 935 0462 A5000000 		.4byte	0xa5
 936 0466 00       		.byte	0
 937 0467 18       		.uleb128 0x18
 938 0468 1C010000 		.4byte	.LASF34
 939 046c 07       		.byte	0x7
 940 046d 27       		.byte	0x27
 941 046e 78040000 		.4byte	0x478
 942 0472 16       		.uleb128 0x16
 943 0473 81000000 		.4byte	0x81
 944 0477 00       		.byte	0
 945 0478 18       		.uleb128 0x18
 946 0479 3E010000 		.4byte	.LASF35
 947 047d 08       		.byte	0x8
 948 047e 77       		.byte	0x77
 949 047f 89040000 		.4byte	0x489
 950 0483 16       		.uleb128 0x16
 951 0484 8D000000 		.4byte	0x8d
 952 0488 00       		.byte	0
 953 0489 17       		.uleb128 0x17
 954 048a C9020000 		.4byte	.LASF37
 955 048e 09       		.byte	0x9
 956 048f 29       		.byte	0x29
 957 0490 81000000 		.4byte	0x81
 958 0494 17       		.uleb128 0x17
 959 0495 00000000 		.4byte	.LASF38
 960 0499 0A       		.byte	0xa
 961 049a 69       		.byte	0x69
 962 049b 8D000000 		.4byte	0x8d
 963 049f 19       		.uleb128 0x19
 964 04a0 38020000 		.4byte	.LASF39
 965 04a4 06       		.byte	0x6
 966 04a5 3A       		.byte	0x3a
 967 04a6 19       		.uleb128 0x19
 968 04a7 48010000 		.4byte	.LASF40
 969 04ab 06       		.byte	0x6
 970 04ac 3D       		.byte	0x3d
 971 04ad 19       		.uleb128 0x19
 972 04ae 00020000 		.4byte	.LASF41
 973 04b2 0A       		.byte	0xa
ARM GAS  C:\Users\sajibu\AppData\Local\Temp\ccGhcX9q.s 			page 20


 974 04b3 5A       		.byte	0x5a
 975 04b4 19       		.uleb128 0x19
 976 04b5 E7010000 		.4byte	.LASF42
 977 04b9 0B       		.byte	0xb
 978 04ba 5A       		.byte	0x5a
 979 04bb 19       		.uleb128 0x19
 980 04bc 39030000 		.4byte	.LASF43
 981 04c0 0C       		.byte	0xc
 982 04c1 5A       		.byte	0x5a
 983 04c2 18       		.uleb128 0x18
 984 04c3 13000000 		.4byte	.LASF44
 985 04c7 0D       		.byte	0xd
 986 04c8 18       		.byte	0x18
 987 04c9 D3040000 		.4byte	0x4d3
 988 04cd 16       		.uleb128 0x16
 989 04ce DE000000 		.4byte	0xde
 990 04d2 00       		.byte	0
 991 04d3 19       		.uleb128 0x19
 992 04d4 33000000 		.4byte	.LASF45
 993 04d8 0E       		.byte	0xe
 994 04d9 38       		.byte	0x38
 995 04da 18       		.uleb128 0x18
 996 04db 22000000 		.4byte	.LASF46
 997 04df 0E       		.byte	0xe
 998 04e0 3A       		.byte	0x3a
 999 04e1 EB040000 		.4byte	0x4eb
 1000 04e5 16       		.uleb128 0x16
 1001 04e6 81000000 		.4byte	0x81
 1002 04ea 00       		.byte	0
 1003 04eb 18       		.uleb128 0x18
 1004 04ec 24020000 		.4byte	.LASF47
 1005 04f0 0E       		.byte	0xe
 1006 04f1 3D       		.byte	0x3d
 1007 04f2 01050000 		.4byte	0x501
 1008 04f6 16       		.uleb128 0x16
 1009 04f7 81000000 		.4byte	0x81
 1010 04fb 16       		.uleb128 0x16
 1011 04fc 81000000 		.4byte	0x81
 1012 0500 00       		.byte	0
 1013 0501 18       		.uleb128 0x18
 1014 0502 2E010000 		.4byte	.LASF48
 1015 0506 0E       		.byte	0xe
 1016 0507 3C       		.byte	0x3c
 1017 0508 12050000 		.4byte	0x512
 1018 050c 16       		.uleb128 0x16
 1019 050d 12050000 		.4byte	0x512
 1020 0511 00       		.byte	0
 1021 0512 06       		.uleb128 0x6
 1022 0513 04       		.byte	0x4
 1023 0514 18050000 		.4byte	0x518
 1024 0518 08       		.uleb128 0x8
 1025 0519 CB000000 		.4byte	0xcb
 1026 051d 19       		.uleb128 0x19
 1027 051e D4000000 		.4byte	.LASF49
 1028 0522 0F       		.byte	0xf
 1029 0523 54       		.byte	0x54
 1030 0524 15       		.uleb128 0x15
ARM GAS  C:\Users\sajibu\AppData\Local\Temp\ccGhcX9q.s 			page 21


 1031 0525 31030000 		.4byte	.LASF50
 1032 0529 10       		.byte	0x10
 1033 052a DE       		.byte	0xde
 1034 052b 68000000 		.4byte	0x68
 1035 052f 3F050000 		.4byte	0x53f
 1036 0533 16       		.uleb128 0x16
 1037 0534 F8000000 		.4byte	0xf8
 1038 0538 16       		.uleb128 0x16
 1039 0539 FE000000 		.4byte	0xfe
 1040 053d 1A       		.uleb128 0x1a
 1041 053e 00       		.byte	0
 1042 053f 1B       		.uleb128 0x1b
 1043 0540 DF020000 		.4byte	.LASF56
 1044 0544 0F       		.byte	0xf
 1045 0545 8B       		.byte	0x8b
 1046 0546 16       		.uleb128 0x16
 1047 0547 12050000 		.4byte	0x512
 1048 054b 00       		.byte	0
 1049 054c 00       		.byte	0
 1050              		.section	.debug_abbrev,"",%progbits
 1051              	.Ldebug_abbrev0:
 1052 0000 01       		.uleb128 0x1
 1053 0001 11       		.uleb128 0x11
 1054 0002 01       		.byte	0x1
 1055 0003 25       		.uleb128 0x25
 1056 0004 0E       		.uleb128 0xe
 1057 0005 13       		.uleb128 0x13
 1058 0006 0B       		.uleb128 0xb
 1059 0007 03       		.uleb128 0x3
 1060 0008 0E       		.uleb128 0xe
 1061 0009 1B       		.uleb128 0x1b
 1062 000a 0E       		.uleb128 0xe
 1063 000b 55       		.uleb128 0x55
 1064 000c 17       		.uleb128 0x17
 1065 000d 11       		.uleb128 0x11
 1066 000e 01       		.uleb128 0x1
 1067 000f 10       		.uleb128 0x10
 1068 0010 17       		.uleb128 0x17
 1069 0011 00       		.byte	0
 1070 0012 00       		.byte	0
 1071 0013 02       		.uleb128 0x2
 1072 0014 24       		.uleb128 0x24
 1073 0015 00       		.byte	0
 1074 0016 0B       		.uleb128 0xb
 1075 0017 0B       		.uleb128 0xb
 1076 0018 3E       		.uleb128 0x3e
 1077 0019 0B       		.uleb128 0xb
 1078 001a 03       		.uleb128 0x3
 1079 001b 0E       		.uleb128 0xe
 1080 001c 00       		.byte	0
 1081 001d 00       		.byte	0
 1082 001e 03       		.uleb128 0x3
 1083 001f 16       		.uleb128 0x16
 1084 0020 00       		.byte	0
 1085 0021 03       		.uleb128 0x3
 1086 0022 0E       		.uleb128 0xe
 1087 0023 3A       		.uleb128 0x3a
ARM GAS  C:\Users\sajibu\AppData\Local\Temp\ccGhcX9q.s 			page 22


 1088 0024 0B       		.uleb128 0xb
 1089 0025 3B       		.uleb128 0x3b
 1090 0026 0B       		.uleb128 0xb
 1091 0027 49       		.uleb128 0x49
 1092 0028 13       		.uleb128 0x13
 1093 0029 00       		.byte	0
 1094 002a 00       		.byte	0
 1095 002b 04       		.uleb128 0x4
 1096 002c 24       		.uleb128 0x24
 1097 002d 00       		.byte	0
 1098 002e 0B       		.uleb128 0xb
 1099 002f 0B       		.uleb128 0xb
 1100 0030 3E       		.uleb128 0x3e
 1101 0031 0B       		.uleb128 0xb
 1102 0032 03       		.uleb128 0x3
 1103 0033 08       		.uleb128 0x8
 1104 0034 00       		.byte	0
 1105 0035 00       		.byte	0
 1106 0036 05       		.uleb128 0x5
 1107 0037 16       		.uleb128 0x16
 1108 0038 00       		.byte	0
 1109 0039 03       		.uleb128 0x3
 1110 003a 0E       		.uleb128 0xe
 1111 003b 3A       		.uleb128 0x3a
 1112 003c 0B       		.uleb128 0xb
 1113 003d 3B       		.uleb128 0x3b
 1114 003e 05       		.uleb128 0x5
 1115 003f 49       		.uleb128 0x49
 1116 0040 13       		.uleb128 0x13
 1117 0041 00       		.byte	0
 1118 0042 00       		.byte	0
 1119 0043 06       		.uleb128 0x6
 1120 0044 0F       		.uleb128 0xf
 1121 0045 00       		.byte	0
 1122 0046 0B       		.uleb128 0xb
 1123 0047 0B       		.uleb128 0xb
 1124 0048 49       		.uleb128 0x49
 1125 0049 13       		.uleb128 0x13
 1126 004a 00       		.byte	0
 1127 004b 00       		.byte	0
 1128 004c 07       		.uleb128 0x7
 1129 004d 15       		.uleb128 0x15
 1130 004e 00       		.byte	0
 1131 004f 27       		.uleb128 0x27
 1132 0050 19       		.uleb128 0x19
 1133 0051 00       		.byte	0
 1134 0052 00       		.byte	0
 1135 0053 08       		.uleb128 0x8
 1136 0054 26       		.uleb128 0x26
 1137 0055 00       		.byte	0
 1138 0056 49       		.uleb128 0x49
 1139 0057 13       		.uleb128 0x13
 1140 0058 00       		.byte	0
 1141 0059 00       		.byte	0
 1142 005a 09       		.uleb128 0x9
 1143 005b 2E       		.uleb128 0x2e
 1144 005c 01       		.byte	0x1
ARM GAS  C:\Users\sajibu\AppData\Local\Temp\ccGhcX9q.s 			page 23


 1145 005d 3F       		.uleb128 0x3f
 1146 005e 19       		.uleb128 0x19
 1147 005f 03       		.uleb128 0x3
 1148 0060 0E       		.uleb128 0xe
 1149 0061 3A       		.uleb128 0x3a
 1150 0062 0B       		.uleb128 0xb
 1151 0063 3B       		.uleb128 0x3b
 1152 0064 0B       		.uleb128 0xb
 1153 0065 27       		.uleb128 0x27
 1154 0066 19       		.uleb128 0x19
 1155 0067 11       		.uleb128 0x11
 1156 0068 01       		.uleb128 0x1
 1157 0069 12       		.uleb128 0x12
 1158 006a 06       		.uleb128 0x6
 1159 006b 40       		.uleb128 0x40
 1160 006c 18       		.uleb128 0x18
 1161 006d 9642     		.uleb128 0x2116
 1162 006f 19       		.uleb128 0x19
 1163 0070 01       		.uleb128 0x1
 1164 0071 13       		.uleb128 0x13
 1165 0072 00       		.byte	0
 1166 0073 00       		.byte	0
 1167 0074 0A       		.uleb128 0xa
 1168 0075 898201   		.uleb128 0x4109
 1169 0078 01       		.byte	0x1
 1170 0079 11       		.uleb128 0x11
 1171 007a 01       		.uleb128 0x1
 1172 007b 31       		.uleb128 0x31
 1173 007c 13       		.uleb128 0x13
 1174 007d 01       		.uleb128 0x1
 1175 007e 13       		.uleb128 0x13
 1176 007f 00       		.byte	0
 1177 0080 00       		.byte	0
 1178 0081 0B       		.uleb128 0xb
 1179 0082 8A8201   		.uleb128 0x410a
 1180 0085 00       		.byte	0
 1181 0086 02       		.uleb128 0x2
 1182 0087 18       		.uleb128 0x18
 1183 0088 9142     		.uleb128 0x2111
 1184 008a 18       		.uleb128 0x18
 1185 008b 00       		.byte	0
 1186 008c 00       		.byte	0
 1187 008d 0C       		.uleb128 0xc
 1188 008e 898201   		.uleb128 0x4109
 1189 0091 00       		.byte	0
 1190 0092 11       		.uleb128 0x11
 1191 0093 01       		.uleb128 0x1
 1192 0094 31       		.uleb128 0x31
 1193 0095 13       		.uleb128 0x13
 1194 0096 00       		.byte	0
 1195 0097 00       		.byte	0
 1196 0098 0D       		.uleb128 0xd
 1197 0099 2E       		.uleb128 0x2e
 1198 009a 01       		.byte	0x1
 1199 009b 3F       		.uleb128 0x3f
 1200 009c 19       		.uleb128 0x19
 1201 009d 03       		.uleb128 0x3
ARM GAS  C:\Users\sajibu\AppData\Local\Temp\ccGhcX9q.s 			page 24


 1202 009e 0E       		.uleb128 0xe
 1203 009f 3A       		.uleb128 0x3a
 1204 00a0 0B       		.uleb128 0xb
 1205 00a1 3B       		.uleb128 0x3b
 1206 00a2 0B       		.uleb128 0xb
 1207 00a3 27       		.uleb128 0x27
 1208 00a4 19       		.uleb128 0x19
 1209 00a5 49       		.uleb128 0x49
 1210 00a6 13       		.uleb128 0x13
 1211 00a7 11       		.uleb128 0x11
 1212 00a8 01       		.uleb128 0x1
 1213 00a9 12       		.uleb128 0x12
 1214 00aa 06       		.uleb128 0x6
 1215 00ab 40       		.uleb128 0x40
 1216 00ac 18       		.uleb128 0x18
 1217 00ad 9642     		.uleb128 0x2116
 1218 00af 19       		.uleb128 0x19
 1219 00b0 01       		.uleb128 0x1
 1220 00b1 13       		.uleb128 0x13
 1221 00b2 00       		.byte	0
 1222 00b3 00       		.byte	0
 1223 00b4 0E       		.uleb128 0xe
 1224 00b5 898201   		.uleb128 0x4109
 1225 00b8 01       		.byte	0x1
 1226 00b9 11       		.uleb128 0x11
 1227 00ba 01       		.uleb128 0x1
 1228 00bb 31       		.uleb128 0x31
 1229 00bc 13       		.uleb128 0x13
 1230 00bd 00       		.byte	0
 1231 00be 00       		.byte	0
 1232 00bf 0F       		.uleb128 0xf
 1233 00c0 34       		.uleb128 0x34
 1234 00c1 00       		.byte	0
 1235 00c2 03       		.uleb128 0x3
 1236 00c3 0E       		.uleb128 0xe
 1237 00c4 3A       		.uleb128 0x3a
 1238 00c5 0B       		.uleb128 0xb
 1239 00c6 3B       		.uleb128 0x3b
 1240 00c7 05       		.uleb128 0x5
 1241 00c8 49       		.uleb128 0x49
 1242 00c9 13       		.uleb128 0x13
 1243 00ca 3F       		.uleb128 0x3f
 1244 00cb 19       		.uleb128 0x19
 1245 00cc 3C       		.uleb128 0x3c
 1246 00cd 19       		.uleb128 0x19
 1247 00ce 00       		.byte	0
 1248 00cf 00       		.byte	0
 1249 00d0 10       		.uleb128 0x10
 1250 00d1 35       		.uleb128 0x35
 1251 00d2 00       		.byte	0
 1252 00d3 49       		.uleb128 0x49
 1253 00d4 13       		.uleb128 0x13
 1254 00d5 00       		.byte	0
 1255 00d6 00       		.byte	0
 1256 00d7 11       		.uleb128 0x11
 1257 00d8 34       		.uleb128 0x34
 1258 00d9 00       		.byte	0
ARM GAS  C:\Users\sajibu\AppData\Local\Temp\ccGhcX9q.s 			page 25


 1259 00da 03       		.uleb128 0x3
 1260 00db 0E       		.uleb128 0xe
 1261 00dc 3A       		.uleb128 0x3a
 1262 00dd 0B       		.uleb128 0xb
 1263 00de 3B       		.uleb128 0x3b
 1264 00df 0B       		.uleb128 0xb
 1265 00e0 49       		.uleb128 0x49
 1266 00e1 13       		.uleb128 0x13
 1267 00e2 3F       		.uleb128 0x3f
 1268 00e3 19       		.uleb128 0x19
 1269 00e4 02       		.uleb128 0x2
 1270 00e5 18       		.uleb128 0x18
 1271 00e6 00       		.byte	0
 1272 00e7 00       		.byte	0
 1273 00e8 12       		.uleb128 0x12
 1274 00e9 01       		.uleb128 0x1
 1275 00ea 01       		.byte	0x1
 1276 00eb 49       		.uleb128 0x49
 1277 00ec 13       		.uleb128 0x13
 1278 00ed 01       		.uleb128 0x1
 1279 00ee 13       		.uleb128 0x13
 1280 00ef 00       		.byte	0
 1281 00f0 00       		.byte	0
 1282 00f1 13       		.uleb128 0x13
 1283 00f2 21       		.uleb128 0x21
 1284 00f3 00       		.byte	0
 1285 00f4 49       		.uleb128 0x49
 1286 00f5 13       		.uleb128 0x13
 1287 00f6 2F       		.uleb128 0x2f
 1288 00f7 0B       		.uleb128 0xb
 1289 00f8 00       		.byte	0
 1290 00f9 00       		.byte	0
 1291 00fa 14       		.uleb128 0x14
 1292 00fb 34       		.uleb128 0x34
 1293 00fc 00       		.byte	0
 1294 00fd 03       		.uleb128 0x3
 1295 00fe 08       		.uleb128 0x8
 1296 00ff 3A       		.uleb128 0x3a
 1297 0100 0B       		.uleb128 0xb
 1298 0101 3B       		.uleb128 0x3b
 1299 0102 0B       		.uleb128 0xb
 1300 0103 49       		.uleb128 0x49
 1301 0104 13       		.uleb128 0x13
 1302 0105 3F       		.uleb128 0x3f
 1303 0106 19       		.uleb128 0x19
 1304 0107 02       		.uleb128 0x2
 1305 0108 18       		.uleb128 0x18
 1306 0109 00       		.byte	0
 1307 010a 00       		.byte	0
 1308 010b 15       		.uleb128 0x15
 1309 010c 2E       		.uleb128 0x2e
 1310 010d 01       		.byte	0x1
 1311 010e 3F       		.uleb128 0x3f
 1312 010f 19       		.uleb128 0x19
 1313 0110 03       		.uleb128 0x3
 1314 0111 0E       		.uleb128 0xe
 1315 0112 3A       		.uleb128 0x3a
ARM GAS  C:\Users\sajibu\AppData\Local\Temp\ccGhcX9q.s 			page 26


 1316 0113 0B       		.uleb128 0xb
 1317 0114 3B       		.uleb128 0x3b
 1318 0115 0B       		.uleb128 0xb
 1319 0116 27       		.uleb128 0x27
 1320 0117 19       		.uleb128 0x19
 1321 0118 49       		.uleb128 0x49
 1322 0119 13       		.uleb128 0x13
 1323 011a 3C       		.uleb128 0x3c
 1324 011b 19       		.uleb128 0x19
 1325 011c 01       		.uleb128 0x1
 1326 011d 13       		.uleb128 0x13
 1327 011e 00       		.byte	0
 1328 011f 00       		.byte	0
 1329 0120 16       		.uleb128 0x16
 1330 0121 05       		.uleb128 0x5
 1331 0122 00       		.byte	0
 1332 0123 49       		.uleb128 0x49
 1333 0124 13       		.uleb128 0x13
 1334 0125 00       		.byte	0
 1335 0126 00       		.byte	0
 1336 0127 17       		.uleb128 0x17
 1337 0128 2E       		.uleb128 0x2e
 1338 0129 00       		.byte	0
 1339 012a 3F       		.uleb128 0x3f
 1340 012b 19       		.uleb128 0x19
 1341 012c 03       		.uleb128 0x3
 1342 012d 0E       		.uleb128 0xe
 1343 012e 3A       		.uleb128 0x3a
 1344 012f 0B       		.uleb128 0xb
 1345 0130 3B       		.uleb128 0x3b
 1346 0131 0B       		.uleb128 0xb
 1347 0132 27       		.uleb128 0x27
 1348 0133 19       		.uleb128 0x19
 1349 0134 49       		.uleb128 0x49
 1350 0135 13       		.uleb128 0x13
 1351 0136 3C       		.uleb128 0x3c
 1352 0137 19       		.uleb128 0x19
 1353 0138 00       		.byte	0
 1354 0139 00       		.byte	0
 1355 013a 18       		.uleb128 0x18
 1356 013b 2E       		.uleb128 0x2e
 1357 013c 01       		.byte	0x1
 1358 013d 3F       		.uleb128 0x3f
 1359 013e 19       		.uleb128 0x19
 1360 013f 03       		.uleb128 0x3
 1361 0140 0E       		.uleb128 0xe
 1362 0141 3A       		.uleb128 0x3a
 1363 0142 0B       		.uleb128 0xb
 1364 0143 3B       		.uleb128 0x3b
 1365 0144 0B       		.uleb128 0xb
 1366 0145 27       		.uleb128 0x27
 1367 0146 19       		.uleb128 0x19
 1368 0147 3C       		.uleb128 0x3c
 1369 0148 19       		.uleb128 0x19
 1370 0149 01       		.uleb128 0x1
 1371 014a 13       		.uleb128 0x13
 1372 014b 00       		.byte	0
ARM GAS  C:\Users\sajibu\AppData\Local\Temp\ccGhcX9q.s 			page 27


 1373 014c 00       		.byte	0
 1374 014d 19       		.uleb128 0x19
 1375 014e 2E       		.uleb128 0x2e
 1376 014f 00       		.byte	0
 1377 0150 3F       		.uleb128 0x3f
 1378 0151 19       		.uleb128 0x19
 1379 0152 03       		.uleb128 0x3
 1380 0153 0E       		.uleb128 0xe
 1381 0154 3A       		.uleb128 0x3a
 1382 0155 0B       		.uleb128 0xb
 1383 0156 3B       		.uleb128 0x3b
 1384 0157 0B       		.uleb128 0xb
 1385 0158 27       		.uleb128 0x27
 1386 0159 19       		.uleb128 0x19
 1387 015a 3C       		.uleb128 0x3c
 1388 015b 19       		.uleb128 0x19
 1389 015c 00       		.byte	0
 1390 015d 00       		.byte	0
 1391 015e 1A       		.uleb128 0x1a
 1392 015f 18       		.uleb128 0x18
 1393 0160 00       		.byte	0
 1394 0161 00       		.byte	0
 1395 0162 00       		.byte	0
 1396 0163 1B       		.uleb128 0x1b
 1397 0164 2E       		.uleb128 0x2e
 1398 0165 01       		.byte	0x1
 1399 0166 3F       		.uleb128 0x3f
 1400 0167 19       		.uleb128 0x19
 1401 0168 03       		.uleb128 0x3
 1402 0169 0E       		.uleb128 0xe
 1403 016a 3A       		.uleb128 0x3a
 1404 016b 0B       		.uleb128 0xb
 1405 016c 3B       		.uleb128 0x3b
 1406 016d 0B       		.uleb128 0xb
 1407 016e 27       		.uleb128 0x27
 1408 016f 19       		.uleb128 0x19
 1409 0170 3C       		.uleb128 0x3c
 1410 0171 19       		.uleb128 0x19
 1411 0172 00       		.byte	0
 1412 0173 00       		.byte	0
 1413 0174 00       		.byte	0
 1414              		.section	.debug_aranges,"",%progbits
 1415 0000 24000000 		.4byte	0x24
 1416 0004 0200     		.2byte	0x2
 1417 0006 00000000 		.4byte	.Ldebug_info0
 1418 000a 04       		.byte	0x4
 1419 000b 00       		.byte	0
 1420 000c 0000     		.2byte	0
 1421 000e 0000     		.2byte	0
 1422 0010 00000000 		.4byte	.LFB63
 1423 0014 C4000000 		.4byte	.LFE63-.LFB63
 1424 0018 00000000 		.4byte	.LFB64
 1425 001c FC000000 		.4byte	.LFE64-.LFB64
 1426 0020 00000000 		.4byte	0
 1427 0024 00000000 		.4byte	0
 1428              		.section	.debug_ranges,"",%progbits
 1429              	.Ldebug_ranges0:
ARM GAS  C:\Users\sajibu\AppData\Local\Temp\ccGhcX9q.s 			page 28


 1430 0000 00000000 		.4byte	.LFB63
 1431 0004 C4000000 		.4byte	.LFE63
 1432 0008 00000000 		.4byte	.LFB64
 1433 000c FC000000 		.4byte	.LFE64
 1434 0010 00000000 		.4byte	0
 1435 0014 00000000 		.4byte	0
 1436              		.section	.debug_line,"",%progbits
 1437              	.Ldebug_line0:
 1438 0000 2D020000 		.section	.debug_str,"MS",%progbits,1
 1438      0200BF01 
 1438      00000201 
 1438      FB0E0D00 
 1438      01010101 
 1439              	.LASF38:
 1440 0000 54696D65 		.ascii	"Timer2_ReadCounter\000"
 1440      72325F52 
 1440      65616443 
 1440      6F756E74 
 1440      657200
 1441              	.LASF44:
 1442 0013 6973725F 		.ascii	"isr_10_StartEx\000"
 1442      31305F53 
 1442      74617274 
 1442      457800
 1443              	.LASF46:
 1444 0022 4C43445F 		.ascii	"LCD_WriteControl\000"
 1444      57726974 
 1444      65436F6E 
 1444      74726F6C 
 1444      00
 1445              	.LASF45:
 1446 0033 4C43445F 		.ascii	"LCD_Start\000"
 1446      53746172 
 1446      7400
 1447              	.LASF30:
 1448 003d 64697370 		.ascii	"displayStrLCD\000"
 1448      6C617953 
 1448      74724C43 
 1448      4400
 1449              	.LASF9:
 1450 004b 5F5F696E 		.ascii	"__int32_t\000"
 1450      7433325F 
 1450      7400
 1451              	.LASF54:
 1452 0055 6973725F 		.ascii	"isr_10_Handler\000"
 1452      31305F48 
 1452      616E646C 
 1452      657200
 1453              	.LASF4:
 1454 0064 6C6F6E67 		.ascii	"long int\000"
 1454      20696E74 
 1454      00
 1455              	.LASF3:
 1456 006d 73686F72 		.ascii	"short unsigned int\000"
 1456      7420756E 
 1456      7369676E 
 1456      65642069 
ARM GAS  C:\Users\sajibu\AppData\Local\Temp\ccGhcX9q.s 			page 29


 1456      6E7400
 1457              	.LASF17:
 1458 0080 646F7562 		.ascii	"double\000"
 1458      6C6500
 1459              	.LASF16:
 1460 0087 666C6F61 		.ascii	"float\000"
 1460      7400
 1461              	.LASF23:
 1462 008d 64617461 		.ascii	"data\000"
 1462      00
 1463              	.LASF1:
 1464 0092 756E7369 		.ascii	"unsigned char\000"
 1464      676E6564 
 1464      20636861 
 1464      7200
 1465              	.LASF27:
 1466 00a0 76616C75 		.ascii	"value_counter\000"
 1466      655F636F 
 1466      756E7465 
 1466      7200
 1467              	.LASF18:
 1468 00ae 63686172 		.ascii	"char8\000"
 1468      3800
 1469              	.LASF13:
 1470 00b4 696E7431 		.ascii	"int16\000"
 1470      3600
 1471              	.LASF32:
 1472 00ba 4144435F 		.ascii	"ADC_IsEndConversion\000"
 1472      4973456E 
 1472      64436F6E 
 1472      76657273 
 1472      696F6E00 
 1473              	.LASF14:
 1474 00ce 696E7433 		.ascii	"int32\000"
 1474      3200
 1475              	.LASF49:
 1476 00d4 55415254 		.ascii	"UART_Start\000"
 1476      5F537461 
 1476      727400
 1477              	.LASF36:
 1478 00df 4144435F 		.ascii	"ADC_GetResult16\000"
 1478      47657452 
 1478      6573756C 
 1478      74313600 
 1479              	.LASF22:
 1480 00ef 49544D5F 		.ascii	"ITM_RxBuffer\000"
 1480      52784275 
 1480      66666572 
 1480      00
 1481              	.LASF5:
 1482 00fc 6C6F6E67 		.ascii	"long unsigned int\000"
 1482      20756E73 
 1482      69676E65 
 1482      6420696E 
 1482      7400
 1483              	.LASF12:
 1484 010e 75696E74 		.ascii	"uint16\000"
ARM GAS  C:\Users\sajibu\AppData\Local\Temp\ccGhcX9q.s 			page 30


 1484      313600
 1485              	.LASF25:
 1486 0115 616E6775 		.ascii	"angulo\000"
 1486      6C6F00
 1487              	.LASF34:
 1488 011c 54726967 		.ascii	"Trigger_out_Write\000"
 1488      6765725F 
 1488      6F75745F 
 1488      57726974 
 1488      6500
 1489              	.LASF48:
 1490 012e 4C43445F 		.ascii	"LCD_PrintString\000"
 1490      5072696E 
 1490      74537472 
 1490      696E6700 
 1491              	.LASF35:
 1492 013e 43794465 		.ascii	"CyDelayUs\000"
 1492      6C617955 
 1492      7300
 1493              	.LASF40:
 1494 0148 4144435F 		.ascii	"ADC_StartConvert\000"
 1494      53746172 
 1494      74436F6E 
 1494      76657274 
 1494      00
 1495              	.LASF51:
 1496 0159 474E5520 		.ascii	"GNU C 4.9.3 20150303 (release) [ARM/embedded-4_9-br"
 1496      4320342E 
 1496      392E3320 
 1496      32303135 
 1496      30333033 
 1497 018c 616E6368 		.ascii	"anch revision 221220] -mcpu=cortex-m3 -mthumb -g -O"
 1497      20726576 
 1497      6973696F 
 1497      6E203232 
 1497      31323230 
 1498 01bf 67202D66 		.ascii	"g -ffunction-sections -ffat-lto-objects\000"
 1498      66756E63 
 1498      74696F6E 
 1498      2D736563 
 1498      74696F6E 
 1499              	.LASF42:
 1500 01e7 54696D65 		.ascii	"Timer_Start\000"
 1500      725F5374 
 1500      61727400 
 1501              	.LASF8:
 1502 01f3 756E7369 		.ascii	"unsigned int\000"
 1502      676E6564 
 1502      20696E74 
 1502      00
 1503              	.LASF41:
 1504 0200 54696D65 		.ascii	"Timer2_Start\000"
 1504      72325F53 
 1504      74617274 
 1504      00
 1505              	.LASF7:
 1506 020d 6C6F6E67 		.ascii	"long long unsigned int\000"
ARM GAS  C:\Users\sajibu\AppData\Local\Temp\ccGhcX9q.s 			page 31


 1506      206C6F6E 
 1506      6720756E 
 1506      7369676E 
 1506      65642069 
 1507              	.LASF47:
 1508 0224 4C43445F 		.ascii	"LCD_Position\000"
 1508      506F7369 
 1508      74696F6E 
 1508      00
 1509              	.LASF29:
 1510 0231 7469656D 		.ascii	"tiempo\000"
 1510      706F00
 1511              	.LASF39:
 1512 0238 4144435F 		.ascii	"ADC_Start\000"
 1512      53746172 
 1512      7400
 1513              	.LASF20:
 1514 0242 63796973 		.ascii	"cyisraddress\000"
 1514      72616464 
 1514      72657373 
 1514      00
 1515              	.LASF55:
 1516 024f 6D61696E 		.ascii	"main\000"
 1516      00
 1517              	.LASF24:
 1518 0254 766F6C74 		.ascii	"volts\000"
 1518      7300
 1519              	.LASF10:
 1520 025a 696E7433 		.ascii	"int32_t\000"
 1520      325F7400 
 1521              	.LASF21:
 1522 0262 73697A65 		.ascii	"sizetype\000"
 1522      74797065 
 1522      00
 1523              	.LASF33:
 1524 026b 4144435F 		.ascii	"ADC_CountsTo_Volts\000"
 1524      436F756E 
 1524      7473546F 
 1524      5F566F6C 
 1524      747300
 1525              	.LASF6:
 1526 027e 6C6F6E67 		.ascii	"long long int\000"
 1526      206C6F6E 
 1526      6720696E 
 1526      7400
 1527              	.LASF52:
 1528 028c 6D61696E 		.ascii	"main.c\000"
 1528      2E6300
 1529              	.LASF19:
 1530 0293 63686172 		.ascii	"char\000"
 1530      00
 1531              	.LASF31:
 1532 0298 64697370 		.ascii	"displayStrUART\000"
 1532      6C617953 
 1532      74725541 
 1532      525400
 1533              	.LASF2:
ARM GAS  C:\Users\sajibu\AppData\Local\Temp\ccGhcX9q.s 			page 32


 1534 02a7 73686F72 		.ascii	"short int\000"
 1534      7420696E 
 1534      7400
 1535              	.LASF11:
 1536 02b1 75696E74 		.ascii	"uint8\000"
 1536      3800
 1537              	.LASF15:
 1538 02b7 666C6F61 		.ascii	"float32\000"
 1538      74333200 
 1539              	.LASF28:
 1540 02bf 64697374 		.ascii	"distancia\000"
 1540      616E6369 
 1540      6100
 1541              	.LASF37:
 1542 02c9 6563686F 		.ascii	"echo_Read\000"
 1542      5F526561 
 1542      6400
 1543              	.LASF0:
 1544 02d3 7369676E 		.ascii	"signed char\000"
 1544      65642063 
 1544      68617200 
 1545              	.LASF56:
 1546 02df 55415254 		.ascii	"UART_PutString\000"
 1546      5F507574 
 1546      53747269 
 1546      6E6700
 1547              	.LASF26:
 1548 02ee 436F6E74 		.ascii	"ContInt\000"
 1548      496E7400 
 1549              	.LASF53:
 1550 02f6 433A5C55 		.ascii	"C:\\Users\\sajibu\\Desktop\\Proyectos PSoC\\UART\\D"
 1550      73657273 
 1550      5C73616A 
 1550      6962755C 
 1550      4465736B 
 1551 0323 65736967 		.ascii	"esign01.cydsn\000"
 1551      6E30312E 
 1551      63796473 
 1551      6E00
 1552              	.LASF50:
 1553 0331 73707269 		.ascii	"sprintf\000"
 1553      6E746600 
 1554              	.LASF43:
 1555 0339 54315F53 		.ascii	"T1_Start\000"
 1555      74617274 
 1555      00
 1556              		.ident	"GCC: (GNU Tools for ARM Embedded Processors) 4.9.3 20150303 (release) [ARM/embedded-4_9-br
