ARM GAS  C:\Users\sajibu\AppData\Local\Temp\ccFyzzGe.s 			page 1


   1              		.syntax unified
   2              		.cpu cortex-m3
   3              		.fpu softvfp
   4              		.eabi_attribute 20, 1
   5              		.eabi_attribute 21, 1
   6              		.eabi_attribute 23, 3
   7              		.eabi_attribute 24, 1
   8              		.eabi_attribute 25, 1
   9              		.eabi_attribute 26, 1
  10              		.eabi_attribute 30, 1
  11              		.eabi_attribute 34, 1
  12              		.eabi_attribute 18, 4
  13              		.thumb
  14              		.file	"QuadDec_INT.c"
  15              		.text
  16              	.Ltext0:
  17              		.cfi_sections	.debug_frame
  18              		.section	.text.QuadDec_ISR,"ax",%progbits
  19              		.align	2
  20              		.global	QuadDec_ISR
  21              		.thumb
  22              		.thumb_func
  23              		.type	QuadDec_ISR, %function
  24              	QuadDec_ISR:
  25              	.LFB0:
  26              		.file 1 "Generated_Source\\PSoC5\\QuadDec_INT.c"
   1:Generated_Source\PSoC5/QuadDec_INT.c **** /*******************************************************************************
   2:Generated_Source\PSoC5/QuadDec_INT.c **** * File Name: QuadDec_INT.c
   3:Generated_Source\PSoC5/QuadDec_INT.c **** * Version 3.0
   4:Generated_Source\PSoC5/QuadDec_INT.c **** *
   5:Generated_Source\PSoC5/QuadDec_INT.c **** * Description:
   6:Generated_Source\PSoC5/QuadDec_INT.c **** *  This file contains the Interrupt Service Routine (ISR) for the Quadrature
   7:Generated_Source\PSoC5/QuadDec_INT.c **** *  Decoder component.
   8:Generated_Source\PSoC5/QuadDec_INT.c **** *
   9:Generated_Source\PSoC5/QuadDec_INT.c **** * Note:
  10:Generated_Source\PSoC5/QuadDec_INT.c **** *  None.
  11:Generated_Source\PSoC5/QuadDec_INT.c **** *
  12:Generated_Source\PSoC5/QuadDec_INT.c **** ********************************************************************************
  13:Generated_Source\PSoC5/QuadDec_INT.c **** * Copyright 2008-2014, Cypress Semiconductor Corporation.  All rights reserved.
  14:Generated_Source\PSoC5/QuadDec_INT.c **** * You may use this file only in accordance with the license, terms, conditions, 
  15:Generated_Source\PSoC5/QuadDec_INT.c **** * disclaimers, and limitations in the end user license agreement accompanying
  16:Generated_Source\PSoC5/QuadDec_INT.c **** * the software package with which this file was provided.
  17:Generated_Source\PSoC5/QuadDec_INT.c **** *******************************************************************************/
  18:Generated_Source\PSoC5/QuadDec_INT.c **** 
  19:Generated_Source\PSoC5/QuadDec_INT.c **** #include "QuadDec.h"
  20:Generated_Source\PSoC5/QuadDec_INT.c **** #include "QuadDec_PVT.h"
  21:Generated_Source\PSoC5/QuadDec_INT.c **** #include "cyapicallbacks.h"
  22:Generated_Source\PSoC5/QuadDec_INT.c **** 
  23:Generated_Source\PSoC5/QuadDec_INT.c **** volatile int32 QuadDec_count32SoftPart = 0;
  24:Generated_Source\PSoC5/QuadDec_INT.c **** 
  25:Generated_Source\PSoC5/QuadDec_INT.c **** 
  26:Generated_Source\PSoC5/QuadDec_INT.c **** /*******************************************************************************
  27:Generated_Source\PSoC5/QuadDec_INT.c **** * FUNCTION NAME: void QuadDec_ISR
  28:Generated_Source\PSoC5/QuadDec_INT.c **** ********************************************************************************
  29:Generated_Source\PSoC5/QuadDec_INT.c **** *
  30:Generated_Source\PSoC5/QuadDec_INT.c **** * Summary:
  31:Generated_Source\PSoC5/QuadDec_INT.c **** *  Interrupt Service Routine for Quadrature Decoder Component.
ARM GAS  C:\Users\sajibu\AppData\Local\Temp\ccFyzzGe.s 			page 2


  32:Generated_Source\PSoC5/QuadDec_INT.c **** *
  33:Generated_Source\PSoC5/QuadDec_INT.c **** * Parameters:
  34:Generated_Source\PSoC5/QuadDec_INT.c **** *  None.
  35:Generated_Source\PSoC5/QuadDec_INT.c **** *
  36:Generated_Source\PSoC5/QuadDec_INT.c **** * Return:
  37:Generated_Source\PSoC5/QuadDec_INT.c **** *  None.
  38:Generated_Source\PSoC5/QuadDec_INT.c **** *
  39:Generated_Source\PSoC5/QuadDec_INT.c **** * Global variables:
  40:Generated_Source\PSoC5/QuadDec_INT.c **** *  QuadDec_count32SoftPart - modified to update hi 16 bit for current
  41:Generated_Source\PSoC5/QuadDec_INT.c **** *  value of the 32-bit counter, when Counter size equal 32-bit.
  42:Generated_Source\PSoC5/QuadDec_INT.c **** *  QuadDec_swStatus - modified with the updated values of STATUS
  43:Generated_Source\PSoC5/QuadDec_INT.c **** *  register.
  44:Generated_Source\PSoC5/QuadDec_INT.c **** *
  45:Generated_Source\PSoC5/QuadDec_INT.c **** *******************************************************************************/
  46:Generated_Source\PSoC5/QuadDec_INT.c **** CY_ISR( QuadDec_ISR )
  47:Generated_Source\PSoC5/QuadDec_INT.c **** {
  27              		.loc 1 47 0
  28              		.cfi_startproc
  29              		@ args = 0, pretend = 0, frame = 0
  30              		@ frame_needed = 0, uses_anonymous_args = 0
  31              		@ link register save eliminated.
  48:Generated_Source\PSoC5/QuadDec_INT.c ****    uint8 QuadDec_swStatus;
  49:Generated_Source\PSoC5/QuadDec_INT.c **** 
  50:Generated_Source\PSoC5/QuadDec_INT.c ****    QuadDec_swStatus = QuadDec_STATUS_REG;
  32              		.loc 1 50 0
  33 0000 0D4B     		ldr	r3, .L5
  34 0002 1B78     		ldrb	r3, [r3]	@ zero_extendqisi2
  35 0004 DBB2     		uxtb	r3, r3
  36              	.LVL0:
  51:Generated_Source\PSoC5/QuadDec_INT.c **** 
  52:Generated_Source\PSoC5/QuadDec_INT.c ****     #ifdef QuadDec_ISR_ENTRY_CALLBACK
  53:Generated_Source\PSoC5/QuadDec_INT.c ****         QuadDec_ISR_EntryCallback();
  54:Generated_Source\PSoC5/QuadDec_INT.c ****     #endif /* QuadDec_ISR_ENTRY_CALLBACK */
  55:Generated_Source\PSoC5/QuadDec_INT.c **** 
  56:Generated_Source\PSoC5/QuadDec_INT.c ****     /* User code required at start of ISR */
  57:Generated_Source\PSoC5/QuadDec_INT.c ****     /* `#START QuadDec_ISR_START` */
  58:Generated_Source\PSoC5/QuadDec_INT.c **** 
  59:Generated_Source\PSoC5/QuadDec_INT.c ****     /* `#END` */
  60:Generated_Source\PSoC5/QuadDec_INT.c **** 
  61:Generated_Source\PSoC5/QuadDec_INT.c ****     if (0u != (QuadDec_swStatus & QuadDec_COUNTER_OVERFLOW))
  37              		.loc 1 61 0
  38 0006 13F0010F 		tst	r3, #1
  39 000a 06D0     		beq	.L2
  62:Generated_Source\PSoC5/QuadDec_INT.c ****     {
  63:Generated_Source\PSoC5/QuadDec_INT.c ****         QuadDec_count32SoftPart += (int32) QuadDec_COUNTER_MAX_VALUE;
  40              		.loc 1 63 0
  41 000c 0B49     		ldr	r1, .L5+4
  42 000e 0A68     		ldr	r2, [r1]
  43 0010 02F5FF42 		add	r2, r2, #32640
  44 0014 7F32     		adds	r2, r2, #127
  45 0016 0A60     		str	r2, [r1]
  46 0018 07E0     		b	.L3
  47              	.L2:
  64:Generated_Source\PSoC5/QuadDec_INT.c ****     }
  65:Generated_Source\PSoC5/QuadDec_INT.c ****     else if (0u != (QuadDec_swStatus & QuadDec_COUNTER_UNDERFLOW))
  48              		.loc 1 65 0
  49 001a 13F0020F 		tst	r3, #2
ARM GAS  C:\Users\sajibu\AppData\Local\Temp\ccFyzzGe.s 			page 3


  50 001e 04D0     		beq	.L3
  66:Generated_Source\PSoC5/QuadDec_INT.c ****     {
  67:Generated_Source\PSoC5/QuadDec_INT.c ****         QuadDec_count32SoftPart -= (int32) QuadDec_COUNTER_INIT_VALUE;
  51              		.loc 1 67 0
  52 0020 0649     		ldr	r1, .L5+4
  53 0022 0A68     		ldr	r2, [r1]
  54 0024 A2F50042 		sub	r2, r2, #32768
  55 0028 0A60     		str	r2, [r1]
  56              	.L3:
  68:Generated_Source\PSoC5/QuadDec_INT.c ****     }
  69:Generated_Source\PSoC5/QuadDec_INT.c ****     else
  70:Generated_Source\PSoC5/QuadDec_INT.c ****     {
  71:Generated_Source\PSoC5/QuadDec_INT.c ****         /* Nothing to do here */
  72:Generated_Source\PSoC5/QuadDec_INT.c ****     }
  73:Generated_Source\PSoC5/QuadDec_INT.c ****     
  74:Generated_Source\PSoC5/QuadDec_INT.c ****     if (0u != (QuadDec_swStatus & QuadDec_COUNTER_RESET))
  57              		.loc 1 74 0
  58 002a 13F0040F 		tst	r3, #4
  59 002e 02D0     		beq	.L1
  75:Generated_Source\PSoC5/QuadDec_INT.c ****     {
  76:Generated_Source\PSoC5/QuadDec_INT.c ****         QuadDec_count32SoftPart = 0;
  60              		.loc 1 76 0
  61 0030 0022     		movs	r2, #0
  62 0032 024B     		ldr	r3, .L5+4
  63              	.LVL1:
  64 0034 1A60     		str	r2, [r3]
  65              	.L1:
  66 0036 7047     		bx	lr
  67              	.L6:
  68              		.align	2
  69              	.L5:
  70 0038 68650040 		.word	1073767784
  71 003c 00000000 		.word	.LANCHOR0
  72              		.cfi_endproc
  73              	.LFE0:
  74              		.size	QuadDec_ISR, .-QuadDec_ISR
  75              		.global	QuadDec_count32SoftPart
  76              		.bss
  77              		.align	2
  78              		.set	.LANCHOR0,. + 0
  79              		.type	QuadDec_count32SoftPart, %object
  80              		.size	QuadDec_count32SoftPart, 4
  81              	QuadDec_count32SoftPart:
  82 0000 00000000 		.space	4
  83              		.text
  84              	.Letext0:
  85              		.file 2 "Generated_Source\\PSoC5\\cytypes.h"
  86              		.section	.debug_info,"",%progbits
  87              	.Ldebug_info0:
  88 0000 E8000000 		.4byte	0xe8
  89 0004 0400     		.2byte	0x4
  90 0006 00000000 		.4byte	.Ldebug_abbrev0
  91 000a 04       		.byte	0x4
  92 000b 01       		.uleb128 0x1
  93 000c 67000000 		.4byte	.LASF16
  94 0010 01       		.byte	0x1
  95 0011 86010000 		.4byte	.LASF17
ARM GAS  C:\Users\sajibu\AppData\Local\Temp\ccFyzzGe.s 			page 4


  96 0015 F5000000 		.4byte	.LASF18
  97 0019 00000000 		.4byte	.Ldebug_ranges0+0
  98 001d 00000000 		.4byte	0
  99 0021 00000000 		.4byte	.Ldebug_line0
 100 0025 02       		.uleb128 0x2
 101 0026 04       		.byte	0x4
 102 0027 05       		.byte	0x5
 103 0028 696E7400 		.ascii	"int\000"
 104 002c 03       		.uleb128 0x3
 105 002d 04       		.byte	0x4
 106 002e 07       		.byte	0x7
 107 002f 0E000000 		.4byte	.LASF0
 108 0033 03       		.uleb128 0x3
 109 0034 01       		.byte	0x1
 110 0035 06       		.byte	0x6
 111 0036 7A010000 		.4byte	.LASF1
 112 003a 03       		.uleb128 0x3
 113 003b 01       		.byte	0x1
 114 003c 08       		.byte	0x8
 115 003d 2C010000 		.4byte	.LASF2
 116 0041 03       		.uleb128 0x3
 117 0042 02       		.byte	0x2
 118 0043 05       		.byte	0x5
 119 0044 B1010000 		.4byte	.LASF3
 120 0048 03       		.uleb128 0x3
 121 0049 02       		.byte	0x2
 122 004a 07       		.byte	0x7
 123 004b 67010000 		.4byte	.LASF4
 124 004f 03       		.uleb128 0x3
 125 0050 04       		.byte	0x4
 126 0051 05       		.byte	0x5
 127 0052 3F010000 		.4byte	.LASF5
 128 0056 03       		.uleb128 0x3
 129 0057 04       		.byte	0x4
 130 0058 07       		.byte	0x7
 131 0059 2D000000 		.4byte	.LASF6
 132 005d 03       		.uleb128 0x3
 133 005e 08       		.byte	0x8
 134 005f 05       		.byte	0x5
 135 0060 00000000 		.4byte	.LASF7
 136 0064 03       		.uleb128 0x3
 137 0065 08       		.byte	0x8
 138 0066 07       		.byte	0x7
 139 0067 3F000000 		.4byte	.LASF8
 140 006b 03       		.uleb128 0x3
 141 006c 04       		.byte	0x4
 142 006d 07       		.byte	0x7
 143 006e C0010000 		.4byte	.LASF9
 144 0072 03       		.uleb128 0x3
 145 0073 01       		.byte	0x1
 146 0074 08       		.byte	0x8
 147 0075 3A010000 		.4byte	.LASF10
 148 0079 04       		.uleb128 0x4
 149 007a 27000000 		.4byte	.LASF11
 150 007e 02       		.byte	0x2
 151 007f 9201     		.2byte	0x192
 152 0081 3A000000 		.4byte	0x3a
ARM GAS  C:\Users\sajibu\AppData\Local\Temp\ccFyzzGe.s 			page 5


 153 0085 04       		.uleb128 0x4
 154 0086 C9010000 		.4byte	.LASF12
 155 008a 02       		.byte	0x2
 156 008b 9701     		.2byte	0x197
 157 008d 4F000000 		.4byte	0x4f
 158 0091 03       		.uleb128 0x3
 159 0092 04       		.byte	0x4
 160 0093 04       		.byte	0x4
 161 0094 AB010000 		.4byte	.LASF13
 162 0098 03       		.uleb128 0x3
 163 0099 08       		.byte	0x8
 164 009a 04       		.byte	0x4
 165 009b 60010000 		.4byte	.LASF14
 166 009f 04       		.uleb128 0x4
 167 00a0 BB010000 		.4byte	.LASF15
 168 00a4 02       		.byte	0x2
 169 00a5 3C02     		.2byte	0x23c
 170 00a7 AB000000 		.4byte	0xab
 171 00ab 05       		.uleb128 0x5
 172 00ac 79000000 		.4byte	0x79
 173 00b0 06       		.uleb128 0x6
 174 00b1 1B000000 		.4byte	.LASF19
 175 00b5 01       		.byte	0x1
 176 00b6 2E       		.byte	0x2e
 177 00b7 00000000 		.4byte	.LFB0
 178 00bb 40000000 		.4byte	.LFE0-.LFB0
 179 00bf 01       		.uleb128 0x1
 180 00c0 9C       		.byte	0x9c
 181 00c1 D5000000 		.4byte	0xd5
 182 00c5 07       		.uleb128 0x7
 183 00c6 56000000 		.4byte	.LASF20
 184 00ca 01       		.byte	0x1
 185 00cb 30       		.byte	0x30
 186 00cc 79000000 		.4byte	0x79
 187 00d0 00000000 		.4byte	.LLST0
 188 00d4 00       		.byte	0
 189 00d5 08       		.uleb128 0x8
 190 00d6 48010000 		.4byte	.LASF21
 191 00da 01       		.byte	0x1
 192 00db 17       		.byte	0x17
 193 00dc E6000000 		.4byte	0xe6
 194 00e0 05       		.uleb128 0x5
 195 00e1 03       		.byte	0x3
 196 00e2 00000000 		.4byte	QuadDec_count32SoftPart
 197 00e6 05       		.uleb128 0x5
 198 00e7 85000000 		.4byte	0x85
 199 00eb 00       		.byte	0
 200              		.section	.debug_abbrev,"",%progbits
 201              	.Ldebug_abbrev0:
 202 0000 01       		.uleb128 0x1
 203 0001 11       		.uleb128 0x11
 204 0002 01       		.byte	0x1
 205 0003 25       		.uleb128 0x25
 206 0004 0E       		.uleb128 0xe
 207 0005 13       		.uleb128 0x13
 208 0006 0B       		.uleb128 0xb
 209 0007 03       		.uleb128 0x3
ARM GAS  C:\Users\sajibu\AppData\Local\Temp\ccFyzzGe.s 			page 6


 210 0008 0E       		.uleb128 0xe
 211 0009 1B       		.uleb128 0x1b
 212 000a 0E       		.uleb128 0xe
 213 000b 55       		.uleb128 0x55
 214 000c 17       		.uleb128 0x17
 215 000d 11       		.uleb128 0x11
 216 000e 01       		.uleb128 0x1
 217 000f 10       		.uleb128 0x10
 218 0010 17       		.uleb128 0x17
 219 0011 00       		.byte	0
 220 0012 00       		.byte	0
 221 0013 02       		.uleb128 0x2
 222 0014 24       		.uleb128 0x24
 223 0015 00       		.byte	0
 224 0016 0B       		.uleb128 0xb
 225 0017 0B       		.uleb128 0xb
 226 0018 3E       		.uleb128 0x3e
 227 0019 0B       		.uleb128 0xb
 228 001a 03       		.uleb128 0x3
 229 001b 08       		.uleb128 0x8
 230 001c 00       		.byte	0
 231 001d 00       		.byte	0
 232 001e 03       		.uleb128 0x3
 233 001f 24       		.uleb128 0x24
 234 0020 00       		.byte	0
 235 0021 0B       		.uleb128 0xb
 236 0022 0B       		.uleb128 0xb
 237 0023 3E       		.uleb128 0x3e
 238 0024 0B       		.uleb128 0xb
 239 0025 03       		.uleb128 0x3
 240 0026 0E       		.uleb128 0xe
 241 0027 00       		.byte	0
 242 0028 00       		.byte	0
 243 0029 04       		.uleb128 0x4
 244 002a 16       		.uleb128 0x16
 245 002b 00       		.byte	0
 246 002c 03       		.uleb128 0x3
 247 002d 0E       		.uleb128 0xe
 248 002e 3A       		.uleb128 0x3a
 249 002f 0B       		.uleb128 0xb
 250 0030 3B       		.uleb128 0x3b
 251 0031 05       		.uleb128 0x5
 252 0032 49       		.uleb128 0x49
 253 0033 13       		.uleb128 0x13
 254 0034 00       		.byte	0
 255 0035 00       		.byte	0
 256 0036 05       		.uleb128 0x5
 257 0037 35       		.uleb128 0x35
 258 0038 00       		.byte	0
 259 0039 49       		.uleb128 0x49
 260 003a 13       		.uleb128 0x13
 261 003b 00       		.byte	0
 262 003c 00       		.byte	0
 263 003d 06       		.uleb128 0x6
 264 003e 2E       		.uleb128 0x2e
 265 003f 01       		.byte	0x1
 266 0040 3F       		.uleb128 0x3f
ARM GAS  C:\Users\sajibu\AppData\Local\Temp\ccFyzzGe.s 			page 7


 267 0041 19       		.uleb128 0x19
 268 0042 03       		.uleb128 0x3
 269 0043 0E       		.uleb128 0xe
 270 0044 3A       		.uleb128 0x3a
 271 0045 0B       		.uleb128 0xb
 272 0046 3B       		.uleb128 0x3b
 273 0047 0B       		.uleb128 0xb
 274 0048 27       		.uleb128 0x27
 275 0049 19       		.uleb128 0x19
 276 004a 11       		.uleb128 0x11
 277 004b 01       		.uleb128 0x1
 278 004c 12       		.uleb128 0x12
 279 004d 06       		.uleb128 0x6
 280 004e 40       		.uleb128 0x40
 281 004f 18       		.uleb128 0x18
 282 0050 9742     		.uleb128 0x2117
 283 0052 19       		.uleb128 0x19
 284 0053 01       		.uleb128 0x1
 285 0054 13       		.uleb128 0x13
 286 0055 00       		.byte	0
 287 0056 00       		.byte	0
 288 0057 07       		.uleb128 0x7
 289 0058 34       		.uleb128 0x34
 290 0059 00       		.byte	0
 291 005a 03       		.uleb128 0x3
 292 005b 0E       		.uleb128 0xe
 293 005c 3A       		.uleb128 0x3a
 294 005d 0B       		.uleb128 0xb
 295 005e 3B       		.uleb128 0x3b
 296 005f 0B       		.uleb128 0xb
 297 0060 49       		.uleb128 0x49
 298 0061 13       		.uleb128 0x13
 299 0062 02       		.uleb128 0x2
 300 0063 17       		.uleb128 0x17
 301 0064 00       		.byte	0
 302 0065 00       		.byte	0
 303 0066 08       		.uleb128 0x8
 304 0067 34       		.uleb128 0x34
 305 0068 00       		.byte	0
 306 0069 03       		.uleb128 0x3
 307 006a 0E       		.uleb128 0xe
 308 006b 3A       		.uleb128 0x3a
 309 006c 0B       		.uleb128 0xb
 310 006d 3B       		.uleb128 0x3b
 311 006e 0B       		.uleb128 0xb
 312 006f 49       		.uleb128 0x49
 313 0070 13       		.uleb128 0x13
 314 0071 3F       		.uleb128 0x3f
 315 0072 19       		.uleb128 0x19
 316 0073 02       		.uleb128 0x2
 317 0074 18       		.uleb128 0x18
 318 0075 00       		.byte	0
 319 0076 00       		.byte	0
 320 0077 00       		.byte	0
 321              		.section	.debug_loc,"",%progbits
 322              	.Ldebug_loc0:
 323              	.LLST0:
ARM GAS  C:\Users\sajibu\AppData\Local\Temp\ccFyzzGe.s 			page 8


 324 0000 06000000 		.4byte	.LVL0
 325 0004 34000000 		.4byte	.LVL1
 326 0008 0100     		.2byte	0x1
 327 000a 53       		.byte	0x53
 328 000b 00000000 		.4byte	0
 329 000f 00000000 		.4byte	0
 330              		.section	.debug_aranges,"",%progbits
 331 0000 1C000000 		.4byte	0x1c
 332 0004 0200     		.2byte	0x2
 333 0006 00000000 		.4byte	.Ldebug_info0
 334 000a 04       		.byte	0x4
 335 000b 00       		.byte	0
 336 000c 0000     		.2byte	0
 337 000e 0000     		.2byte	0
 338 0010 00000000 		.4byte	.LFB0
 339 0014 40000000 		.4byte	.LFE0-.LFB0
 340 0018 00000000 		.4byte	0
 341 001c 00000000 		.4byte	0
 342              		.section	.debug_ranges,"",%progbits
 343              	.Ldebug_ranges0:
 344 0000 00000000 		.4byte	.LFB0
 345 0004 40000000 		.4byte	.LFE0
 346 0008 00000000 		.4byte	0
 347 000c 00000000 		.4byte	0
 348              		.section	.debug_line,"",%progbits
 349              	.Ldebug_line0:
 350 0000 66000000 		.section	.debug_str,"MS",%progbits,1
 350      02004800 
 350      00000201 
 350      FB0E0D00 
 350      01010101 
 351              	.LASF7:
 352 0000 6C6F6E67 		.ascii	"long long int\000"
 352      206C6F6E 
 352      6720696E 
 352      7400
 353              	.LASF0:
 354 000e 756E7369 		.ascii	"unsigned int\000"
 354      676E6564 
 354      20696E74 
 354      00
 355              	.LASF19:
 356 001b 51756164 		.ascii	"QuadDec_ISR\000"
 356      4465635F 
 356      49535200 
 357              	.LASF11:
 358 0027 75696E74 		.ascii	"uint8\000"
 358      3800
 359              	.LASF6:
 360 002d 6C6F6E67 		.ascii	"long unsigned int\000"
 360      20756E73 
 360      69676E65 
 360      6420696E 
 360      7400
 361              	.LASF8:
 362 003f 6C6F6E67 		.ascii	"long long unsigned int\000"
 362      206C6F6E 
ARM GAS  C:\Users\sajibu\AppData\Local\Temp\ccFyzzGe.s 			page 9


 362      6720756E 
 362      7369676E 
 362      65642069 
 363              	.LASF20:
 364 0056 51756164 		.ascii	"QuadDec_swStatus\000"
 364      4465635F 
 364      73775374 
 364      61747573 
 364      00
 365              	.LASF16:
 366 0067 474E5520 		.ascii	"GNU C 4.9.3 20150303 (release) [ARM/embedded-4_9-br"
 366      4320342E 
 366      392E3320 
 366      32303135 
 366      30333033 
 367 009a 616E6368 		.ascii	"anch revision 221220] -mcpu=cortex-m3 -mthumb -g -O"
 367      20726576 
 367      6973696F 
 367      6E203232 
 367      31323230 
 368 00cd 67202D66 		.ascii	"g -ffunction-sections -ffat-lto-objects\000"
 368      66756E63 
 368      74696F6E 
 368      2D736563 
 368      74696F6E 
 369              	.LASF18:
 370 00f5 433A5C55 		.ascii	"C:\\Users\\sajibu\\Desktop\\PSoC\\Cualquiera\\Desig"
 370      73657273 
 370      5C73616A 
 370      6962755C 
 370      4465736B 
 371 0122 6E30312E 		.ascii	"n01.cydsn\000"
 371      63796473 
 371      6E00
 372              	.LASF2:
 373 012c 756E7369 		.ascii	"unsigned char\000"
 373      676E6564 
 373      20636861 
 373      7200
 374              	.LASF10:
 375 013a 63686172 		.ascii	"char\000"
 375      00
 376              	.LASF5:
 377 013f 6C6F6E67 		.ascii	"long int\000"
 377      20696E74 
 377      00
 378              	.LASF21:
 379 0148 51756164 		.ascii	"QuadDec_count32SoftPart\000"
 379      4465635F 
 379      636F756E 
 379      74333253 
 379      6F667450 
 380              	.LASF14:
 381 0160 646F7562 		.ascii	"double\000"
 381      6C6500
 382              	.LASF4:
 383 0167 73686F72 		.ascii	"short unsigned int\000"
ARM GAS  C:\Users\sajibu\AppData\Local\Temp\ccFyzzGe.s 			page 10


 383      7420756E 
 383      7369676E 
 383      65642069 
 383      6E7400
 384              	.LASF1:
 385 017a 7369676E 		.ascii	"signed char\000"
 385      65642063 
 385      68617200 
 386              	.LASF17:
 387 0186 47656E65 		.ascii	"Generated_Source\\PSoC5\\QuadDec_INT.c\000"
 387      72617465 
 387      645F536F 
 387      75726365 
 387      5C50536F 
 388              	.LASF13:
 389 01ab 666C6F61 		.ascii	"float\000"
 389      7400
 390              	.LASF3:
 391 01b1 73686F72 		.ascii	"short int\000"
 391      7420696E 
 391      7400
 392              	.LASF15:
 393 01bb 72656738 		.ascii	"reg8\000"
 393      00
 394              	.LASF9:
 395 01c0 73697A65 		.ascii	"sizetype\000"
 395      74797065 
 395      00
 396              	.LASF12:
 397 01c9 696E7433 		.ascii	"int32\000"
 397      3200
 398              		.ident	"GCC: (GNU Tools for ARM Embedded Processors) 4.9.3 20150303 (release) [ARM/embedded-4_9-br
